<?xml version="1.0" encoding="UTF-8" ?>
<testsuite errors="0" failures="3" hostname="LingzhiXiangs-MacBook-Pro.local" name="org.openqa.selenium.javascript.ClosureTestSuite" tests="53" time="51.97" timestamp="2014-03-23T08:13:48">
  <properties>
[...]
</properties>
  <testcase classname="junit.framework.JUnit4TestCaseFacade" name="javascript/atoms/test/action_test" time="1.072" />
  <testcase classname="junit.framework.JUnit4TestCaseFacade" name="javascript/atoms/test/attribute_test" time="0.699" />
  <testcase classname="junit.framework.JUnit4TestCaseFacade" name="javascript/atoms/test/child_locator_test" time="0.686" />
  <testcase classname="junit.framework.JUnit4TestCaseFacade" name="javascript/atoms/test/click_link_test" time="1.917" />
  <testcase classname="junit.framework.JUnit4TestCaseFacade" name="javascript/atoms/test/click_submit_test" time="0.93" />
  <testcase classname="junit.framework.JUnit4TestCaseFacade" name="javascript/atoms/test/click_test" time="0.86" />
  <testcase classname="junit.framework.JUnit4TestCaseFacade" name="javascript/atoms/test/clientrect_test" time="0.664" />
  <testcase classname="junit.framework.JUnit4TestCaseFacade" name="javascript/atoms/test/color_test" time="0.643" />
  <testcase classname="junit.framework.JUnit4TestCaseFacade" name="javascript/atoms/test/dom_test" time="0.67" />
  <testcase classname="junit.framework.JUnit4TestCaseFacade" name="javascript/atoms/test/drag_test" time="0.7" />
  <testcase classname="junit.framework.JUnit4TestCaseFacade" name="javascript/atoms/test/enabled_test" time="0.661" />
  <testcase classname="junit.framework.JUnit4TestCaseFacade" name="javascript/atoms/test/enter_submit_test" time="0.722" />
  <testcase classname="junit.framework.JUnit4TestCaseFacade" name="javascript/atoms/test/error_test" time="0.65" />
  <testcase classname="junit.framework.JUnit4TestCaseFacade" name="javascript/atoms/test/events_test" time="0.683" />
  <testcase classname="junit.framework.JUnit4TestCaseFacade" name="javascript/atoms/test/focus_test" time="0.804" />
  <testcase classname="junit.framework.JUnit4TestCaseFacade" name="javascript/atoms/test/frame_scroll_test" time="0.673" />
  <testcase classname="junit.framework.JUnit4TestCaseFacade" name="javascript/atoms/test/frame_size_test" time="0.691" />
  <testcase classname="junit.framework.JUnit4TestCaseFacade" name="javascript/atoms/test/frame_test" time="0.74" />
  <testcase classname="junit.framework.JUnit4TestCaseFacade" name="javascript/atoms/test/gestures_test" time="0.652" />
  <testcase classname="junit.framework.JUnit4TestCaseFacade" name="javascript/atoms/test/history_test" time="1.745">
    <failure message="Untitled Test Case [FAILED]&#xa;localhost:39296/javascript/atoms/test/history_test.html&#xa;4 of 4 tests run in 1010ms.&#xa;2 passed, 2 failed.&#xa;253 ms/test. 82 files loaded.&#xa;.&#xa;16:14:06.713  Start&#xa;16:14:06.716  testBackForwardMultiplePages [waiting for window to load http://localhost:39296/javascript/atoms/test/testdata/history_page1.html] : FAILED&#xa;16:14:06.717  ERROR in testBackForwardMultiplePages [waiting for window to load http://localhost:39296/javascript/atoms/test/testdata/history_page1.html]&#xa;window.open() failed: is a pop-up blocker enabled?&#xa;Call to assertTrue(boolean) with false&#xa;&gt; _assert at http://localhost:39296/third_party/closure/goog/testing/asynctestcase.js:560:31&#xa;&gt; assertTrue at http://localhost:39296/third_party/closure/goog/testing/asserts.js:346:10&#xa;&gt; load at http://localhost:39296/javascript/atoms/test/history_test.html:106:17&#xa;&gt; testBackForwardMultiplePages at http://localhost:39296/javascript/atoms/test/history_test.html:169:9&#xa;&gt; execute at http://localhost:39296/third_party/closure/goog/testing/testcase.js:1055:16&#xa;&gt; doExecute_ at http://localhost:39296/third_party/closure/goog/testing/asynctestcase.js:802:26&#xa;&gt; (unknown)&#xa;&gt; callTopOfStackFunc_ at http://localhost:39296/third_party/closure/goog/testing/asynctestcase.js:682:14&#xa;&gt; pump_ at http://localhost:39296/third_party/closure/goog/testing/asynctestcase.js:731:35&#xa;&gt; runTests at http://localhost:39296/third_party/closure/goog/testing/asynctestcase.js:434:13&#xa;&gt; execute at http://localhost:39296/third_party/closure/goog/testing/testrunner.js:257:25&#xa;&gt; (unknown)&#xa;&#xa;16:14:07.219  testBackForwardOnePage [waiting for window to load http://localhost:39296/javascript/atoms/test/testdata/history_page1.html] : FAILED&#xa;16:14:07.219  ERROR in testBackForwardOnePage [waiting for window to load http://localhost:39296/javascript/atoms/test/testdata/history_page1.html]&#xa;window.open() failed: is a pop-up blocker enabled?&#xa;Call to assertTrue(boolean) with false&#xa;&gt; _assert at http://localhost:39296/third_party/closure/goog/testing/asynctestcase.js:560:31&#xa;&gt; assertTrue at http://localhost:39296/third_party/closure/goog/testing/asserts.js:346:10&#xa;&gt; load at http://localhost:39296/javascript/atoms/test/history_test.html:106:17&#xa;&gt; testBackForwardOnePage at http://localhost:39296/javascript/atoms/test/history_test.html:153:9&#xa;&gt; execute at http://localhost:39296/third_party/closure/goog/testing/testcase.js:1055:16&#xa;&gt; doExecute_ at http://localhost:39296/third_party/closure/goog/testing/asynctestcase.js:802:26&#xa;&gt; (unknown)&#xa;&gt; callTopOfStackFunc_ at http://localhost:39296/third_party/closure/goog/testing/asynctestcase.js:682:14&#xa;&gt; pump_ at http://localhost:39296/third_party/closure/goog/testing/asynctestcase.js:731:35&#xa;&gt; (unknown)&#xa;&#xa;16:14:07.721  testErrorThrowWhenNumPagesNotLessThanHistoryLength : PASSED&#xa;16:14:07.723  testErrorThrownWhenNumPagesNonPositive : PASSED&#xa;16:14:07.723  Done&#xa; " type="junit.framework.AssertionFailedError">junit.framework.AssertionFailedError: Untitled Test Case [FAILED]
localhost:39296/javascript/atoms/test/history_test.html
4 of 4 tests run in 1010ms.
2 passed, 2 failed.
253 ms/test. 82 files loaded.
.
16:14:06.713  Start
16:14:06.716  testBackForwardMultiplePages [waiting for window to load http://localhost:39296/javascript/atoms/test/testdata/history_page1.html] : FAILED
16:14:06.717  ERROR in testBackForwardMultiplePages [waiting for window to load http://localhost:39296/javascript/atoms/test/testdata/history_page1.html]
window.open() failed: is a pop-up blocker enabled?
Call to assertTrue(boolean) with false
&gt; _assert at http://localhost:39296/third_party/closure/goog/testing/asynctestcase.js:560:31
&gt; assertTrue at http://localhost:39296/third_party/closure/goog/testing/asserts.js:346:10
&gt; load at http://localhost:39296/javascript/atoms/test/history_test.html:106:17
&gt; testBackForwardMultiplePages at http://localhost:39296/javascript/atoms/test/history_test.html:169:9
&gt; execute at http://localhost:39296/third_party/closure/goog/testing/testcase.js:1055:16
&gt; doExecute_ at http://localhost:39296/third_party/closure/goog/testing/asynctestcase.js:802:26
&gt; (unknown)
&gt; callTopOfStackFunc_ at http://localhost:39296/third_party/closure/goog/testing/asynctestcase.js:682:14
&gt; pump_ at http://localhost:39296/third_party/closure/goog/testing/asynctestcase.js:731:35
&gt; runTests at http://localhost:39296/third_party/closure/goog/testing/asynctestcase.js:434:13
&gt; execute at http://localhost:39296/third_party/closure/goog/testing/testrunner.js:257:25
&gt; (unknown)

16:14:07.219  testBackForwardOnePage [waiting for window to load http://localhost:39296/javascript/atoms/test/testdata/history_page1.html] : FAILED
16:14:07.219  ERROR in testBackForwardOnePage [waiting for window to load http://localhost:39296/javascript/atoms/test/testdata/history_page1.html]
window.open() failed: is a pop-up blocker enabled?
Call to assertTrue(boolean) with false
&gt; _assert at http://localhost:39296/third_party/closure/goog/testing/asynctestcase.js:560:31
&gt; assertTrue at http://localhost:39296/third_party/closure/goog/testing/asserts.js:346:10
&gt; load at http://localhost:39296/javascript/atoms/test/history_test.html:106:17
&gt; testBackForwardOnePage at http://localhost:39296/javascript/atoms/test/history_test.html:153:9
&gt; execute at http://localhost:39296/third_party/closure/goog/testing/testcase.js:1055:16
&gt; doExecute_ at http://localhost:39296/third_party/closure/goog/testing/asynctestcase.js:802:26
&gt; (unknown)
&gt; callTopOfStackFunc_ at http://localhost:39296/third_party/closure/goog/testing/asynctestcase.js:682:14
&gt; pump_ at http://localhost:39296/third_party/closure/goog/testing/asynctestcase.js:731:35
&gt; (unknown)

16:14:07.721  testErrorThrowWhenNumPagesNotLessThanHistoryLength : PASSED
16:14:07.723  testErrorThrownWhenNumPagesNonPositive : PASSED
16:14:07.723  Done
 
</failure>
  </testcase>
  <testcase classname="junit.framework.JUnit4TestCaseFacade" name="javascript/atoms/test/html5/appcache_test" time="0.656" />
  <testcase classname="junit.framework.JUnit4TestCaseFacade" name="javascript/atoms/test/html5/connection_test" time="0.647" />
  <testcase classname="junit.framework.JUnit4TestCaseFacade" name="javascript/atoms/test/html5/database_test" time="6.596" />
  <testcase classname="junit.framework.JUnit4TestCaseFacade" name="javascript/atoms/test/html5/location_test" time="0.662" />
  <testcase classname="junit.framework.JUnit4TestCaseFacade" name="javascript/atoms/test/html5/nested_window_storage_test" time="0.734" />
  <testcase classname="junit.framework.JUnit4TestCaseFacade" name="javascript/atoms/test/html5/no_manifest_appcache_test" time="0.664" />
  <testcase classname="junit.framework.JUnit4TestCaseFacade" name="javascript/atoms/test/html5/storage_test" time="0.653" />
  <testcase classname="junit.framework.JUnit4TestCaseFacade" name="javascript/atoms/test/inject_test" time="0.812" />
  <testcase classname="junit.framework.JUnit4TestCaseFacade" name="javascript/atoms/test/interactable_size_test" time="0.675" />
  <testcase classname="junit.framework.JUnit4TestCaseFacade" name="javascript/atoms/test/keyboard_test" time="0.69" />
  <testcase classname="junit.framework.JUnit4TestCaseFacade" name="javascript/atoms/test/locator_test" time="0.695" />
  <testcase classname="junit.framework.JUnit4TestCaseFacade" name="javascript/atoms/test/mouse_test" time="0.72" />
  <testcase classname="junit.framework.JUnit4TestCaseFacade" name="javascript/atoms/test/opacity_test" time="0.673" />
  <testcase classname="junit.framework.JUnit4TestCaseFacade" name="javascript/atoms/test/orientation_test" time="0.661" />
  <testcase classname="junit.framework.JUnit4TestCaseFacade" name="javascript/atoms/test/overflow_test" time="0.998" />
  <testcase classname="junit.framework.JUnit4TestCaseFacade" name="javascript/atoms/test/property_test" time="0.671" />
  <testcase classname="junit.framework.JUnit4TestCaseFacade" name="javascript/atoms/test/response_test" time="0.661" />
  <testcase classname="junit.framework.JUnit4TestCaseFacade" name="javascript/atoms/test/scrolling_test" time="0.714" />
  <testcase classname="junit.framework.JUnit4TestCaseFacade" name="javascript/atoms/test/select_test" time="0.827">
    <failure message="select_test.html [FAILED]&#xa;localhost:39296/javascript/atoms/test/select_test.html&#xa;34 of 34 tests run in 138ms.&#xa;28 passed, 6 failed.&#xa;4 ms/test. 91 files loaded.&#xa;.&#xa;16:14:27.075  Start&#xa;16:14:27.089  testClickCanSelectAnEnabledOptionFromASelectWithADisabledOption : PASSED&#xa;16:14:27.092  testClickCanSelectAnOptionFromASingleSelect : PASSED&#xa;16:14:27.096  testClickCanSelectOptionFromTransparentSelect : PASSED&#xa;16:14:27.103  testClickCanSelectOptionWhenDefaultPrevented : FAILED&#xa;16:14:27.104  ERROR in testClickCanSelectOptionWhenDefaultPrevented&#xa;Unexpected number of changes&#xa;Expected &lt;1&gt; (Number) but was &lt;0&gt; (Number)&#xa;&gt; assertEquals at http://localhost:39296/third_party/closure/goog/testing/asserts.js:374:10&#xa;&gt; assertChanges at http://localhost:39296/javascript/atoms/test/select_test.html:64:19&#xa;&gt; assertCanSelectWhenDefaultPrevented at http://localhost:39296/javascript/atoms/test/select_test.html:316:22&#xa;&gt; canSelectOptionWhenDefaultPrevented at http://localhost:39296/javascript/atoms/test/select_test.html:321:42&#xa;&gt; (unknown)&#xa;&gt; execute at http://localhost:39296/third_party/closure/goog/testing/testcase.js:1055:16&#xa;&gt; cycleTests at http://localhost:39296/third_party/closure/goog/testing/testcase.js:825:25&#xa;&gt; execute at http://localhost:39296/third_party/closure/goog/testing/testcase.js:424:18&#xa;&gt; runTests at http://localhost:39296/third_party/closure/goog/testing/testcase.js:585:15&#xa;&gt; execute at http://localhost:39296/third_party/closure/goog/testing/testrunner.js:257:25&#xa;&gt; (unknown)&#xa;&#xa;16:14:27.110  testClickCanSelectRadioButtons : PASSED&#xa;16:14:27.116  testClickCanToggleCheckboxes : PASSED&#xa;16:14:27.121  testClickCanToggleOptionsInAMultiSelect : FAILED&#xa;16:14:27.122  ERROR in testClickCanToggleOptionsInAMultiSelect&#xa;Unexpected number of changes&#xa;Expected &lt;3&gt; (Number) but was &lt;0&gt; (Number)&#xa;&gt; assertEquals at http://localhost:39296/third_party/closure/goog/testing/asserts.js:374:10&#xa;&gt; assertChanges at http://localhost:39296/javascript/atoms/test/select_test.html:64:19&#xa;&gt; canToggleOptionsInAMultiSelect at http://localhost:39296/javascript/atoms/test/select_test.html:185:20&#xa;&gt; (unknown)&#xa;&gt; execute at http://localhost:39296/third_party/closure/goog/testing/testcase.js:1055:16&#xa;&gt; cycleTests at http://localhost:39296/third_party/closure/goog/testing/testcase.js:825:25&#xa;&gt; execute at http://localhost:39296/third_party/closure/goog/testing/testcase.js:424:18&#xa;&gt; runTests at http://localhost:39296/third_party/closure/goog/testing/testcase.js:585:15&#xa;&gt; execute at http://localhost:39296/third_party/closure/goog/testing/testrunner.js:257:25&#xa;&gt; (unknown)&#xa;&#xa;16:14:27.124  testClickCannotDeselectAnOptionFromASingleSelect : PASSED&#xa;16:14:27.128  testClickCannotDeselectRadioButtons : PASSED&#xa;16:14:27.132  testClickCannotSelectAnOptionFromADisabled : PASSED&#xa;16:14:27.134  testClickCannotSelectCheckboxWhenDefaultPrevented : PASSED&#xa;16:14:27.140  testClickCannotSelectDisabledElements : PASSED&#xa;16:14:27.142  testClickMaybeSelectRadioButtonWhenDefaultPrevented : PASSED&#xa;16:14:27.145  testClickNoErrorAfterSelectWhenOnChangePreventsDefault : PASSED&#xa;16:14:27.146  testClickPointerCaptureFiresOnCheckboxToggle : PASSED&#xa;16:14:27.151  testClickSelectOptionTriggersJQueryChangeHandler : PASSED&#xa;16:14:27.155  testClickTogglesByTheTimeChangeEventFires : FAILED&#xa;16:14:27.156  ERROR in testClickTogglesByTheTimeChangeEventFires&#xa;change event did not fire&#xa;Expected not to be &lt;null&gt;&#xa;&gt; assertNotNull at http://localhost:39296/third_party/closure/goog/testing/asserts.js:412:10&#xa;&gt; checkToggleAtChange at http://localhost:39296/javascript/atoms/test/select_test.html:512:22&#xa;&gt; togglesByTheTimeChangeEventFires at http://localhost:39296/javascript/atoms/test/select_test.html:493:26&#xa;&gt; (unknown)&#xa;&gt; execute at http://localhost:39296/third_party/closure/goog/testing/testcase.js:1055:16&#xa;&gt; cycleTests at http://localhost:39296/third_party/closure/goog/testing/testcase.js:825:25&#xa;&gt; execute at http://localhost:39296/third_party/closure/goog/testing/testcase.js:424:18&#xa;&gt; runTests at http://localhost:39296/third_party/closure/goog/testing/testcase.js:585:15&#xa;&gt; execute at http://localhost:39296/third_party/closure/goog/testing/testrunner.js:257:25&#xa;&gt; (unknown)&#xa;&#xa;16:14:27.158  testTapCanSelectAnEnabledOptionFromASelectWithADisabledOption : PASSED&#xa;16:14:27.160  testTapCanSelectAnOptionFromASingleSelect : PASSED&#xa;16:14:27.163  testTapCanSelectOptionFromTransparentSelect : PASSED&#xa;16:14:27.168  testTapCanSelectOptionWhenDefaultPrevented : FAILED&#xa;16:14:27.169  ERROR in testTapCanSelectOptionWhenDefaultPrevented&#xa;Unexpected number of changes&#xa;Expected &lt;1&gt; (Number) but was &lt;0&gt; (Number)&#xa;&gt; assertEquals at http://localhost:39296/third_party/closure/goog/testing/asserts.js:374:10&#xa;&gt; assertChanges at http://localhost:39296/javascript/atoms/test/select_test.html:64:19&#xa;&gt; assertCanSelectWhenDefaultPrevented at http://localhost:39296/javascript/atoms/test/select_test.html:316:22&#xa;&gt; canSelectOptionWhenDefaultPrevented at http://localhost:39296/javascript/atoms/test/select_test.html:321:42&#xa;&gt; (unknown)&#xa;&gt; execute at http://localhost:39296/third_party/closure/goog/testing/testcase.js:1055:16&#xa;&gt; cycleTests at http://localhost:39296/third_party/closure/goog/testing/testcase.js:825:25&#xa;&gt; execute at http://localhost:39296/third_party/closure/goog/testing/testcase.js:424:18&#xa;&gt; runTests at http://localhost:39296/third_party/closure/goog/testing/testcase.js:585:15&#xa;&gt; execute at http://localhost:39296/third_party/closure/goog/testing/testrunner.js:257:25&#xa;&gt; (unknown)&#xa;&#xa;16:14:27.173  testTapCanSelectRadioButtons : PASSED&#xa;16:14:27.178  testTapCanToggleCheckboxes : PASSED&#xa;16:14:27.185  testTapCanToggleOptionsInAMultiSelect : FAILED&#xa;16:14:27.185  ERROR in testTapCanToggleOptionsInAMultiSelect&#xa;Unexpected number of changes&#xa;Expected &lt;3&gt; (Number) but was &lt;0&gt; (Number)&#xa;&gt; assertEquals at http://localhost:39296/third_party/closure/goog/testing/asserts.js:374:10&#xa;&gt; assertChanges at http://localhost:39296/javascript/atoms/test/select_test.html:64:19&#xa;&gt; canToggleOptionsInAMultiSelect at http://localhost:39296/javascript/atoms/test/select_test.html:185:20&#xa;&gt; (unknown)&#xa;&gt; execute at http://localhost:39296/third_party/closure/goog/testing/testcase.js:1055:16&#xa;&gt; cycleTests at http://localhost:39296/third_party/closure/goog/testing/testcase.js:825:25&#xa;&gt; execute at http://localhost:39296/third_party/closure/goog/testing/testcase.js:424:18&#xa;&gt; runTests at http://localhost:39296/third_party/closure/goog/testing/testcase.js:585:15&#xa;&gt; execute at http://localhost:39296/third_party/closure/goog/testing/testrunner.js:257:25&#xa;&gt; (unknown)&#xa;&#xa;16:14:27.187  testTapCannotDeselectAnOptionFromASingleSelect : PASSED&#xa;16:14:27.189  testTapCannotDeselectRadioButtons : PASSED&#xa;16:14:27.191  testTapCannotSelectAnOptionFromADisabled : PASSED&#xa;16:14:27.193  testTapCannotSelectCheckboxWhenDefaultPrevented : PASSED&#xa;16:14:27.197  testTapCannotSelectDisabledElements : PASSED&#xa;16:14:27.200  testTapMaybeSelectRadioButtonWhenDefaultPrevented : PASSED&#xa;16:14:27.203  testTapNoErrorAfterSelectWhenOnChangePreventsDefault : PASSED&#xa;16:14:27.204  testTapPointerCaptureFiresOnCheckboxToggle : PASSED&#xa;16:14:27.207  testTapSelectOptionTriggersJQueryChangeHandler : PASSED&#xa;16:14:27.213  testTapTogglesByTheTimeChangeEventFires : FAILED&#xa;16:14:27.213  ERROR in testTapTogglesByTheTimeChangeEventFires&#xa;change event did not fire&#xa;Expected not to be &lt;null&gt;&#xa;&gt; assertNotNull at http://localhost:39296/third_party/closure/goog/testing/asserts.js:412:10&#xa;&gt; checkToggleAtChange at http://localhost:39296/javascript/atoms/test/select_test.html:512:22&#xa;&gt; togglesByTheTimeChangeEventFires at http://localhost:39296/javascript/atoms/test/select_test.html:493:26&#xa;&gt; (unknown)&#xa;&gt; execute at http://localhost:39296/third_party/closure/goog/testing/testcase.js:1055:16&#xa;&gt; cycleTests at http://localhost:39296/third_party/closure/goog/testing/testcase.js:825:25&#xa;&gt; execute at http://localhost:39296/third_party/closure/goog/testing/testcase.js:424:18&#xa;&gt; runTests at http://localhost:39296/third_party/closure/goog/testing/testcase.js:585:15&#xa;&gt; execute at http://localhost:39296/third_party/closure/goog/testing/testrunner.js:257:25&#xa;&gt; (unknown)&#xa;&#xa;16:14:27.213  Done&#xa; " type="junit.framework.AssertionFailedError">junit.framework.AssertionFailedError: select_test.html [FAILED]
localhost:39296/javascript/atoms/test/select_test.html
34 of 34 tests run in 138ms.
28 passed, 6 failed.
4 ms/test. 91 files loaded.
.
16:14:27.075  Start
16:14:27.089  testClickCanSelectAnEnabledOptionFromASelectWithADisabledOption : PASSED
16:14:27.092  testClickCanSelectAnOptionFromASingleSelect : PASSED
16:14:27.096  testClickCanSelectOptionFromTransparentSelect : PASSED
16:14:27.103  testClickCanSelectOptionWhenDefaultPrevented : FAILED
16:14:27.104  ERROR in testClickCanSelectOptionWhenDefaultPrevented
Unexpected number of changes
Expected &lt;1&gt; (Number) but was &lt;0&gt; (Number)
&gt; assertEquals at http://localhost:39296/third_party/closure/goog/testing/asserts.js:374:10
&gt; assertChanges at http://localhost:39296/javascript/atoms/test/select_test.html:64:19
&gt; assertCanSelectWhenDefaultPrevented at http://localhost:39296/javascript/atoms/test/select_test.html:316:22
&gt; canSelectOptionWhenDefaultPrevented at http://localhost:39296/javascript/atoms/test/select_test.html:321:42
&gt; (unknown)
&gt; execute at http://localhost:39296/third_party/closure/goog/testing/testcase.js:1055:16
&gt; cycleTests at http://localhost:39296/third_party/closure/goog/testing/testcase.js:825:25
&gt; execute at http://localhost:39296/third_party/closure/goog/testing/testcase.js:424:18
&gt; runTests at http://localhost:39296/third_party/closure/goog/testing/testcase.js:585:15
&gt; execute at http://localhost:39296/third_party/closure/goog/testing/testrunner.js:257:25
&gt; (unknown)

16:14:27.110  testClickCanSelectRadioButtons : PASSED
16:14:27.116  testClickCanToggleCheckboxes : PASSED
16:14:27.121  testClickCanToggleOptionsInAMultiSelect : FAILED
16:14:27.122  ERROR in testClickCanToggleOptionsInAMultiSelect
Unexpected number of changes
Expected &lt;3&gt; (Number) but was &lt;0&gt; (Number)
&gt; assertEquals at http://localhost:39296/third_party/closure/goog/testing/asserts.js:374:10
&gt; assertChanges at http://localhost:39296/javascript/atoms/test/select_test.html:64:19
&gt; canToggleOptionsInAMultiSelect at http://localhost:39296/javascript/atoms/test/select_test.html:185:20
&gt; (unknown)
&gt; execute at http://localhost:39296/third_party/closure/goog/testing/testcase.js:1055:16
&gt; cycleTests at http://localhost:39296/third_party/closure/goog/testing/testcase.js:825:25
&gt; execute at http://localhost:39296/third_party/closure/goog/testing/testcase.js:424:18
&gt; runTests at http://localhost:39296/third_party/closure/goog/testing/testcase.js:585:15
&gt; execute at http://localhost:39296/third_party/closure/goog/testing/testrunner.js:257:25
&gt; (unknown)

16:14:27.124  testClickCannotDeselectAnOptionFromASingleSelect : PASSED
16:14:27.128  testClickCannotDeselectRadioButtons : PASSED
16:14:27.132  testClickCannotSelectAnOptionFromADisabled : PASSED
16:14:27.134  testClickCannotSelectCheckboxWhenDefaultPrevented : PASSED
16:14:27.140  testClickCannotSelectDisabledElements : PASSED
16:14:27.142  testClickMaybeSelectRadioButtonWhenDefaultPrevented : PASSED
16:14:27.145  testClickNoErrorAfterSelectWhenOnChangePreventsDefault : PASSED
16:14:27.146  testClickPointerCaptureFiresOnCheckboxToggle : PASSED
16:14:27.151  testClickSelectOptionTriggersJQueryChangeHandler : PASSED
16:14:27.155  testClickTogglesByTheTimeChangeEventFires : FAILED
16:14:27.156  ERROR in testClickTogglesByTheTimeChangeEventFires
change event did not fire
Expected not to be &lt;null&gt;
&gt; assertNotNull at http://localhost:39296/third_party/closure/goog/testing/asserts.js:412:10
&gt; checkToggleAtChange at http://localhost:39296/javascript/atoms/test/select_test.html:512:22
&gt; togglesByTheTimeChangeEventFires at http://localhost:39296/javascript/atoms/test/select_test.html:493:26
&gt; (unknown)
&gt; execute at http://localhost:39296/third_party/closure/goog/testing/testcase.js:1055:16
&gt; cycleTests at http://localhost:39296/third_party/closure/goog/testing/testcase.js:825:25
&gt; execute at http://localhost:39296/third_party/closure/goog/testing/testcase.js:424:18
&gt; runTests at http://localhost:39296/third_party/closure/goog/testing/testcase.js:585:15
&gt; execute at http://localhost:39296/third_party/closure/goog/testing/testrunner.js:257:25
&gt; (unknown)

16:14:27.158  testTapCanSelectAnEnabledOptionFromASelectWithADisabledOption : PASSED
16:14:27.160  testTapCanSelectAnOptionFromASingleSelect : PASSED
16:14:27.163  testTapCanSelectOptionFromTransparentSelect : PASSED
16:14:27.168  testTapCanSelectOptionWhenDefaultPrevented : FAILED
16:14:27.169  ERROR in testTapCanSelectOptionWhenDefaultPrevented
Unexpected number of changes
Expected &lt;1&gt; (Number) but was &lt;0&gt; (Number)
&gt; assertEquals at http://localhost:39296/third_party/closure/goog/testing/asserts.js:374:10
&gt; assertChanges at http://localhost:39296/javascript/atoms/test/select_test.html:64:19
&gt; assertCanSelectWhenDefaultPrevented at http://localhost:39296/javascript/atoms/test/select_test.html:316:22
&gt; canSelectOptionWhenDefaultPrevented at http://localhost:39296/javascript/atoms/test/select_test.html:321:42
&gt; (unknown)
&gt; execute at http://localhost:39296/third_party/closure/goog/testing/testcase.js:1055:16
&gt; cycleTests at http://localhost:39296/third_party/closure/goog/testing/testcase.js:825:25
&gt; execute at http://localhost:39296/third_party/closure/goog/testing/testcase.js:424:18
&gt; runTests at http://localhost:39296/third_party/closure/goog/testing/testcase.js:585:15
&gt; execute at http://localhost:39296/third_party/closure/goog/testing/testrunner.js:257:25
&gt; (unknown)

16:14:27.173  testTapCanSelectRadioButtons : PASSED
16:14:27.178  testTapCanToggleCheckboxes : PASSED
16:14:27.185  testTapCanToggleOptionsInAMultiSelect : FAILED
16:14:27.185  ERROR in testTapCanToggleOptionsInAMultiSelect
Unexpected number of changes
Expected &lt;3&gt; (Number) but was &lt;0&gt; (Number)
&gt; assertEquals at http://localhost:39296/third_party/closure/goog/testing/asserts.js:374:10
&gt; assertChanges at http://localhost:39296/javascript/atoms/test/select_test.html:64:19
&gt; canToggleOptionsInAMultiSelect at http://localhost:39296/javascript/atoms/test/select_test.html:185:20
&gt; (unknown)
&gt; execute at http://localhost:39296/third_party/closure/goog/testing/testcase.js:1055:16
&gt; cycleTests at http://localhost:39296/third_party/closure/goog/testing/testcase.js:825:25
&gt; execute at http://localhost:39296/third_party/closure/goog/testing/testcase.js:424:18
&gt; runTests at http://localhost:39296/third_party/closure/goog/testing/testcase.js:585:15
&gt; execute at http://localhost:39296/third_party/closure/goog/testing/testrunner.js:257:25
&gt; (unknown)

16:14:27.187  testTapCannotDeselectAnOptionFromASingleSelect : PASSED
16:14:27.189  testTapCannotDeselectRadioButtons : PASSED
16:14:27.191  testTapCannotSelectAnOptionFromADisabled : PASSED
16:14:27.193  testTapCannotSelectCheckboxWhenDefaultPrevented : PASSED
16:14:27.197  testTapCannotSelectDisabledElements : PASSED
16:14:27.200  testTapMaybeSelectRadioButtonWhenDefaultPrevented : PASSED
16:14:27.203  testTapNoErrorAfterSelectWhenOnChangePreventsDefault : PASSED
16:14:27.204  testTapPointerCaptureFiresOnCheckboxToggle : PASSED
16:14:27.207  testTapSelectOptionTriggersJQueryChangeHandler : PASSED
16:14:27.213  testTapTogglesByTheTimeChangeEventFires : FAILED
16:14:27.213  ERROR in testTapTogglesByTheTimeChangeEventFires
change event did not fire
Expected not to be &lt;null&gt;
&gt; assertNotNull at http://localhost:39296/third_party/closure/goog/testing/asserts.js:412:10
&gt; checkToggleAtChange at http://localhost:39296/javascript/atoms/test/select_test.html:512:22
&gt; togglesByTheTimeChangeEventFires at http://localhost:39296/javascript/atoms/test/select_test.html:493:26
&gt; (unknown)
&gt; execute at http://localhost:39296/third_party/closure/goog/testing/testcase.js:1055:16
&gt; cycleTests at http://localhost:39296/third_party/closure/goog/testing/testcase.js:825:25
&gt; execute at http://localhost:39296/third_party/closure/goog/testing/testcase.js:424:18
&gt; runTests at http://localhost:39296/third_party/closure/goog/testing/testcase.js:585:15
&gt; execute at http://localhost:39296/third_party/closure/goog/testing/testrunner.js:257:25
&gt; (unknown)

16:14:27.213  Done
 
</failure>
  </testcase>
  <testcase classname="junit.framework.JUnit4TestCaseFacade" name="javascript/atoms/test/shown_test" time="0.707" />
  <testcase classname="junit.framework.JUnit4TestCaseFacade" name="javascript/atoms/test/style_test" time="0.675" />
  <testcase classname="junit.framework.JUnit4TestCaseFacade" name="javascript/atoms/test/svg_test" time="0.714" />
  <testcase classname="junit.framework.JUnit4TestCaseFacade" name="javascript/atoms/test/text_box_test" time="0.677" />
  <testcase classname="junit.framework.JUnit4TestCaseFacade" name="javascript/atoms/test/text_table_test" time="0.685" />
  <testcase classname="junit.framework.JUnit4TestCaseFacade" name="javascript/atoms/test/text_test" time="0.713" />
  <testcase classname="junit.framework.JUnit4TestCaseFacade" name="javascript/atoms/test/toolbar_test" time="0.867" />
  <testcase classname="junit.framework.JUnit4TestCaseFacade" name="javascript/atoms/test/touchscreen_test" time="0.658" />
  <testcase classname="junit.framework.JUnit4TestCaseFacade" name="javascript/atoms/test/type_test" time="3.753" />
  <testcase classname="junit.framework.JUnit4TestCaseFacade" name="javascript/atoms/test/useragent_quirks_test" time="0.645" />
  <testcase classname="junit.framework.JUnit4TestCaseFacade" name="javascript/atoms/test/useragent_test" time="0.665" />
  <testcase classname="junit.framework.JUnit4TestCaseFacade" name="javascript/atoms/test/window_scroll_into_view_test" time="0.644" />
  <testcase classname="junit.framework.JUnit4TestCaseFacade" name="javascript/atoms/test/window_scroll_test" time="0.842" />
  <testcase classname="junit.framework.JUnit4TestCaseFacade" name="javascript/atoms/test/window_size_test" time="0.752">
    <failure message="window_size_test [FAILED]&#xa;localhost:39296/javascript/atoms/test/window_size_test.html&#xa;2 of 2 tests run in 4ms.&#xa;0 passed, 2 failed.&#xa;2 ms/test. 68 files loaded.&#xa;.&#xa;16:14:40.191  Start&#xa;16:14:40.192  setUpPage for testSetSize : FAILED&#xa;16:14:40.192  ERROR in setUpPage for testSetSize&#xa;&apos;undefined&apos; is not an object (evaluating &apos;popup.focus&apos;)&#xa;&gt; setUpPage at http://localhost:39296/javascript/atoms/test/window_size_test.html:23:16&#xa;&gt; (unknown)&#xa;&gt; runTests at http://localhost:39296/third_party/closure/goog/testing/testcase.js:581:19&#xa;&gt; execute at http://localhost:39296/third_party/closure/goog/testing/testrunner.js:257:25&#xa;&gt; (unknown)&#xa;&#xa;16:14:40.193  setUpPage for testSetSizeUsingGetSize : FAILED&#xa;16:14:40.194  ERROR in setUpPage for testSetSizeUsingGetSize&#xa;&apos;undefined&apos; is not an object (evaluating &apos;popup.focus&apos;)&#xa;&gt; setUpPage at http://localhost:39296/javascript/atoms/test/window_size_test.html:23:16&#xa;&gt; (unknown)&#xa;&gt; runTests at http://localhost:39296/third_party/closure/goog/testing/testcase.js:581:19&#xa;&gt; execute at http://localhost:39296/third_party/closure/goog/testing/testrunner.js:257:25&#xa;&gt; (unknown)&#xa;&#xa;16:14:40.194  Done&#xa; " type="junit.framework.AssertionFailedError">junit.framework.AssertionFailedError: window_size_test [FAILED]
localhost:39296/javascript/atoms/test/window_size_test.html
2 of 2 tests run in 4ms.
0 passed, 2 failed.
2 ms/test. 68 files loaded.
.
16:14:40.191  Start
16:14:40.192  setUpPage for testSetSize : FAILED
16:14:40.192  ERROR in setUpPage for testSetSize
&apos;undefined&apos; is not an object (evaluating &apos;popup.focus&apos;)
&gt; setUpPage at http://localhost:39296/javascript/atoms/test/window_size_test.html:23:16
&gt; (unknown)
&gt; runTests at http://localhost:39296/third_party/closure/goog/testing/testcase.js:581:19
&gt; execute at http://localhost:39296/third_party/closure/goog/testing/testrunner.js:257:25
&gt; (unknown)

16:14:40.193  setUpPage for testSetSizeUsingGetSize : FAILED
16:14:40.194  ERROR in setUpPage for testSetSizeUsingGetSize
&apos;undefined&apos; is not an object (evaluating &apos;popup.focus&apos;)
&gt; setUpPage at http://localhost:39296/javascript/atoms/test/window_size_test.html:23:16
&gt; (unknown)
&gt; runTests at http://localhost:39296/third_party/closure/goog/testing/testcase.js:581:19
&gt; execute at http://localhost:39296/third_party/closure/goog/testing/testrunner.js:257:25
&gt; (unknown)

16:14:40.194  Done
 
</failure>
  </testcase>
  <system-out><![CDATA[]]></system-out>
  <system-err><![CDATA[2014-03-23 16:13:48.729:INFO:osjs.Server:jetty-7.x.y-SNAPSHOT
2014-03-23 16:13:48.774:INFO:osjsh.ContextHandler:started o.s.j.s.ServletContextHandler{/common,file:/Users/lingzhixiang/codes/seleniumsource/selenium/common/src/web/}
2014-03-23 16:13:48.779:INFO:/common:Aliases are enabled
2014-03-23 16:13:48.781:INFO:osjsh.ContextHandler:started o.s.j.s.ServletContextHandler{/javascript,file:/Users/lingzhixiang/codes/seleniumsource/selenium/javascript/}
2014-03-23 16:13:48.781:INFO:/javascript:Aliases are enabled
2014-03-23 16:13:48.781:INFO:osjsh.ContextHandler:started o.s.j.s.ServletContextHandler{/third_party/closure/goog,file:/Users/lingzhixiang/codes/seleniumsource/selenium/third_party/closure/goog/}
2014-03-23 16:13:48.781:INFO:/third_party/closure/goog:Aliases are enabled
2014-03-23 16:13:48.782:INFO:osjsh.ContextHandler:started o.s.j.s.ServletContextHandler{/third_party/js,file:/Users/lingzhixiang/codes/seleniumsource/selenium/third_party/js/}
2014-03-23 16:13:48.782:INFO:/third_party/js:Aliases are enabled
2014-03-23 16:13:48.807:INFO:osjs.AbstractConnector:Started SelectChannelConnector@0.0.0.0:39296
2014-03-23 16:13:49.152:INFO:osjus.SslContextFactory:Enabled Protocols [SSLv2Hello, SSLv3, TLSv1, TLSv1.1, TLSv1.2] of [SSLv2Hello, SSLv3, TLSv1, TLSv1.1, TLSv1.2]
2014-03-23 16:13:49.162:INFO:osjs.AbstractConnector:Started SslSocketConnector@0.0.0.0:6927
三月 23, 2014 4:13:49 下午 org.openqa.selenium.safari.SafariDriverServer start
信息: Server started on port 44834
三月 23, 2014 4:13:49 下午 org.openqa.selenium.safari.SafariDriverCommandExecutor start
信息: Launching Safari
三月 23, 2014 4:13:49 下午 org.openqa.selenium.safari.SafariDriverCommandExecutor start
信息: Waiting for SafariDriver to connect
三月 23, 2014 4:13:50 下午 org.openqa.selenium.safari.SafariDriverChannelHandler$1 operationComplete
信息: Connection opened
三月 23, 2014 4:13:50 下午 org.openqa.selenium.safari.SafariDriverCommandExecutor start
信息: Driver connected in 1622 ms
三月 23, 2014 4:13:50 下午 org.openqa.selenium.javascript.ClosureTestStatement evaluate
信息: Running: http://localhost:39296/javascript/atoms/test/action_test.html
三月 23, 2014 4:13:50 下午 org.openqa.selenium.remote.RemoteWebDriver log
信息: Executing: maximizeWindow [null, maximizeWindow {windowHandle=current}]
三月 23, 2014 4:13:51 下午 org.openqa.selenium.remote.RemoteWebDriver log
信息: Executed: [null, maximizeWindow {windowHandle=current}]
三月 23, 2014 4:13:51 下午 org.openqa.selenium.remote.RemoteWebDriver log
信息: Executing: executeScript [null, executeScript {script=if (window && window.top) window.top.G_testRunner = null, args=[]}]
三月 23, 2014 4:13:51 下午 org.openqa.selenium.remote.RemoteWebDriver log
信息: Executed: [null, executeScript {script=if (window && window.top) window.top.G_testRunner = null, args=[]}]
三月 23, 2014 4:13:51 下午 org.openqa.selenium.remote.RemoteWebDriver log
信息: Executing: get [null, get {url=http://localhost:39296/javascript/atoms/test/action_test.html}]
三月 23, 2014 4:13:51 下午 org.openqa.selenium.remote.RemoteWebDriver log
信息: Executed: [null, get {url=http://localhost:39296/javascript/atoms/test/action_test.html}]
三月 23, 2014 4:13:51 下午 org.openqa.selenium.remote.RemoteWebDriver log
信息: Executing: executeScript [null, executeScript {script=var tr = window.top.G_testRunner;return !!tr && tr.isFinished();, args=[]}]
三月 23, 2014 4:13:51 下午 org.openqa.selenium.remote.RemoteWebDriver log
信息: Executed: [null, executeScript {script=var tr = window.top.G_testRunner;return !!tr && tr.isFinished();, args=[]}]
三月 23, 2014 4:13:51 下午 org.openqa.selenium.remote.RemoteWebDriver log
信息: Executing: executeScript [null, executeScript {script=var tr = window.top.G_testRunner;return !!tr && tr.isFinished();, args=[]}]
三月 23, 2014 4:13:51 下午 org.openqa.selenium.remote.RemoteWebDriver log
信息: Executed: [null, executeScript {script=var tr = window.top.G_testRunner;return !!tr && tr.isFinished();, args=[]}]
三月 23, 2014 4:13:51 下午 org.openqa.selenium.remote.RemoteWebDriver log
信息: Executing: executeScript [null, executeScript {script=var tr = window.top.G_testRunner;return !!tr && tr.isFinished();, args=[]}]
三月 23, 2014 4:13:51 下午 org.openqa.selenium.remote.RemoteWebDriver log
信息: Executed: [null, executeScript {script=var tr = window.top.G_testRunner;return !!tr && tr.isFinished();, args=[]}]
三月 23, 2014 4:13:51 下午 org.openqa.selenium.remote.RemoteWebDriver log
信息: Executing: executeScript [null, executeScript {script=var tr = window.top.G_testRunner;return !!tr && tr.isFinished();, args=[]}]
三月 23, 2014 4:13:51 下午 org.openqa.selenium.remote.RemoteWebDriver log
信息: Executed: [null, executeScript {script=var tr = window.top.G_testRunner;return !!tr && tr.isFinished();, args=[]}]
三月 23, 2014 4:13:51 下午 org.openqa.selenium.remote.RemoteWebDriver log
信息: Executing: executeScript [null, executeScript {script=var tr = window.top.G_testRunner;return !!tr && tr.isFinished();, args=[]}]
三月 23, 2014 4:13:52 下午 org.openqa.selenium.remote.RemoteWebDriver log
信息: Executed: [null, executeScript {script=var tr = window.top.G_testRunner;return !!tr && tr.isFinished();, args=[]}]
三月 23, 2014 4:13:52 下午 org.openqa.selenium.remote.RemoteWebDriver log
信息: Executing: executeScript [null, executeScript {script=var tr = window.top.G_testRunner;return !!tr && tr.isSuccess();, args=[]}]
三月 23, 2014 4:13:52 下午 org.openqa.selenium.remote.RemoteWebDriver log
信息: Executed: [null, executeScript {script=var tr = window.top.G_testRunner;return !!tr && tr.isSuccess();, args=[]}]
三月 23, 2014 4:13:52 下午 org.openqa.selenium.javascript.ClosureTestStatement evaluate
信息: Running: http://localhost:39296/javascript/atoms/test/attribute_test.html
三月 23, 2014 4:13:52 下午 org.openqa.selenium.remote.RemoteWebDriver log
信息: Executing: maximizeWindow [null, maximizeWindow {windowHandle=current}]
三月 23, 2014 4:13:52 下午 org.openqa.selenium.remote.RemoteWebDriver log
信息: Executed: [null, maximizeWindow {windowHandle=current}]
三月 23, 2014 4:13:52 下午 org.openqa.selenium.remote.RemoteWebDriver log
信息: Executing: executeScript [null, executeScript {script=if (window && window.top) window.top.G_testRunner = null, args=[]}]
三月 23, 2014 4:13:52 下午 org.openqa.selenium.remote.RemoteWebDriver log
信息: Executed: [null, executeScript {script=if (window && window.top) window.top.G_testRunner = null, args=[]}]
三月 23, 2014 4:13:52 下午 org.openqa.selenium.remote.RemoteWebDriver log
信息: Executing: get [null, get {url=http://localhost:39296/javascript/atoms/test/attribute_test.html}]
三月 23, 2014 4:13:52 下午 org.openqa.selenium.remote.RemoteWebDriver log
信息: Executed: [null, get {url=http://localhost:39296/javascript/atoms/test/attribute_test.html}]
三月 23, 2014 4:13:52 下午 org.openqa.selenium.remote.RemoteWebDriver log
信息: Executing: executeScript [null, executeScript {script=var tr = window.top.G_testRunner;return !!tr && tr.isFinished();, args=[]}]
三月 23, 2014 4:13:52 下午 org.openqa.selenium.remote.RemoteWebDriver log
信息: Executed: [null, executeScript {script=var tr = window.top.G_testRunner;return !!tr && tr.isFinished();, args=[]}]
三月 23, 2014 4:13:52 下午 org.openqa.selenium.remote.RemoteWebDriver log
信息: Executing: executeScript [null, executeScript {script=var tr = window.top.G_testRunner;return !!tr && tr.isFinished();, args=[]}]
三月 23, 2014 4:13:52 下午 org.openqa.selenium.remote.RemoteWebDriver log
信息: Executed: [null, executeScript {script=var tr = window.top.G_testRunner;return !!tr && tr.isFinished();, args=[]}]
三月 23, 2014 4:13:52 下午 org.openqa.selenium.remote.RemoteWebDriver log
信息: Executing: executeScript [null, executeScript {script=var tr = window.top.G_testRunner;return !!tr && tr.isFinished();, args=[]}]
三月 23, 2014 4:13:52 下午 org.openqa.selenium.remote.RemoteWebDriver log
信息: Executed: [null, executeScript {script=var tr = window.top.G_testRunner;return !!tr && tr.isFinished();, args=[]}]
三月 23, 2014 4:13:52 下午 org.openqa.selenium.remote.RemoteWebDriver log
信息: Executing: executeScript [null, executeScript {script=var tr = window.top.G_testRunner;return !!tr && tr.isFinished();, args=[]}]
三月 23, 2014 4:13:52 下午 org.openqa.selenium.remote.RemoteWebDriver log
信息: Executed: [null, executeScript {script=var tr = window.top.G_testRunner;return !!tr && tr.isFinished();, args=[]}]
三月 23, 2014 4:13:52 下午 org.openqa.selenium.remote.RemoteWebDriver log
信息: Executing: executeScript [null, executeScript {script=var tr = window.top.G_testRunner;return !!tr && tr.isFinished();, args=[]}]
三月 23, 2014 4:13:52 下午 org.openqa.selenium.remote.RemoteWebDriver log
信息: Executed: [null, executeScript {script=var tr = window.top.G_testRunner;return !!tr && tr.isFinished();, args=[]}]
三月 23, 2014 4:13:52 下午 org.openqa.selenium.remote.RemoteWebDriver log
信息: Executing: executeScript [null, executeScript {script=var tr = window.top.G_testRunner;return !!tr && tr.isSuccess();, args=[]}]
三月 23, 2014 4:13:52 下午 org.openqa.selenium.remote.RemoteWebDriver log
信息: Executed: [null, executeScript {script=var tr = window.top.G_testRunner;return !!tr && tr.isSuccess();, args=[]}]
三月 23, 2014 4:13:52 下午 org.openqa.selenium.javascript.ClosureTestStatement evaluate
信息: Running: http://localhost:39296/javascript/atoms/test/child_locator_test.html
三月 23, 2014 4:13:52 下午 org.openqa.selenium.remote.RemoteWebDriver log
信息: Executing: maximizeWindow [null, maximizeWindow {windowHandle=current}]
三月 23, 2014 4:13:52 下午 org.openqa.selenium.remote.RemoteWebDriver log
信息: Executed: [null, maximizeWindow {windowHandle=current}]
三月 23, 2014 4:13:52 下午 org.openqa.selenium.remote.RemoteWebDriver log
信息: Executing: executeScript [null, executeScript {script=if (window && window.top) window.top.G_testRunner = null, args=[]}]
三月 23, 2014 4:13:52 下午 org.openqa.selenium.remote.RemoteWebDriver log
信息: Executed: [null, executeScript {script=if (window && window.top) window.top.G_testRunner = null, args=[]}]
三月 23, 2014 4:13:52 下午 org.openqa.selenium.remote.RemoteWebDriver log
信息: Executing: get [null, get {url=http://localhost:39296/javascript/atoms/test/child_locator_test.html}]
三月 23, 2014 4:13:52 下午 org.openqa.selenium.remote.RemoteWebDriver log
信息: Executed: [null, get {url=http://localhost:39296/javascript/atoms/test/child_locator_test.html}]
三月 23, 2014 4:13:52 下午 org.openqa.selenium.remote.RemoteWebDriver log
信息: Executing: executeScript [null, executeScript {script=var tr = window.top.G_testRunner;return !!tr && tr.isFinished();, args=[]}]
三月 23, 2014 4:13:52 下午 org.openqa.selenium.remote.RemoteWebDriver log
信息: Executed: [null, executeScript {script=var tr = window.top.G_testRunner;return !!tr && tr.isFinished();, args=[]}]
三月 23, 2014 4:13:53 下午 org.openqa.selenium.remote.RemoteWebDriver log
信息: Executing: executeScript [null, executeScript {script=var tr = window.top.G_testRunner;return !!tr && tr.isFinished();, args=[]}]
三月 23, 2014 4:13:53 下午 org.openqa.selenium.remote.RemoteWebDriver log
信息: Executed: [null, executeScript {script=var tr = window.top.G_testRunner;return !!tr && tr.isFinished();, args=[]}]
三月 23, 2014 4:13:53 下午 org.openqa.selenium.remote.RemoteWebDriver log
信息: Executing: executeScript [null, executeScript {script=var tr = window.top.G_testRunner;return !!tr && tr.isFinished();, args=[]}]
三月 23, 2014 4:13:53 下午 org.openqa.selenium.remote.RemoteWebDriver log
信息: Executed: [null, executeScript {script=var tr = window.top.G_testRunner;return !!tr && tr.isFinished();, args=[]}]
三月 23, 2014 4:13:53 下午 org.openqa.selenium.remote.RemoteWebDriver log
信息: Executing: executeScript [null, executeScript {script=var tr = window.top.G_testRunner;return !!tr && tr.isFinished();, args=[]}]
三月 23, 2014 4:13:53 下午 org.openqa.selenium.remote.RemoteWebDriver log
信息: Executed: [null, executeScript {script=var tr = window.top.G_testRunner;return !!tr && tr.isFinished();, args=[]}]
三月 23, 2014 4:13:53 下午 org.openqa.selenium.remote.RemoteWebDriver log
信息: Executing: executeScript [null, executeScript {script=var tr = window.top.G_testRunner;return !!tr && tr.isFinished();, args=[]}]
三月 23, 2014 4:13:53 下午 org.openqa.selenium.remote.RemoteWebDriver log
信息: Executed: [null, executeScript {script=var tr = window.top.G_testRunner;return !!tr && tr.isFinished();, args=[]}]
三月 23, 2014 4:13:53 下午 org.openqa.selenium.remote.RemoteWebDriver log
信息: Executing: executeScript [null, executeScript {script=var tr = window.top.G_testRunner;return !!tr && tr.isSuccess();, args=[]}]
三月 23, 2014 4:13:53 下午 org.openqa.selenium.remote.RemoteWebDriver log
信息: Executed: [null, executeScript {script=var tr = window.top.G_testRunner;return !!tr && tr.isSuccess();, args=[]}]
三月 23, 2014 4:13:53 下午 org.openqa.selenium.javascript.ClosureTestStatement evaluate
信息: Running: http://localhost:39296/javascript/atoms/test/click_link_test.html
三月 23, 2014 4:13:53 下午 org.openqa.selenium.remote.RemoteWebDriver log
信息: Executing: maximizeWindow [null, maximizeWindow {windowHandle=current}]
三月 23, 2014 4:13:53 下午 org.openqa.selenium.remote.RemoteWebDriver log
信息: Executed: [null, maximizeWindow {windowHandle=current}]
三月 23, 2014 4:13:53 下午 org.openqa.selenium.remote.RemoteWebDriver log
信息: Executing: executeScript [null, executeScript {script=if (window && window.top) window.top.G_testRunner = null, args=[]}]
三月 23, 2014 4:13:53 下午 org.openqa.selenium.remote.RemoteWebDriver log
信息: Executed: [null, executeScript {script=if (window && window.top) window.top.G_testRunner = null, args=[]}]
三月 23, 2014 4:13:53 下午 org.openqa.selenium.remote.RemoteWebDriver log
信息: Executing: get [null, get {url=http://localhost:39296/javascript/atoms/test/click_link_test.html}]
三月 23, 2014 4:13:53 下午 org.openqa.selenium.remote.RemoteWebDriver log
信息: Executed: [null, get {url=http://localhost:39296/javascript/atoms/test/click_link_test.html}]
三月 23, 2014 4:13:53 下午 org.openqa.selenium.remote.RemoteWebDriver log
信息: Executing: executeScript [null, executeScript {script=var tr = window.top.G_testRunner;return !!tr && tr.isFinished();, args=[]}]
三月 23, 2014 4:13:53 下午 org.openqa.selenium.remote.RemoteWebDriver log
信息: Executed: [null, executeScript {script=var tr = window.top.G_testRunner;return !!tr && tr.isFinished();, args=[]}]
三月 23, 2014 4:13:53 下午 org.openqa.selenium.remote.RemoteWebDriver log
信息: Executing: executeScript [null, executeScript {script=var tr = window.top.G_testRunner;return !!tr && tr.isFinished();, args=[]}]
三月 23, 2014 4:13:53 下午 org.openqa.selenium.remote.RemoteWebDriver log
信息: Executed: [null, executeScript {script=var tr = window.top.G_testRunner;return !!tr && tr.isFinished();, args=[]}]
三月 23, 2014 4:13:53 下午 org.openqa.selenium.remote.RemoteWebDriver log
信息: Executing: executeScript [null, executeScript {script=var tr = window.top.G_testRunner;return !!tr && tr.isFinished();, args=[]}]
三月 23, 2014 4:13:53 下午 org.openqa.selenium.remote.RemoteWebDriver log
信息: Executed: [null, executeScript {script=var tr = window.top.G_testRunner;return !!tr && tr.isFinished();, args=[]}]
三月 23, 2014 4:13:54 下午 org.openqa.selenium.remote.RemoteWebDriver log
信息: Executing: executeScript [null, executeScript {script=var tr = window.top.G_testRunner;return !!tr && tr.isFinished();, args=[]}]
三月 23, 2014 4:13:54 下午 org.openqa.selenium.remote.RemoteWebDriver log
信息: Executed: [null, executeScript {script=var tr = window.top.G_testRunner;return !!tr && tr.isFinished();, args=[]}]
三月 23, 2014 4:13:54 下午 org.openqa.selenium.remote.RemoteWebDriver log
信息: Executing: executeScript [null, executeScript {script=var tr = window.top.G_testRunner;return !!tr && tr.isFinished();, args=[]}]
三月 23, 2014 4:13:54 下午 org.openqa.selenium.remote.RemoteWebDriver log
信息: Executed: [null, executeScript {script=var tr = window.top.G_testRunner;return !!tr && tr.isFinished();, args=[]}]
三月 23, 2014 4:13:54 下午 org.openqa.selenium.remote.RemoteWebDriver log
信息: Executing: executeScript [null, executeScript {script=var tr = window.top.G_testRunner;return !!tr && tr.isFinished();, args=[]}]
三月 23, 2014 4:13:54 下午 org.openqa.selenium.remote.RemoteWebDriver log
信息: Executed: [null, executeScript {script=var tr = window.top.G_testRunner;return !!tr && tr.isFinished();, args=[]}]
三月 23, 2014 4:13:54 下午 org.openqa.selenium.remote.RemoteWebDriver log
信息: Executing: executeScript [null, executeScript {script=var tr = window.top.G_testRunner;return !!tr && tr.isFinished();, args=[]}]
三月 23, 2014 4:13:54 下午 org.openqa.selenium.remote.RemoteWebDriver log
信息: Executed: [null, executeScript {script=var tr = window.top.G_testRunner;return !!tr && tr.isFinished();, args=[]}]
三月 23, 2014 4:13:54 下午 org.openqa.selenium.remote.RemoteWebDriver log
信息: Executing: executeScript [null, executeScript {script=var tr = window.top.G_testRunner;return !!tr && tr.isFinished();, args=[]}]
三月 23, 2014 4:13:54 下午 org.openqa.selenium.remote.RemoteWebDriver log
信息: Executed: [null, executeScript {script=var tr = window.top.G_testRunner;return !!tr && tr.isFinished();, args=[]}]
三月 23, 2014 4:13:54 下午 org.openqa.selenium.remote.RemoteWebDriver log
信息: Executing: executeScript [null, executeScript {script=var tr = window.top.G_testRunner;return !!tr && tr.isFinished();, args=[]}]
三月 23, 2014 4:13:54 下午 org.openqa.selenium.remote.RemoteWebDriver log
信息: Executed: [null, executeScript {script=var tr = window.top.G_testRunner;return !!tr && tr.isFinished();, args=[]}]
三月 23, 2014 4:13:54 下午 org.openqa.selenium.remote.RemoteWebDriver log
信息: Executing: executeScript [null, executeScript {script=var tr = window.top.G_testRunner;return !!tr && tr.isFinished();, args=[]}]
三月 23, 2014 4:13:54 下午 org.openqa.selenium.remote.RemoteWebDriver log
信息: Executed: [null, executeScript {script=var tr = window.top.G_testRunner;return !!tr && tr.isFinished();, args=[]}]
三月 23, 2014 4:13:54 下午 org.openqa.selenium.remote.RemoteWebDriver log
信息: Executing: executeScript [null, executeScript {script=var tr = window.top.G_testRunner;return !!tr && tr.isFinished();, args=[]}]
三月 23, 2014 4:13:54 下午 org.openqa.selenium.remote.RemoteWebDriver log
信息: Executed: [null, executeScript {script=var tr = window.top.G_testRunner;return !!tr && tr.isFinished();, args=[]}]
三月 23, 2014 4:13:54 下午 org.openqa.selenium.remote.RemoteWebDriver log
信息: Executing: executeScript [null, executeScript {script=var tr = window.top.G_testRunner;return !!tr && tr.isFinished();, args=[]}]
三月 23, 2014 4:13:54 下午 org.openqa.selenium.remote.RemoteWebDriver log
信息: Executed: [null, executeScript {script=var tr = window.top.G_testRunner;return !!tr && tr.isFinished();, args=[]}]
三月 23, 2014 4:13:55 下午 org.openqa.selenium.remote.RemoteWebDriver log
信息: Executing: executeScript [null, executeScript {script=var tr = window.top.G_testRunner;return !!tr && tr.isFinished();, args=[]}]
三月 23, 2014 4:13:55 下午 org.openqa.selenium.remote.RemoteWebDriver log
信息: Executed: [null, executeScript {script=var tr = window.top.G_testRunner;return !!tr && tr.isFinished();, args=[]}]
三月 23, 2014 4:13:55 下午 org.openqa.selenium.remote.RemoteWebDriver log
信息: Executing: executeScript [null, executeScript {script=var tr = window.top.G_testRunner;return !!tr && tr.isFinished();, args=[]}]
三月 23, 2014 4:13:55 下午 org.openqa.selenium.remote.RemoteWebDriver log
信息: Executed: [null, executeScript {script=var tr = window.top.G_testRunner;return !!tr && tr.isFinished();, args=[]}]
三月 23, 2014 4:13:55 下午 org.openqa.selenium.remote.RemoteWebDriver log
信息: Executing: executeScript [null, executeScript {script=var tr = window.top.G_testRunner;return !!tr && tr.isFinished();, args=[]}]
三月 23, 2014 4:13:55 下午 org.openqa.selenium.remote.RemoteWebDriver log
信息: Executed: [null, executeScript {script=var tr = window.top.G_testRunner;return !!tr && tr.isFinished();, args=[]}]
三月 23, 2014 4:13:55 下午 org.openqa.selenium.remote.RemoteWebDriver log
信息: Executing: executeScript [null, executeScript {script=var tr = window.top.G_testRunner;return !!tr && tr.isSuccess();, args=[]}]
三月 23, 2014 4:13:55 下午 org.openqa.selenium.remote.RemoteWebDriver log
信息: Executed: [null, executeScript {script=var tr = window.top.G_testRunner;return !!tr && tr.isSuccess();, args=[]}]
三月 23, 2014 4:13:55 下午 org.openqa.selenium.javascript.ClosureTestStatement evaluate
信息: Running: http://localhost:39296/javascript/atoms/test/click_submit_test.html
三月 23, 2014 4:13:55 下午 org.openqa.selenium.remote.RemoteWebDriver log
信息: Executing: maximizeWindow [null, maximizeWindow {windowHandle=current}]
三月 23, 2014 4:13:55 下午 org.openqa.selenium.remote.RemoteWebDriver log
信息: Executed: [null, maximizeWindow {windowHandle=current}]
三月 23, 2014 4:13:55 下午 org.openqa.selenium.remote.RemoteWebDriver log
信息: Executing: executeScript [null, executeScript {script=if (window && window.top) window.top.G_testRunner = null, args=[]}]
三月 23, 2014 4:13:55 下午 org.openqa.selenium.remote.RemoteWebDriver log
信息: Executed: [null, executeScript {script=if (window && window.top) window.top.G_testRunner = null, args=[]}]
三月 23, 2014 4:13:55 下午 org.openqa.selenium.remote.RemoteWebDriver log
信息: Executing: get [null, get {url=http://localhost:39296/javascript/atoms/test/click_submit_test.html}]
三月 23, 2014 4:13:55 下午 org.openqa.selenium.remote.RemoteWebDriver log
信息: Executed: [null, get {url=http://localhost:39296/javascript/atoms/test/click_submit_test.html}]
三月 23, 2014 4:13:55 下午 org.openqa.selenium.remote.RemoteWebDriver log
信息: Executing: executeScript [null, executeScript {script=var tr = window.top.G_testRunner;return !!tr && tr.isFinished();, args=[]}]
三月 23, 2014 4:13:55 下午 org.openqa.selenium.remote.RemoteWebDriver log
信息: Executed: [null, executeScript {script=var tr = window.top.G_testRunner;return !!tr && tr.isFinished();, args=[]}]
三月 23, 2014 4:13:55 下午 org.openqa.selenium.remote.RemoteWebDriver log
信息: Executing: executeScript [null, executeScript {script=var tr = window.top.G_testRunner;return !!tr && tr.isFinished();, args=[]}]
三月 23, 2014 4:13:55 下午 org.openqa.selenium.remote.RemoteWebDriver log
信息: Executed: [null, executeScript {script=var tr = window.top.G_testRunner;return !!tr && tr.isFinished();, args=[]}]
三月 23, 2014 4:13:55 下午 org.openqa.selenium.remote.RemoteWebDriver log
信息: Executing: executeScript [null, executeScript {script=var tr = window.top.G_testRunner;return !!tr && tr.isFinished();, args=[]}]
三月 23, 2014 4:13:55 下午 org.openqa.selenium.remote.RemoteWebDriver log
信息: Executed: [null, executeScript {script=var tr = window.top.G_testRunner;return !!tr && tr.isFinished();, args=[]}]
三月 23, 2014 4:13:55 下午 org.openqa.selenium.remote.RemoteWebDriver log
信息: Executing: executeScript [null, executeScript {script=var tr = window.top.G_testRunner;return !!tr && tr.isFinished();, args=[]}]
三月 23, 2014 4:13:55 下午 org.openqa.selenium.remote.RemoteWebDriver log
信息: Executed: [null, executeScript {script=var tr = window.top.G_testRunner;return !!tr && tr.isFinished();, args=[]}]
三月 23, 2014 4:13:56 下午 org.openqa.selenium.remote.RemoteWebDriver log
信息: Executing: executeScript [null, executeScript {script=var tr = window.top.G_testRunner;return !!tr && tr.isFinished();, args=[]}]
三月 23, 2014 4:13:56 下午 org.openqa.selenium.remote.RemoteWebDriver log
信息: Executed: [null, executeScript {script=var tr = window.top.G_testRunner;return !!tr && tr.isFinished();, args=[]}]
三月 23, 2014 4:13:56 下午 org.openqa.selenium.remote.RemoteWebDriver log
信息: Executing: executeScript [null, executeScript {script=var tr = window.top.G_testRunner;return !!tr && tr.isFinished();, args=[]}]
三月 23, 2014 4:13:56 下午 org.openqa.selenium.remote.RemoteWebDriver log
信息: Executed: [null, executeScript {script=var tr = window.top.G_testRunner;return !!tr && tr.isFinished();, args=[]}]
三月 23, 2014 4:13:56 下午 org.openqa.selenium.remote.RemoteWebDriver log
信息: Executing: executeScript [null, executeScript {script=var tr = window.top.G_testRunner;return !!tr && tr.isFinished();, args=[]}]
三月 23, 2014 4:13:56 下午 org.openqa.selenium.remote.RemoteWebDriver log
信息: Executed: [null, executeScript {script=var tr = window.top.G_testRunner;return !!tr && tr.isFinished();, args=[]}]
三月 23, 2014 4:13:56 下午 org.openqa.selenium.remote.RemoteWebDriver log
信息: Executing: executeScript [null, executeScript {script=var tr = window.top.G_testRunner;return !!tr && tr.isSuccess();, args=[]}]
三月 23, 2014 4:13:56 下午 org.openqa.selenium.remote.RemoteWebDriver log
信息: Executed: [null, executeScript {script=var tr = window.top.G_testRunner;return !!tr && tr.isSuccess();, args=[]}]
三月 23, 2014 4:13:56 下午 org.openqa.selenium.javascript.ClosureTestStatement evaluate
信息: Running: http://localhost:39296/javascript/atoms/test/click_test.html
三月 23, 2014 4:13:56 下午 org.openqa.selenium.remote.RemoteWebDriver log
信息: Executing: maximizeWindow [null, maximizeWindow {windowHandle=current}]
三月 23, 2014 4:13:56 下午 org.openqa.selenium.remote.RemoteWebDriver log
信息: Executed: [null, maximizeWindow {windowHandle=current}]
三月 23, 2014 4:13:56 下午 org.openqa.selenium.remote.RemoteWebDriver log
信息: Executing: executeScript [null, executeScript {script=if (window && window.top) window.top.G_testRunner = null, args=[]}]
三月 23, 2014 4:13:56 下午 org.openqa.selenium.remote.RemoteWebDriver log
信息: Executed: [null, executeScript {script=if (window && window.top) window.top.G_testRunner = null, args=[]}]
三月 23, 2014 4:13:56 下午 org.openqa.selenium.remote.RemoteWebDriver log
信息: Executing: get [null, get {url=http://localhost:39296/javascript/atoms/test/click_test.html}]
三月 23, 2014 4:13:56 下午 org.openqa.selenium.remote.RemoteWebDriver log
信息: Executed: [null, get {url=http://localhost:39296/javascript/atoms/test/click_test.html}]
三月 23, 2014 4:13:56 下午 org.openqa.selenium.remote.RemoteWebDriver log
信息: Executing: executeScript [null, executeScript {script=var tr = window.top.G_testRunner;return !!tr && tr.isFinished();, args=[]}]
三月 23, 2014 4:13:56 下午 org.openqa.selenium.remote.RemoteWebDriver log
信息: Executed: [null, executeScript {script=var tr = window.top.G_testRunner;return !!tr && tr.isFinished();, args=[]}]
三月 23, 2014 4:13:56 下午 org.openqa.selenium.remote.RemoteWebDriver log
信息: Executing: executeScript [null, executeScript {script=var tr = window.top.G_testRunner;return !!tr && tr.isFinished();, args=[]}]
三月 23, 2014 4:13:56 下午 org.openqa.selenium.remote.RemoteWebDriver log
信息: Executed: [null, executeScript {script=var tr = window.top.G_testRunner;return !!tr && tr.isFinished();, args=[]}]
三月 23, 2014 4:13:56 下午 org.openqa.selenium.remote.RemoteWebDriver log
信息: Executing: executeScript [null, executeScript {script=var tr = window.top.G_testRunner;return !!tr && tr.isFinished();, args=[]}]
三月 23, 2014 4:13:56 下午 org.openqa.selenium.remote.RemoteWebDriver log
信息: Executed: [null, executeScript {script=var tr = window.top.G_testRunner;return !!tr && tr.isFinished();, args=[]}]
三月 23, 2014 4:13:56 下午 org.openqa.selenium.remote.RemoteWebDriver log
信息: Executing: executeScript [null, executeScript {script=var tr = window.top.G_testRunner;return !!tr && tr.isFinished();, args=[]}]
三月 23, 2014 4:13:56 下午 org.openqa.selenium.remote.RemoteWebDriver log
信息: Executed: [null, executeScript {script=var tr = window.top.G_testRunner;return !!tr && tr.isFinished();, args=[]}]
三月 23, 2014 4:13:56 下午 org.openqa.selenium.remote.RemoteWebDriver log
信息: Executing: executeScript [null, executeScript {script=var tr = window.top.G_testRunner;return !!tr && tr.isFinished();, args=[]}]
三月 23, 2014 4:13:57 下午 org.openqa.selenium.remote.RemoteWebDriver log
信息: Executed: [null, executeScript {script=var tr = window.top.G_testRunner;return !!tr && tr.isFinished();, args=[]}]
三月 23, 2014 4:13:57 下午 org.openqa.selenium.remote.RemoteWebDriver log
信息: Executing: executeScript [null, executeScript {script=var tr = window.top.G_testRunner;return !!tr && tr.isSuccess();, args=[]}]
三月 23, 2014 4:13:57 下午 org.openqa.selenium.remote.RemoteWebDriver log
信息: Executed: [null, executeScript {script=var tr = window.top.G_testRunner;return !!tr && tr.isSuccess();, args=[]}]
三月 23, 2014 4:13:57 下午 org.openqa.selenium.javascript.ClosureTestStatement evaluate
信息: Running: http://localhost:39296/javascript/atoms/test/clientrect_test.html
三月 23, 2014 4:13:57 下午 org.openqa.selenium.remote.RemoteWebDriver log
信息: Executing: maximizeWindow [null, maximizeWindow {windowHandle=current}]
三月 23, 2014 4:13:57 下午 org.openqa.selenium.remote.RemoteWebDriver log
信息: Executed: [null, maximizeWindow {windowHandle=current}]
三月 23, 2014 4:13:57 下午 org.openqa.selenium.remote.RemoteWebDriver log
信息: Executing: executeScript [null, executeScript {script=if (window && window.top) window.top.G_testRunner = null, args=[]}]
三月 23, 2014 4:13:57 下午 org.openqa.selenium.remote.RemoteWebDriver log
信息: Executed: [null, executeScript {script=if (window && window.top) window.top.G_testRunner = null, args=[]}]
三月 23, 2014 4:13:57 下午 org.openqa.selenium.remote.RemoteWebDriver log
信息: Executing: get [null, get {url=http://localhost:39296/javascript/atoms/test/clientrect_test.html}]
三月 23, 2014 4:13:57 下午 org.openqa.selenium.remote.RemoteWebDriver log
信息: Executed: [null, get {url=http://localhost:39296/javascript/atoms/test/clientrect_test.html}]
三月 23, 2014 4:13:57 下午 org.openqa.selenium.remote.RemoteWebDriver log
信息: Executing: executeScript [null, executeScript {script=var tr = window.top.G_testRunner;return !!tr && tr.isFinished();, args=[]}]
三月 23, 2014 4:13:57 下午 org.openqa.selenium.remote.RemoteWebDriver log
信息: Executed: [null, executeScript {script=var tr = window.top.G_testRunner;return !!tr && tr.isFinished();, args=[]}]
三月 23, 2014 4:13:57 下午 org.openqa.selenium.remote.RemoteWebDriver log
信息: Executing: executeScript [null, executeScript {script=var tr = window.top.G_testRunner;return !!tr && tr.isFinished();, args=[]}]
三月 23, 2014 4:13:57 下午 org.openqa.selenium.remote.RemoteWebDriver log
信息: Executed: [null, executeScript {script=var tr = window.top.G_testRunner;return !!tr && tr.isFinished();, args=[]}]
三月 23, 2014 4:13:57 下午 org.openqa.selenium.remote.RemoteWebDriver log
信息: Executing: executeScript [null, executeScript {script=var tr = window.top.G_testRunner;return !!tr && tr.isFinished();, args=[]}]
三月 23, 2014 4:13:57 下午 org.openqa.selenium.remote.RemoteWebDriver log
信息: Executed: [null, executeScript {script=var tr = window.top.G_testRunner;return !!tr && tr.isFinished();, args=[]}]
三月 23, 2014 4:13:57 下午 org.openqa.selenium.remote.RemoteWebDriver log
信息: Executing: executeScript [null, executeScript {script=var tr = window.top.G_testRunner;return !!tr && tr.isFinished();, args=[]}]
三月 23, 2014 4:13:57 下午 org.openqa.selenium.remote.RemoteWebDriver log
信息: Executed: [null, executeScript {script=var tr = window.top.G_testRunner;return !!tr && tr.isFinished();, args=[]}]
三月 23, 2014 4:13:57 下午 org.openqa.selenium.remote.RemoteWebDriver log
信息: Executing: executeScript [null, executeScript {script=var tr = window.top.G_testRunner;return !!tr && tr.isFinished();, args=[]}]
三月 23, 2014 4:13:57 下午 org.openqa.selenium.remote.RemoteWebDriver log
信息: Executed: [null, executeScript {script=var tr = window.top.G_testRunner;return !!tr && tr.isFinished();, args=[]}]
三月 23, 2014 4:13:57 下午 org.openqa.selenium.remote.RemoteWebDriver log
信息: Executing: executeScript [null, executeScript {script=var tr = window.top.G_testRunner;return !!tr && tr.isSuccess();, args=[]}]
三月 23, 2014 4:13:57 下午 org.openqa.selenium.remote.RemoteWebDriver log
信息: Executed: [null, executeScript {script=var tr = window.top.G_testRunner;return !!tr && tr.isSuccess();, args=[]}]
三月 23, 2014 4:13:57 下午 org.openqa.selenium.javascript.ClosureTestStatement evaluate
信息: Running: http://localhost:39296/javascript/atoms/test/color_test.html
三月 23, 2014 4:13:57 下午 org.openqa.selenium.remote.RemoteWebDriver log
信息: Executing: maximizeWindow [null, maximizeWindow {windowHandle=current}]
三月 23, 2014 4:13:57 下午 org.openqa.selenium.remote.RemoteWebDriver log
信息: Executed: [null, maximizeWindow {windowHandle=current}]
三月 23, 2014 4:13:57 下午 org.openqa.selenium.remote.RemoteWebDriver log
信息: Executing: executeScript [null, executeScript {script=if (window && window.top) window.top.G_testRunner = null, args=[]}]
三月 23, 2014 4:13:57 下午 org.openqa.selenium.remote.RemoteWebDriver log
信息: Executed: [null, executeScript {script=if (window && window.top) window.top.G_testRunner = null, args=[]}]
三月 23, 2014 4:13:57 下午 org.openqa.selenium.remote.RemoteWebDriver log
信息: Executing: get [null, get {url=http://localhost:39296/javascript/atoms/test/color_test.html}]
三月 23, 2014 4:13:57 下午 org.openqa.selenium.remote.RemoteWebDriver log
信息: Executed: [null, get {url=http://localhost:39296/javascript/atoms/test/color_test.html}]
三月 23, 2014 4:13:57 下午 org.openqa.selenium.remote.RemoteWebDriver log
信息: Executing: executeScript [null, executeScript {script=var tr = window.top.G_testRunner;return !!tr && tr.isFinished();, args=[]}]
三月 23, 2014 4:13:57 下午 org.openqa.selenium.remote.RemoteWebDriver log
信息: Executed: [null, executeScript {script=var tr = window.top.G_testRunner;return !!tr && tr.isFinished();, args=[]}]
三月 23, 2014 4:13:58 下午 org.openqa.selenium.remote.RemoteWebDriver log
信息: Executing: executeScript [null, executeScript {script=var tr = window.top.G_testRunner;return !!tr && tr.isFinished();, args=[]}]
三月 23, 2014 4:13:58 下午 org.openqa.selenium.remote.RemoteWebDriver log
信息: Executed: [null, executeScript {script=var tr = window.top.G_testRunner;return !!tr && tr.isFinished();, args=[]}]
三月 23, 2014 4:13:58 下午 org.openqa.selenium.remote.RemoteWebDriver log
信息: Executing: executeScript [null, executeScript {script=var tr = window.top.G_testRunner;return !!tr && tr.isFinished();, args=[]}]
三月 23, 2014 4:13:58 下午 org.openqa.selenium.remote.RemoteWebDriver log
信息: Executed: [null, executeScript {script=var tr = window.top.G_testRunner;return !!tr && tr.isFinished();, args=[]}]
三月 23, 2014 4:13:58 下午 org.openqa.selenium.remote.RemoteWebDriver log
信息: Executing: executeScript [null, executeScript {script=var tr = window.top.G_testRunner;return !!tr && tr.isFinished();, args=[]}]
三月 23, 2014 4:13:58 下午 org.openqa.selenium.remote.RemoteWebDriver log
信息: Executed: [null, executeScript {script=var tr = window.top.G_testRunner;return !!tr && tr.isFinished();, args=[]}]
三月 23, 2014 4:13:58 下午 org.openqa.selenium.remote.RemoteWebDriver log
信息: Executing: executeScript [null, executeScript {script=var tr = window.top.G_testRunner;return !!tr && tr.isFinished();, args=[]}]
三月 23, 2014 4:13:58 下午 org.openqa.selenium.remote.RemoteWebDriver log
信息: Executed: [null, executeScript {script=var tr = window.top.G_testRunner;return !!tr && tr.isFinished();, args=[]}]
三月 23, 2014 4:13:58 下午 org.openqa.selenium.remote.RemoteWebDriver log
信息: Executing: executeScript [null, executeScript {script=var tr = window.top.G_testRunner;return !!tr && tr.isSuccess();, args=[]}]
三月 23, 2014 4:13:58 下午 org.openqa.selenium.remote.RemoteWebDriver log
信息: Executed: [null, executeScript {script=var tr = window.top.G_testRunner;return !!tr && tr.isSuccess();, args=[]}]
三月 23, 2014 4:13:58 下午 org.openqa.selenium.javascript.ClosureTestStatement evaluate
信息: Running: http://localhost:39296/javascript/atoms/test/dom_test.html
三月 23, 2014 4:13:58 下午 org.openqa.selenium.remote.RemoteWebDriver log
信息: Executing: maximizeWindow [null, maximizeWindow {windowHandle=current}]
三月 23, 2014 4:13:58 下午 org.openqa.selenium.remote.RemoteWebDriver log
信息: Executed: [null, maximizeWindow {windowHandle=current}]
三月 23, 2014 4:13:58 下午 org.openqa.selenium.remote.RemoteWebDriver log
信息: Executing: executeScript [null, executeScript {script=if (window && window.top) window.top.G_testRunner = null, args=[]}]
三月 23, 2014 4:13:58 下午 org.openqa.selenium.remote.RemoteWebDriver log
信息: Executed: [null, executeScript {script=if (window && window.top) window.top.G_testRunner = null, args=[]}]
三月 23, 2014 4:13:58 下午 org.openqa.selenium.remote.RemoteWebDriver log
信息: Executing: get [null, get {url=http://localhost:39296/javascript/atoms/test/dom_test.html}]
三月 23, 2014 4:13:58 下午 org.openqa.selenium.remote.RemoteWebDriver log
信息: Executed: [null, get {url=http://localhost:39296/javascript/atoms/test/dom_test.html}]
三月 23, 2014 4:13:58 下午 org.openqa.selenium.remote.RemoteWebDriver log
信息: Executing: executeScript [null, executeScript {script=var tr = window.top.G_testRunner;return !!tr && tr.isFinished();, args=[]}]
三月 23, 2014 4:13:58 下午 org.openqa.selenium.remote.RemoteWebDriver log
信息: Executed: [null, executeScript {script=var tr = window.top.G_testRunner;return !!tr && tr.isFinished();, args=[]}]
三月 23, 2014 4:13:58 下午 org.openqa.selenium.remote.RemoteWebDriver log
信息: Executing: executeScript [null, executeScript {script=var tr = window.top.G_testRunner;return !!tr && tr.isFinished();, args=[]}]
三月 23, 2014 4:13:58 下午 org.openqa.selenium.remote.RemoteWebDriver log
信息: Executed: [null, executeScript {script=var tr = window.top.G_testRunner;return !!tr && tr.isFinished();, args=[]}]
三月 23, 2014 4:13:58 下午 org.openqa.selenium.remote.RemoteWebDriver log
信息: Executing: executeScript [null, executeScript {script=var tr = window.top.G_testRunner;return !!tr && tr.isFinished();, args=[]}]
三月 23, 2014 4:13:58 下午 org.openqa.selenium.remote.RemoteWebDriver log
信息: Executed: [null, executeScript {script=var tr = window.top.G_testRunner;return !!tr && tr.isFinished();, args=[]}]
三月 23, 2014 4:13:58 下午 org.openqa.selenium.remote.RemoteWebDriver log
信息: Executing: executeScript [null, executeScript {script=var tr = window.top.G_testRunner;return !!tr && tr.isFinished();, args=[]}]
三月 23, 2014 4:13:59 下午 org.openqa.selenium.remote.RemoteWebDriver log
信息: Executed: [null, executeScript {script=var tr = window.top.G_testRunner;return !!tr && tr.isFinished();, args=[]}]
三月 23, 2014 4:13:59 下午 org.openqa.selenium.remote.RemoteWebDriver log
信息: Executing: executeScript [null, executeScript {script=var tr = window.top.G_testRunner;return !!tr && tr.isFinished();, args=[]}]
三月 23, 2014 4:13:59 下午 org.openqa.selenium.remote.RemoteWebDriver log
信息: Executed: [null, executeScript {script=var tr = window.top.G_testRunner;return !!tr && tr.isFinished();, args=[]}]
三月 23, 2014 4:13:59 下午 org.openqa.selenium.remote.RemoteWebDriver log
信息: Executing: executeScript [null, executeScript {script=var tr = window.top.G_testRunner;return !!tr && tr.isSuccess();, args=[]}]
三月 23, 2014 4:13:59 下午 org.openqa.selenium.remote.RemoteWebDriver log
信息: Executed: [null, executeScript {script=var tr = window.top.G_testRunner;return !!tr && tr.isSuccess();, args=[]}]
三月 23, 2014 4:13:59 下午 org.openqa.selenium.javascript.ClosureTestStatement evaluate
信息: Running: http://localhost:39296/javascript/atoms/test/drag_test.html
三月 23, 2014 4:13:59 下午 org.openqa.selenium.remote.RemoteWebDriver log
信息: Executing: maximizeWindow [null, maximizeWindow {windowHandle=current}]
三月 23, 2014 4:13:59 下午 org.openqa.selenium.remote.RemoteWebDriver log
信息: Executed: [null, maximizeWindow {windowHandle=current}]
三月 23, 2014 4:13:59 下午 org.openqa.selenium.remote.RemoteWebDriver log
信息: Executing: executeScript [null, executeScript {script=if (window && window.top) window.top.G_testRunner = null, args=[]}]
三月 23, 2014 4:13:59 下午 org.openqa.selenium.remote.RemoteWebDriver log
信息: Executed: [null, executeScript {script=if (window && window.top) window.top.G_testRunner = null, args=[]}]
三月 23, 2014 4:13:59 下午 org.openqa.selenium.remote.RemoteWebDriver log
信息: Executing: get [null, get {url=http://localhost:39296/javascript/atoms/test/drag_test.html}]
三月 23, 2014 4:13:59 下午 org.openqa.selenium.remote.RemoteWebDriver log
信息: Executed: [null, get {url=http://localhost:39296/javascript/atoms/test/drag_test.html}]
三月 23, 2014 4:13:59 下午 org.openqa.selenium.remote.RemoteWebDriver log
信息: Executing: executeScript [null, executeScript {script=var tr = window.top.G_testRunner;return !!tr && tr.isFinished();, args=[]}]
三月 23, 2014 4:13:59 下午 org.openqa.selenium.remote.RemoteWebDriver log
信息: Executed: [null, executeScript {script=var tr = window.top.G_testRunner;return !!tr && tr.isFinished();, args=[]}]
三月 23, 2014 4:13:59 下午 org.openqa.selenium.remote.RemoteWebDriver log
信息: Executing: executeScript [null, executeScript {script=var tr = window.top.G_testRunner;return !!tr && tr.isFinished();, args=[]}]
三月 23, 2014 4:13:59 下午 org.openqa.selenium.remote.RemoteWebDriver log
信息: Executed: [null, executeScript {script=var tr = window.top.G_testRunner;return !!tr && tr.isFinished();, args=[]}]
三月 23, 2014 4:13:59 下午 org.openqa.selenium.remote.RemoteWebDriver log
信息: Executing: executeScript [null, executeScript {script=var tr = window.top.G_testRunner;return !!tr && tr.isFinished();, args=[]}]
三月 23, 2014 4:13:59 下午 org.openqa.selenium.remote.RemoteWebDriver log
信息: Executed: [null, executeScript {script=var tr = window.top.G_testRunner;return !!tr && tr.isFinished();, args=[]}]
三月 23, 2014 4:13:59 下午 org.openqa.selenium.remote.RemoteWebDriver log
信息: Executing: executeScript [null, executeScript {script=var tr = window.top.G_testRunner;return !!tr && tr.isFinished();, args=[]}]
三月 23, 2014 4:13:59 下午 org.openqa.selenium.remote.RemoteWebDriver log
信息: Executed: [null, executeScript {script=var tr = window.top.G_testRunner;return !!tr && tr.isFinished();, args=[]}]
三月 23, 2014 4:13:59 下午 org.openqa.selenium.remote.RemoteWebDriver log
信息: Executing: executeScript [null, executeScript {script=var tr = window.top.G_testRunner;return !!tr && tr.isFinished();, args=[]}]
三月 23, 2014 4:13:59 下午 org.openqa.selenium.remote.RemoteWebDriver log
信息: Executed: [null, executeScript {script=var tr = window.top.G_testRunner;return !!tr && tr.isFinished();, args=[]}]
三月 23, 2014 4:13:59 下午 org.openqa.selenium.remote.RemoteWebDriver log
信息: Executing: executeScript [null, executeScript {script=var tr = window.top.G_testRunner;return !!tr && tr.isSuccess();, args=[]}]
三月 23, 2014 4:13:59 下午 org.openqa.selenium.remote.RemoteWebDriver log
信息: Executed: [null, executeScript {script=var tr = window.top.G_testRunner;return !!tr && tr.isSuccess();, args=[]}]
三月 23, 2014 4:13:59 下午 org.openqa.selenium.javascript.ClosureTestStatement evaluate
信息: Running: http://localhost:39296/javascript/atoms/test/enabled_test.html
三月 23, 2014 4:13:59 下午 org.openqa.selenium.remote.RemoteWebDriver log
信息: Executing: maximizeWindow [null, maximizeWindow {windowHandle=current}]
三月 23, 2014 4:13:59 下午 org.openqa.selenium.remote.RemoteWebDriver log
信息: Executed: [null, maximizeWindow {windowHandle=current}]
三月 23, 2014 4:13:59 下午 org.openqa.selenium.remote.RemoteWebDriver log
信息: Executing: executeScript [null, executeScript {script=if (window && window.top) window.top.G_testRunner = null, args=[]}]
三月 23, 2014 4:13:59 下午 org.openqa.selenium.remote.RemoteWebDriver log
信息: Executed: [null, executeScript {script=if (window && window.top) window.top.G_testRunner = null, args=[]}]
三月 23, 2014 4:13:59 下午 org.openqa.selenium.remote.RemoteWebDriver log
信息: Executing: get [null, get {url=http://localhost:39296/javascript/atoms/test/enabled_test.html}]
三月 23, 2014 4:13:59 下午 org.openqa.selenium.remote.RemoteWebDriver log
信息: Executed: [null, get {url=http://localhost:39296/javascript/atoms/test/enabled_test.html}]
三月 23, 2014 4:13:59 下午 org.openqa.selenium.remote.RemoteWebDriver log
信息: Executing: executeScript [null, executeScript {script=var tr = window.top.G_testRunner;return !!tr && tr.isFinished();, args=[]}]
三月 23, 2014 4:14:00 下午 org.openqa.selenium.remote.RemoteWebDriver log
信息: Executed: [null, executeScript {script=var tr = window.top.G_testRunner;return !!tr && tr.isFinished();, args=[]}]
三月 23, 2014 4:14:00 下午 org.openqa.selenium.remote.RemoteWebDriver log
信息: Executing: executeScript [null, executeScript {script=var tr = window.top.G_testRunner;return !!tr && tr.isFinished();, args=[]}]
三月 23, 2014 4:14:00 下午 org.openqa.selenium.remote.RemoteWebDriver log
信息: Executed: [null, executeScript {script=var tr = window.top.G_testRunner;return !!tr && tr.isFinished();, args=[]}]
三月 23, 2014 4:14:00 下午 org.openqa.selenium.remote.RemoteWebDriver log
信息: Executing: executeScript [null, executeScript {script=var tr = window.top.G_testRunner;return !!tr && tr.isFinished();, args=[]}]
三月 23, 2014 4:14:00 下午 org.openqa.selenium.remote.RemoteWebDriver log
信息: Executed: [null, executeScript {script=var tr = window.top.G_testRunner;return !!tr && tr.isFinished();, args=[]}]
三月 23, 2014 4:14:00 下午 org.openqa.selenium.remote.RemoteWebDriver log
信息: Executing: executeScript [null, executeScript {script=var tr = window.top.G_testRunner;return !!tr && tr.isFinished();, args=[]}]
三月 23, 2014 4:14:00 下午 org.openqa.selenium.remote.RemoteWebDriver log
信息: Executed: [null, executeScript {script=var tr = window.top.G_testRunner;return !!tr && tr.isFinished();, args=[]}]
三月 23, 2014 4:14:00 下午 org.openqa.selenium.remote.RemoteWebDriver log
信息: Executing: executeScript [null, executeScript {script=var tr = window.top.G_testRunner;return !!tr && tr.isFinished();, args=[]}]
三月 23, 2014 4:14:00 下午 org.openqa.selenium.remote.RemoteWebDriver log
信息: Executed: [null, executeScript {script=var tr = window.top.G_testRunner;return !!tr && tr.isFinished();, args=[]}]
三月 23, 2014 4:14:00 下午 org.openqa.selenium.remote.RemoteWebDriver log
信息: Executing: executeScript [null, executeScript {script=var tr = window.top.G_testRunner;return !!tr && tr.isSuccess();, args=[]}]
三月 23, 2014 4:14:00 下午 org.openqa.selenium.remote.RemoteWebDriver log
信息: Executed: [null, executeScript {script=var tr = window.top.G_testRunner;return !!tr && tr.isSuccess();, args=[]}]
三月 23, 2014 4:14:00 下午 org.openqa.selenium.javascript.ClosureTestStatement evaluate
信息: Running: http://localhost:39296/javascript/atoms/test/enter_submit_test.html
三月 23, 2014 4:14:00 下午 org.openqa.selenium.remote.RemoteWebDriver log
信息: Executing: maximizeWindow [null, maximizeWindow {windowHandle=current}]
三月 23, 2014 4:14:00 下午 org.openqa.selenium.remote.RemoteWebDriver log
信息: Executed: [null, maximizeWindow {windowHandle=current}]
三月 23, 2014 4:14:00 下午 org.openqa.selenium.remote.RemoteWebDriver log
信息: Executing: executeScript [null, executeScript {script=if (window && window.top) window.top.G_testRunner = null, args=[]}]
三月 23, 2014 4:14:00 下午 org.openqa.selenium.remote.RemoteWebDriver log
信息: Executed: [null, executeScript {script=if (window && window.top) window.top.G_testRunner = null, args=[]}]
三月 23, 2014 4:14:00 下午 org.openqa.selenium.remote.RemoteWebDriver log
信息: Executing: get [null, get {url=http://localhost:39296/javascript/atoms/test/enter_submit_test.html}]
三月 23, 2014 4:14:00 下午 org.openqa.selenium.remote.RemoteWebDriver log
信息: Executed: [null, get {url=http://localhost:39296/javascript/atoms/test/enter_submit_test.html}]
三月 23, 2014 4:14:00 下午 org.openqa.selenium.remote.RemoteWebDriver log
信息: Executing: executeScript [null, executeScript {script=var tr = window.top.G_testRunner;return !!tr && tr.isFinished();, args=[]}]
三月 23, 2014 4:14:00 下午 org.openqa.selenium.remote.RemoteWebDriver log
信息: Executed: [null, executeScript {script=var tr = window.top.G_testRunner;return !!tr && tr.isFinished();, args=[]}]
三月 23, 2014 4:14:00 下午 org.openqa.selenium.remote.RemoteWebDriver log
信息: Executing: executeScript [null, executeScript {script=var tr = window.top.G_testRunner;return !!tr && tr.isFinished();, args=[]}]
三月 23, 2014 4:14:00 下午 org.openqa.selenium.remote.RemoteWebDriver log
信息: Executed: [null, executeScript {script=var tr = window.top.G_testRunner;return !!tr && tr.isFinished();, args=[]}]
三月 23, 2014 4:14:00 下午 org.openqa.selenium.remote.RemoteWebDriver log
[...]
信息: Running: http://localhost:39296/javascript/atoms/test/useragent_quirks_test.html
三月 23, 2014 4:14:36 下午 org.openqa.selenium.remote.RemoteWebDriver log
信息: Executing: maximizeWindow [null, maximizeWindow {windowHandle=current}]
三月 23, 2014 4:14:36 下午 org.openqa.selenium.remote.RemoteWebDriver log
信息: Executed: [null, maximizeWindow {windowHandle=current}]
三月 23, 2014 4:14:36 下午 org.openqa.selenium.remote.RemoteWebDriver log
信息: Executing: executeScript [null, executeScript {script=if (window && window.top) window.top.G_testRunner = null, args=[]}]
三月 23, 2014 4:14:36 下午 org.openqa.selenium.remote.RemoteWebDriver log
信息: Executed: [null, executeScript {script=if (window && window.top) window.top.G_testRunner = null, args=[]}]
三月 23, 2014 4:14:36 下午 org.openqa.selenium.remote.RemoteWebDriver log
信息: Executing: get [null, get {url=http://localhost:39296/javascript/atoms/test/useragent_quirks_test.html}]
三月 23, 2014 4:14:36 下午 org.openqa.selenium.remote.RemoteWebDriver log
信息: Executed: [null, get {url=http://localhost:39296/javascript/atoms/test/useragent_quirks_test.html}]
三月 23, 2014 4:14:36 下午 org.openqa.selenium.remote.RemoteWebDriver log
信息: Executing: executeScript [null, executeScript {script=var tr = window.top.G_testRunner;return !!tr && tr.isFinished();, args=[]}]
三月 23, 2014 4:14:36 下午 org.openqa.selenium.remote.RemoteWebDriver log
信息: Executed: [null, executeScript {script=var tr = window.top.G_testRunner;return !!tr && tr.isFinished();, args=[]}]
三月 23, 2014 4:14:37 下午 org.openqa.selenium.remote.RemoteWebDriver log
信息: Executing: executeScript [null, executeScript {script=var tr = window.top.G_testRunner;return !!tr && tr.isFinished();, args=[]}]
三月 23, 2014 4:14:37 下午 org.openqa.selenium.remote.RemoteWebDriver log
信息: Executed: [null, executeScript {script=var tr = window.top.G_testRunner;return !!tr && tr.isFinished();, args=[]}]
三月 23, 2014 4:14:37 下午 org.openqa.selenium.remote.RemoteWebDriver log
信息: Executing: executeScript [null, executeScript {script=var tr = window.top.G_testRunner;return !!tr && tr.isFinished();, args=[]}]
三月 23, 2014 4:14:37 下午 org.openqa.selenium.remote.RemoteWebDriver log
信息: Executed: [null, executeScript {script=var tr = window.top.G_testRunner;return !!tr && tr.isFinished();, args=[]}]
三月 23, 2014 4:14:37 下午 org.openqa.selenium.remote.RemoteWebDriver log
信息: Executing: executeScript [null, executeScript {script=var tr = window.top.G_testRunner;return !!tr && tr.isFinished();, args=[]}]
三月 23, 2014 4:14:37 下午 org.openqa.selenium.remote.RemoteWebDriver log
信息: Executed: [null, executeScript {script=var tr = window.top.G_testRunner;return !!tr && tr.isFinished();, args=[]}]
三月 23, 2014 4:14:37 下午 org.openqa.selenium.remote.RemoteWebDriver log
信息: Executing: executeScript [null, executeScript {script=var tr = window.top.G_testRunner;return !!tr && tr.isFinished();, args=[]}]
三月 23, 2014 4:14:37 下午 org.openqa.selenium.remote.RemoteWebDriver log
信息: Executed: [null, executeScript {script=var tr = window.top.G_testRunner;return !!tr && tr.isFinished();, args=[]}]
三月 23, 2014 4:14:37 下午 org.openqa.selenium.remote.RemoteWebDriver log
信息: Executing: executeScript [null, executeScript {script=var tr = window.top.G_testRunner;return !!tr && tr.isSuccess();, args=[]}]
三月 23, 2014 4:14:37 下午 org.openqa.selenium.remote.RemoteWebDriver log
信息: Executed: [null, executeScript {script=var tr = window.top.G_testRunner;return !!tr && tr.isSuccess();, args=[]}]
三月 23, 2014 4:14:37 下午 org.openqa.selenium.javascript.ClosureTestStatement evaluate
信息: Running: http://localhost:39296/javascript/atoms/test/useragent_test.html
三月 23, 2014 4:14:37 下午 org.openqa.selenium.remote.RemoteWebDriver log
信息: Executing: maximizeWindow [null, maximizeWindow {windowHandle=current}]
三月 23, 2014 4:14:37 下午 org.openqa.selenium.remote.RemoteWebDriver log
信息: Executed: [null, maximizeWindow {windowHandle=current}]
三月 23, 2014 4:14:37 下午 org.openqa.selenium.remote.RemoteWebDriver log
信息: Executing: executeScript [null, executeScript {script=if (window && window.top) window.top.G_testRunner = null, args=[]}]
三月 23, 2014 4:14:37 下午 org.openqa.selenium.remote.RemoteWebDriver log
信息: Executed: [null, executeScript {script=if (window && window.top) window.top.G_testRunner = null, args=[]}]
三月 23, 2014 4:14:37 下午 org.openqa.selenium.remote.RemoteWebDriver log
信息: Executing: get [null, get {url=http://localhost:39296/javascript/atoms/test/useragent_test.html}]
三月 23, 2014 4:14:37 下午 org.openqa.selenium.remote.RemoteWebDriver log
信息: Executed: [null, get {url=http://localhost:39296/javascript/atoms/test/useragent_test.html}]
三月 23, 2014 4:14:37 下午 org.openqa.selenium.remote.RemoteWebDriver log
信息: Executing: executeScript [null, executeScript {script=var tr = window.top.G_testRunner;return !!tr && tr.isFinished();, args=[]}]
三月 23, 2014 4:14:37 下午 org.openqa.selenium.remote.RemoteWebDriver log
信息: Executed: [null, executeScript {script=var tr = window.top.G_testRunner;return !!tr && tr.isFinished();, args=[]}]
三月 23, 2014 4:14:37 下午 org.openqa.selenium.remote.RemoteWebDriver log
信息: Executing: executeScript [null, executeScript {script=var tr = window.top.G_testRunner;return !!tr && tr.isFinished();, args=[]}]
三月 23, 2014 4:14:37 下午 org.openqa.selenium.remote.RemoteWebDriver log
信息: Executed: [null, executeScript {script=var tr = window.top.G_testRunner;return !!tr && tr.isFinished();, args=[]}]
三月 23, 2014 4:14:37 下午 org.openqa.selenium.remote.RemoteWebDriver log
信息: Executing: executeScript [null, executeScript {script=var tr = window.top.G_testRunner;return !!tr && tr.isFinished();, args=[]}]
三月 23, 2014 4:14:37 下午 org.openqa.selenium.remote.RemoteWebDriver log
信息: Executed: [null, executeScript {script=var tr = window.top.G_testRunner;return !!tr && tr.isFinished();, args=[]}]
三月 23, 2014 4:14:37 下午 org.openqa.selenium.remote.RemoteWebDriver log
信息: Executing: executeScript [null, executeScript {script=var tr = window.top.G_testRunner;return !!tr && tr.isFinished();, args=[]}]
三月 23, 2014 4:14:37 下午 org.openqa.selenium.remote.RemoteWebDriver log
信息: Executed: [null, executeScript {script=var tr = window.top.G_testRunner;return !!tr && tr.isFinished();, args=[]}]
三月 23, 2014 4:14:38 下午 org.openqa.selenium.remote.RemoteWebDriver log
信息: Executing: executeScript [null, executeScript {script=var tr = window.top.G_testRunner;return !!tr && tr.isFinished();, args=[]}]
三月 23, 2014 4:14:38 下午 org.openqa.selenium.remote.RemoteWebDriver log
信息: Executed: [null, executeScript {script=var tr = window.top.G_testRunner;return !!tr && tr.isFinished();, args=[]}]
三月 23, 2014 4:14:38 下午 org.openqa.selenium.remote.RemoteWebDriver log
信息: Executing: executeScript [null, executeScript {script=var tr = window.top.G_testRunner;return !!tr && tr.isSuccess();, args=[]}]
三月 23, 2014 4:14:38 下午 org.openqa.selenium.remote.RemoteWebDriver log
信息: Executed: [null, executeScript {script=var tr = window.top.G_testRunner;return !!tr && tr.isSuccess();, args=[]}]
三月 23, 2014 4:14:38 下午 org.openqa.selenium.javascript.ClosureTestStatement evaluate
信息: Running: http://localhost:39296/javascript/atoms/test/window_scroll_into_view_test.html
三月 23, 2014 4:14:38 下午 org.openqa.selenium.remote.RemoteWebDriver log
信息: Executing: maximizeWindow [null, maximizeWindow {windowHandle=current}]
三月 23, 2014 4:14:38 下午 org.openqa.selenium.remote.RemoteWebDriver log
信息: Executed: [null, maximizeWindow {windowHandle=current}]
三月 23, 2014 4:14:38 下午 org.openqa.selenium.remote.RemoteWebDriver log
信息: Executing: executeScript [null, executeScript {script=if (window && window.top) window.top.G_testRunner = null, args=[]}]
三月 23, 2014 4:14:38 下午 org.openqa.selenium.remote.RemoteWebDriver log
信息: Executed: [null, executeScript {script=if (window && window.top) window.top.G_testRunner = null, args=[]}]
三月 23, 2014 4:14:38 下午 org.openqa.selenium.remote.RemoteWebDriver log
信息: Executing: get [null, get {url=http://localhost:39296/javascript/atoms/test/window_scroll_into_view_test.html}]
三月 23, 2014 4:14:38 下午 org.openqa.selenium.remote.RemoteWebDriver log
信息: Executed: [null, get {url=http://localhost:39296/javascript/atoms/test/window_scroll_into_view_test.html}]
三月 23, 2014 4:14:38 下午 org.openqa.selenium.remote.RemoteWebDriver log
信息: Executing: executeScript [null, executeScript {script=var tr = window.top.G_testRunner;return !!tr && tr.isFinished();, args=[]}]
三月 23, 2014 4:14:38 下午 org.openqa.selenium.remote.RemoteWebDriver log
信息: Executed: [null, executeScript {script=var tr = window.top.G_testRunner;return !!tr && tr.isFinished();, args=[]}]
三月 23, 2014 4:14:38 下午 org.openqa.selenium.remote.RemoteWebDriver log
信息: Executing: executeScript [null, executeScript {script=var tr = window.top.G_testRunner;return !!tr && tr.isFinished();, args=[]}]
三月 23, 2014 4:14:38 下午 org.openqa.selenium.remote.RemoteWebDriver log
信息: Executed: [null, executeScript {script=var tr = window.top.G_testRunner;return !!tr && tr.isFinished();, args=[]}]
三月 23, 2014 4:14:38 下午 org.openqa.selenium.remote.RemoteWebDriver log
信息: Executing: executeScript [null, executeScript {script=var tr = window.top.G_testRunner;return !!tr && tr.isFinished();, args=[]}]
三月 23, 2014 4:14:38 下午 org.openqa.selenium.remote.RemoteWebDriver log
信息: Executed: [null, executeScript {script=var tr = window.top.G_testRunner;return !!tr && tr.isFinished();, args=[]}]
三月 23, 2014 4:14:38 下午 org.openqa.selenium.remote.RemoteWebDriver log
信息: Executing: executeScript [null, executeScript {script=var tr = window.top.G_testRunner;return !!tr && tr.isFinished();, args=[]}]
三月 23, 2014 4:14:38 下午 org.openqa.selenium.remote.RemoteWebDriver log
信息: Executed: [null, executeScript {script=var tr = window.top.G_testRunner;return !!tr && tr.isFinished();, args=[]}]
三月 23, 2014 4:14:38 下午 org.openqa.selenium.remote.RemoteWebDriver log
信息: Executing: executeScript [null, executeScript {script=var tr = window.top.G_testRunner;return !!tr && tr.isFinished();, args=[]}]
三月 23, 2014 4:14:38 下午 org.openqa.selenium.remote.RemoteWebDriver log
信息: Executed: [null, executeScript {script=var tr = window.top.G_testRunner;return !!tr && tr.isFinished();, args=[]}]
三月 23, 2014 4:14:38 下午 org.openqa.selenium.remote.RemoteWebDriver log
信息: Executing: executeScript [null, executeScript {script=var tr = window.top.G_testRunner;return !!tr && tr.isSuccess();, args=[]}]
三月 23, 2014 4:14:38 下午 org.openqa.selenium.remote.RemoteWebDriver log
信息: Executed: [null, executeScript {script=var tr = window.top.G_testRunner;return !!tr && tr.isSuccess();, args=[]}]
三月 23, 2014 4:14:38 下午 org.openqa.selenium.javascript.ClosureTestStatement evaluate
信息: Running: http://localhost:39296/javascript/atoms/test/window_scroll_test.html
三月 23, 2014 4:14:38 下午 org.openqa.selenium.remote.RemoteWebDriver log
信息: Executing: maximizeWindow [null, maximizeWindow {windowHandle=current}]
三月 23, 2014 4:14:38 下午 org.openqa.selenium.remote.RemoteWebDriver log
信息: Executed: [null, maximizeWindow {windowHandle=current}]
三月 23, 2014 4:14:38 下午 org.openqa.selenium.remote.RemoteWebDriver log
信息: Executing: executeScript [null, executeScript {script=if (window && window.top) window.top.G_testRunner = null, args=[]}]
三月 23, 2014 4:14:38 下午 org.openqa.selenium.remote.RemoteWebDriver log
信息: Executed: [null, executeScript {script=if (window && window.top) window.top.G_testRunner = null, args=[]}]
三月 23, 2014 4:14:38 下午 org.openqa.selenium.remote.RemoteWebDriver log
信息: Executing: get [null, get {url=http://localhost:39296/javascript/atoms/test/window_scroll_test.html}]
三月 23, 2014 4:14:38 下午 org.openqa.selenium.remote.RemoteWebDriver log
信息: Executed: [null, get {url=http://localhost:39296/javascript/atoms/test/window_scroll_test.html}]
三月 23, 2014 4:14:38 下午 org.openqa.selenium.remote.RemoteWebDriver log
信息: Executing: executeScript [null, executeScript {script=var tr = window.top.G_testRunner;return !!tr && tr.isFinished();, args=[]}]
三月 23, 2014 4:14:38 下午 org.openqa.selenium.remote.RemoteWebDriver log
信息: Executed: [null, executeScript {script=var tr = window.top.G_testRunner;return !!tr && tr.isFinished();, args=[]}]
三月 23, 2014 4:14:39 下午 org.openqa.selenium.remote.RemoteWebDriver log
信息: Executing: executeScript [null, executeScript {script=var tr = window.top.G_testRunner;return !!tr && tr.isFinished();, args=[]}]
三月 23, 2014 4:14:39 下午 org.openqa.selenium.remote.RemoteWebDriver log
信息: Executed: [null, executeScript {script=var tr = window.top.G_testRunner;return !!tr && tr.isFinished();, args=[]}]
三月 23, 2014 4:14:39 下午 org.openqa.selenium.remote.RemoteWebDriver log
信息: Executing: executeScript [null, executeScript {script=var tr = window.top.G_testRunner;return !!tr && tr.isFinished();, args=[]}]
三月 23, 2014 4:14:39 下午 org.openqa.selenium.remote.RemoteWebDriver log
信息: Executed: [null, executeScript {script=var tr = window.top.G_testRunner;return !!tr && tr.isFinished();, args=[]}]
三月 23, 2014 4:14:39 下午 org.openqa.selenium.remote.RemoteWebDriver log
信息: Executing: executeScript [null, executeScript {script=var tr = window.top.G_testRunner;return !!tr && tr.isFinished();, args=[]}]
三月 23, 2014 4:14:39 下午 org.openqa.selenium.remote.RemoteWebDriver log
信息: Executed: [null, executeScript {script=var tr = window.top.G_testRunner;return !!tr && tr.isFinished();, args=[]}]
三月 23, 2014 4:14:39 下午 org.openqa.selenium.remote.RemoteWebDriver log
信息: Executing: executeScript [null, executeScript {script=var tr = window.top.G_testRunner;return !!tr && tr.isFinished();, args=[]}]
三月 23, 2014 4:14:39 下午 org.openqa.selenium.remote.RemoteWebDriver log
信息: Executed: [null, executeScript {script=var tr = window.top.G_testRunner;return !!tr && tr.isFinished();, args=[]}]
三月 23, 2014 4:14:39 下午 org.openqa.selenium.remote.RemoteWebDriver log
信息: Executing: executeScript [null, executeScript {script=var tr = window.top.G_testRunner;return !!tr && tr.isFinished();, args=[]}]
三月 23, 2014 4:14:39 下午 org.openqa.selenium.remote.RemoteWebDriver log
信息: Executed: [null, executeScript {script=var tr = window.top.G_testRunner;return !!tr && tr.isFinished();, args=[]}]
三月 23, 2014 4:14:39 下午 org.openqa.selenium.remote.RemoteWebDriver log
信息: Executing: executeScript [null, executeScript {script=var tr = window.top.G_testRunner;return !!tr && tr.isSuccess();, args=[]}]
三月 23, 2014 4:14:39 下午 org.openqa.selenium.remote.RemoteWebDriver log
信息: Executed: [null, executeScript {script=var tr = window.top.G_testRunner;return !!tr && tr.isSuccess();, args=[]}]
三月 23, 2014 4:14:39 下午 org.openqa.selenium.javascript.ClosureTestStatement evaluate
信息: Running: http://localhost:39296/javascript/atoms/test/window_size_test.html
三月 23, 2014 4:14:39 下午 org.openqa.selenium.remote.RemoteWebDriver log
信息: Executing: maximizeWindow [null, maximizeWindow {windowHandle=current}]
三月 23, 2014 4:14:39 下午 org.openqa.selenium.remote.RemoteWebDriver log
信息: Executed: [null, maximizeWindow {windowHandle=current}]
三月 23, 2014 4:14:39 下午 org.openqa.selenium.remote.RemoteWebDriver log
信息: Executing: executeScript [null, executeScript {script=if (window && window.top) window.top.G_testRunner = null, args=[]}]
三月 23, 2014 4:14:39 下午 org.openqa.selenium.remote.RemoteWebDriver log
信息: Executed: [null, executeScript {script=if (window && window.top) window.top.G_testRunner = null, args=[]}]
三月 23, 2014 4:14:39 下午 org.openqa.selenium.remote.RemoteWebDriver log
信息: Executing: get [null, get {url=http://localhost:39296/javascript/atoms/test/window_size_test.html}]
三月 23, 2014 4:14:39 下午 org.openqa.selenium.remote.RemoteWebDriver log
信息: Executed: [null, get {url=http://localhost:39296/javascript/atoms/test/window_size_test.html}]
三月 23, 2014 4:14:39 下午 org.openqa.selenium.remote.RemoteWebDriver log
信息: Executing: executeScript [null, executeScript {script=var tr = window.top.G_testRunner;return !!tr && tr.isFinished();, args=[]}]
三月 23, 2014 4:14:39 下午 org.openqa.selenium.remote.RemoteWebDriver log
信息: Executed: [null, executeScript {script=var tr = window.top.G_testRunner;return !!tr && tr.isFinished();, args=[]}]
三月 23, 2014 4:14:39 下午 org.openqa.selenium.remote.RemoteWebDriver log
信息: Executing: executeScript [null, executeScript {script=var tr = window.top.G_testRunner;return !!tr && tr.isFinished();, args=[]}]
三月 23, 2014 4:14:39 下午 org.openqa.selenium.remote.RemoteWebDriver log
信息: Executed: [null, executeScript {script=var tr = window.top.G_testRunner;return !!tr && tr.isFinished();, args=[]}]
三月 23, 2014 4:14:40 下午 org.openqa.selenium.remote.RemoteWebDriver log
信息: Executing: executeScript [null, executeScript {script=var tr = window.top.G_testRunner;return !!tr && tr.isFinished();, args=[]}]
三月 23, 2014 4:14:40 下午 org.openqa.selenium.remote.RemoteWebDriver log
信息: Executed: [null, executeScript {script=var tr = window.top.G_testRunner;return !!tr && tr.isFinished();, args=[]}]
三月 23, 2014 4:14:40 下午 org.openqa.selenium.remote.RemoteWebDriver log
信息: Executing: executeScript [null, executeScript {script=var tr = window.top.G_testRunner;return !!tr && tr.isFinished();, args=[]}]
三月 23, 2014 4:14:40 下午 org.openqa.selenium.remote.RemoteWebDriver log
信息: Executed: [null, executeScript {script=var tr = window.top.G_testRunner;return !!tr && tr.isFinished();, args=[]}]
三月 23, 2014 4:14:40 下午 org.openqa.selenium.remote.RemoteWebDriver log
信息: Executing: executeScript [null, executeScript {script=var tr = window.top.G_testRunner;return !!tr && tr.isFinished();, args=[]}]
三月 23, 2014 4:14:40 下午 org.openqa.selenium.remote.RemoteWebDriver log
信息: Executed: [null, executeScript {script=var tr = window.top.G_testRunner;return !!tr && tr.isFinished();, args=[]}]
三月 23, 2014 4:14:40 下午 org.openqa.selenium.remote.RemoteWebDriver log
信息: Executing: executeScript [null, executeScript {script=var tr = window.top.G_testRunner;return !!tr && tr.isSuccess();, args=[]}]
三月 23, 2014 4:14:40 下午 org.openqa.selenium.remote.RemoteWebDriver log
信息: Executed: [null, executeScript {script=var tr = window.top.G_testRunner;return !!tr && tr.isSuccess();, args=[]}]
三月 23, 2014 4:14:40 下午 org.openqa.selenium.remote.RemoteWebDriver log
信息: Executing: executeScript [null, executeScript {script=var tr = window.top.G_testRunner;return tr.getReport(true);, args=[]}]
三月 23, 2014 4:14:40 下午 org.openqa.selenium.remote.RemoteWebDriver log
信息: Executed: [null, executeScript {script=var tr = window.top.G_testRunner;return tr.getReport(true);, args=[]}]
2014-03-23 16:14:40.298:INFO:osjsh.ContextHandler:stopped o.s.j.s.ServletContextHandler{/third_party/js,file:/Users/lingzhixiang/codes/seleniumsource/selenium/third_party/js/}
2014-03-23 16:14:40.298:INFO:osjsh.ContextHandler:stopped o.s.j.s.ServletContextHandler{/third_party/closure/goog,file:/Users/lingzhixiang/codes/seleniumsource/selenium/third_party/closure/goog/}
2014-03-23 16:14:40.298:INFO:osjsh.ContextHandler:stopped o.s.j.s.ServletContextHandler{/javascript,file:/Users/lingzhixiang/codes/seleniumsource/selenium/javascript/}
2014-03-23 16:14:40.298:INFO:osjsh.ContextHandler:stopped o.s.j.s.ServletContextHandler{/common,file:/Users/lingzhixiang/codes/seleniumsource/selenium/common/src/web/}
三月 23, 2014 4:14:40 下午 org.openqa.selenium.remote.RemoteWebDriver log
信息: Executing: quit [null, quit {}]
三月 23, 2014 4:14:40 下午 org.openqa.selenium.remote.RemoteWebDriver log
信息: Executed: [null, quit {}]
三月 23, 2014 4:14:40 下午 org.openqa.selenium.safari.SafariDriverCommandExecutor stop
信息: Shutting down
三月 23, 2014 4:14:40 下午 org.openqa.selenium.safari.SafariDriverCommandExecutor stop
信息: Closing connection
三月 23, 2014 4:14:40 下午 org.openqa.selenium.safari.SafariDriverCommandExecutor stop
信息: Stopping Safari
三月 23, 2014 4:14:40 下午 org.openqa.selenium.safari.SafariDriverCommandExecutor stop
信息: Stopping server
三月 23, 2014 4:14:40 下午 org.openqa.selenium.safari.SafariDriverServer stop
信息: Stopping server
三月 23, 2014 4:14:40 下午 org.openqa.selenium.safari.SafariDriverCommandExecutor stop
信息: Uninstalling extensions
三月 23, 2014 4:14:40 下午 org.openqa.selenium.safari.SafariDriverCommandExecutor stop
信息: Shutdown complete
]]></system-err>
</testsuite>
