<?xml version="1.0" encoding="UTF-8" ?>
<testsuite errors="0" failures="0" hostname="LingzhiXiangs-MacBook-Pro.local" name="org.openqa.selenium.javascript.ClosureTestSuite" tests="53" time="61.807" timestamp="2014-03-23T08:12:45">
  <properties>
[...]
</properties>
  <testcase classname="junit.framework.JUnit4TestCaseFacade" name="javascript/atoms/test/action_test" time="1.579" />
  <testcase classname="junit.framework.JUnit4TestCaseFacade" name="javascript/atoms/test/attribute_test" time="0.859" />
  <testcase classname="junit.framework.JUnit4TestCaseFacade" name="javascript/atoms/test/child_locator_test" time="0.753" />
  <testcase classname="junit.framework.JUnit4TestCaseFacade" name="javascript/atoms/test/click_link_test" time="8.612" />
  <testcase classname="junit.framework.JUnit4TestCaseFacade" name="javascript/atoms/test/click_submit_test" time="1.506" />
  <testcase classname="junit.framework.JUnit4TestCaseFacade" name="javascript/atoms/test/click_test" time="0.993" />
  <testcase classname="junit.framework.JUnit4TestCaseFacade" name="javascript/atoms/test/clientrect_test" time="0.755" />
  <testcase classname="junit.framework.JUnit4TestCaseFacade" name="javascript/atoms/test/color_test" time="0.746" />
  <testcase classname="junit.framework.JUnit4TestCaseFacade" name="javascript/atoms/test/dom_test" time="0.721" />
  <testcase classname="junit.framework.JUnit4TestCaseFacade" name="javascript/atoms/test/drag_test" time="0.825" />
  <testcase classname="junit.framework.JUnit4TestCaseFacade" name="javascript/atoms/test/enabled_test" time="0.752" />
  <testcase classname="junit.framework.JUnit4TestCaseFacade" name="javascript/atoms/test/enter_submit_test" time="1.045" />
  <testcase classname="junit.framework.JUnit4TestCaseFacade" name="javascript/atoms/test/error_test" time="0.708" />
  <testcase classname="junit.framework.JUnit4TestCaseFacade" name="javascript/atoms/test/events_test" time="0.77" />
  <testcase classname="junit.framework.JUnit4TestCaseFacade" name="javascript/atoms/test/focus_test" time="0.987" />
  <testcase classname="junit.framework.JUnit4TestCaseFacade" name="javascript/atoms/test/frame_scroll_test" time="0.729" />
  <testcase classname="junit.framework.JUnit4TestCaseFacade" name="javascript/atoms/test/frame_size_test" time="0.778" />
  <testcase classname="junit.framework.JUnit4TestCaseFacade" name="javascript/atoms/test/frame_test" time="0.808" />
  <testcase classname="junit.framework.JUnit4TestCaseFacade" name="javascript/atoms/test/gestures_test" time="0.779" />
  <testcase classname="junit.framework.JUnit4TestCaseFacade" name="javascript/atoms/test/history_test" time="2.722" />
  <testcase classname="junit.framework.JUnit4TestCaseFacade" name="javascript/atoms/test/html5/appcache_test" time="0.753" />
  <testcase classname="junit.framework.JUnit4TestCaseFacade" name="javascript/atoms/test/html5/connection_test" time="0.691" />
  <testcase classname="junit.framework.JUnit4TestCaseFacade" name="javascript/atoms/test/html5/database_test" time="0.752" />
  <testcase classname="junit.framework.JUnit4TestCaseFacade" name="javascript/atoms/test/html5/location_test" time="0.722" />
  <testcase classname="junit.framework.JUnit4TestCaseFacade" name="javascript/atoms/test/html5/nested_window_storage_test" time="1.069" />
  <testcase classname="junit.framework.JUnit4TestCaseFacade" name="javascript/atoms/test/html5/no_manifest_appcache_test" time="0.772" />
  <testcase classname="junit.framework.JUnit4TestCaseFacade" name="javascript/atoms/test/html5/storage_test" time="0.74" />
  <testcase classname="junit.framework.JUnit4TestCaseFacade" name="javascript/atoms/test/inject_test" time="0.868" />
  <testcase classname="junit.framework.JUnit4TestCaseFacade" name="javascript/atoms/test/interactable_size_test" time="0.819" />
  <testcase classname="junit.framework.JUnit4TestCaseFacade" name="javascript/atoms/test/keyboard_test" time="0.816" />
  <testcase classname="junit.framework.JUnit4TestCaseFacade" name="javascript/atoms/test/locator_test" time="0.767" />
  <testcase classname="junit.framework.JUnit4TestCaseFacade" name="javascript/atoms/test/mouse_test" time="0.897" />
  <testcase classname="junit.framework.JUnit4TestCaseFacade" name="javascript/atoms/test/opacity_test" time="0.767" />
  <testcase classname="junit.framework.JUnit4TestCaseFacade" name="javascript/atoms/test/orientation_test" time="0.818" />
  <testcase classname="junit.framework.JUnit4TestCaseFacade" name="javascript/atoms/test/overflow_test" time="0.925" />
  <testcase classname="junit.framework.JUnit4TestCaseFacade" name="javascript/atoms/test/property_test" time="0.784" />
  <testcase classname="junit.framework.JUnit4TestCaseFacade" name="javascript/atoms/test/response_test" time="0.678" />
  <testcase classname="junit.framework.JUnit4TestCaseFacade" name="javascript/atoms/test/scrolling_test" time="0.861" />
  <testcase classname="junit.framework.JUnit4TestCaseFacade" name="javascript/atoms/test/select_test" time="1.376" />
  <testcase classname="junit.framework.JUnit4TestCaseFacade" name="javascript/atoms/test/shown_test" time="0.876" />
  <testcase classname="junit.framework.JUnit4TestCaseFacade" name="javascript/atoms/test/style_test" time="0.761" />
  <testcase classname="junit.framework.JUnit4TestCaseFacade" name="javascript/atoms/test/svg_test" time="0.923" />
  <testcase classname="junit.framework.JUnit4TestCaseFacade" name="javascript/atoms/test/text_box_test" time="0.744" />
  <testcase classname="junit.framework.JUnit4TestCaseFacade" name="javascript/atoms/test/text_table_test" time="0.845" />
  <testcase classname="junit.framework.JUnit4TestCaseFacade" name="javascript/atoms/test/text_test" time="0.845" />
  <testcase classname="junit.framework.JUnit4TestCaseFacade" name="javascript/atoms/test/toolbar_test" time="1.242" />
  <testcase classname="junit.framework.JUnit4TestCaseFacade" name="javascript/atoms/test/touchscreen_test" time="0.809" />
  <testcase classname="junit.framework.JUnit4TestCaseFacade" name="javascript/atoms/test/type_test" time="3.343" />
  <testcase classname="junit.framework.JUnit4TestCaseFacade" name="javascript/atoms/test/useragent_quirks_test" time="0.829" />
  <testcase classname="junit.framework.JUnit4TestCaseFacade" name="javascript/atoms/test/useragent_test" time="0.691" />
  <testcase classname="junit.framework.JUnit4TestCaseFacade" name="javascript/atoms/test/window_scroll_into_view_test" time="0.719" />
  <testcase classname="junit.framework.JUnit4TestCaseFacade" name="javascript/atoms/test/window_scroll_test" time="0.787" />
  <testcase classname="junit.framework.JUnit4TestCaseFacade" name="javascript/atoms/test/window_size_test" time="1.021" />
  <system-out><![CDATA[]]></system-out>
  <system-err><![CDATA[2014-03-23 16:12:46.121:INFO:osjs.Server:jetty-7.x.y-SNAPSHOT
2014-03-23 16:12:46.169:INFO:osjsh.ContextHandler:started o.s.j.s.ServletContextHandler{/common,file:/Users/lingzhixiang/codes/seleniumsource/selenium/common/src/web/}
2014-03-23 16:12:46.173:INFO:/common:Aliases are enabled
2014-03-23 16:12:46.175:INFO:osjsh.ContextHandler:started o.s.j.s.ServletContextHandler{/javascript,file:/Users/lingzhixiang/codes/seleniumsource/selenium/javascript/}
2014-03-23 16:12:46.175:INFO:/javascript:Aliases are enabled
2014-03-23 16:12:46.188:INFO:osjsh.ContextHandler:started o.s.j.s.ServletContextHandler{/third_party/closure/goog,file:/Users/lingzhixiang/codes/seleniumsource/selenium/third_party/closure/goog/}
2014-03-23 16:12:46.188:INFO:/third_party/closure/goog:Aliases are enabled
2014-03-23 16:12:46.188:INFO:osjsh.ContextHandler:started o.s.j.s.ServletContextHandler{/third_party/js,file:/Users/lingzhixiang/codes/seleniumsource/selenium/third_party/js/}
2014-03-23 16:12:46.188:INFO:/third_party/js:Aliases are enabled
2014-03-23 16:12:46.205:INFO:osjs.AbstractConnector:Started SelectChannelConnector@0.0.0.0:33655
2014-03-23 16:12:46.576:INFO:osjus.SslContextFactory:Enabled Protocols [SSLv2Hello, SSLv3, TLSv1, TLSv1.1, TLSv1.2] of [SSLv2Hello, SSLv3, TLSv1, TLSv1.1, TLSv1.2]
2014-03-23 16:12:46.584:INFO:osjs.AbstractConnector:Started SslSocketConnector@0.0.0.0:38620
三月 23, 2014 4:12:49 下午 org.openqa.selenium.javascript.ClosureTestStatement evaluate
信息: Running: http://localhost:33655/javascript/atoms/test/action_test.html
三月 23, 2014 4:12:49 下午 org.openqa.selenium.remote.RemoteWebDriver log
信息: Executing: maximizeWindow [77348a09-a50f-b840-8b1f-e0eb017be929, maximizeWindow {windowHandle=current}]
三月 23, 2014 4:12:49 下午 org.openqa.selenium.remote.RemoteWebDriver log
信息: Executed: [77348a09-a50f-b840-8b1f-e0eb017be929, maximizeWindow {windowHandle=current}]
三月 23, 2014 4:12:49 下午 org.openqa.selenium.remote.RemoteWebDriver log
信息: Executing: executeScript [77348a09-a50f-b840-8b1f-e0eb017be929, executeScript {script=if (window && window.top) window.top.G_testRunner = null, args=[]}]
三月 23, 2014 4:12:49 下午 org.openqa.selenium.remote.RemoteWebDriver log
信息: Executed: [77348a09-a50f-b840-8b1f-e0eb017be929, executeScript {script=if (window && window.top) window.top.G_testRunner = null, args=[]}]
三月 23, 2014 4:12:49 下午 org.openqa.selenium.remote.RemoteWebDriver log
信息: Executing: get [77348a09-a50f-b840-8b1f-e0eb017be929, get {url=http://localhost:33655/javascript/atoms/test/action_test.html}]
三月 23, 2014 4:12:50 下午 org.openqa.selenium.remote.RemoteWebDriver log
信息: Executed: [77348a09-a50f-b840-8b1f-e0eb017be929, get {url=http://localhost:33655/javascript/atoms/test/action_test.html}]
三月 23, 2014 4:12:50 下午 org.openqa.selenium.remote.RemoteWebDriver log
信息: Executing: executeScript [77348a09-a50f-b840-8b1f-e0eb017be929, executeScript {script=var tr = window.top.G_testRunner;return !!tr && tr.isFinished();, args=[]}]
三月 23, 2014 4:12:50 下午 org.openqa.selenium.remote.RemoteWebDriver log
信息: Executed: [77348a09-a50f-b840-8b1f-e0eb017be929, executeScript {script=var tr = window.top.G_testRunner;return !!tr && tr.isFinished();, args=[]}]
三月 23, 2014 4:12:50 下午 org.openqa.selenium.remote.RemoteWebDriver log
信息: Executing: executeScript [77348a09-a50f-b840-8b1f-e0eb017be929, executeScript {script=var tr = window.top.G_testRunner;return !!tr && tr.isFinished();, args=[]}]
三月 23, 2014 4:12:50 下午 org.openqa.selenium.remote.RemoteWebDriver log
信息: Executed: [77348a09-a50f-b840-8b1f-e0eb017be929, executeScript {script=var tr = window.top.G_testRunner;return !!tr && tr.isFinished();, args=[]}]
三月 23, 2014 4:12:50 下午 org.openqa.selenium.remote.RemoteWebDriver log
信息: Executing: executeScript [77348a09-a50f-b840-8b1f-e0eb017be929, executeScript {script=var tr = window.top.G_testRunner;return !!tr && tr.isFinished();, args=[]}]
三月 23, 2014 4:12:50 下午 org.openqa.selenium.remote.RemoteWebDriver log
信息: Executed: [77348a09-a50f-b840-8b1f-e0eb017be929, executeScript {script=var tr = window.top.G_testRunner;return !!tr && tr.isFinished();, args=[]}]
三月 23, 2014 4:12:50 下午 org.openqa.selenium.remote.RemoteWebDriver log
信息: Executing: executeScript [77348a09-a50f-b840-8b1f-e0eb017be929, executeScript {script=var tr = window.top.G_testRunner;return !!tr && tr.isFinished();, args=[]}]
三月 23, 2014 4:12:50 下午 org.openqa.selenium.remote.RemoteWebDriver log
信息: Executed: [77348a09-a50f-b840-8b1f-e0eb017be929, executeScript {script=var tr = window.top.G_testRunner;return !!tr && tr.isFinished();, args=[]}]
三月 23, 2014 4:12:50 下午 org.openqa.selenium.remote.RemoteWebDriver log
信息: Executing: executeScript [77348a09-a50f-b840-8b1f-e0eb017be929, executeScript {script=var tr = window.top.G_testRunner;return !!tr && tr.isFinished();, args=[]}]
三月 23, 2014 4:12:50 下午 org.openqa.selenium.remote.RemoteWebDriver log
信息: Executed: [77348a09-a50f-b840-8b1f-e0eb017be929, executeScript {script=var tr = window.top.G_testRunner;return !!tr && tr.isFinished();, args=[]}]
三月 23, 2014 4:12:50 下午 org.openqa.selenium.remote.RemoteWebDriver log
信息: Executing: executeScript [77348a09-a50f-b840-8b1f-e0eb017be929, executeScript {script=var tr = window.top.G_testRunner;return !!tr && tr.isFinished();, args=[]}]
三月 23, 2014 4:12:50 下午 org.openqa.selenium.remote.RemoteWebDriver log
信息: Executed: [77348a09-a50f-b840-8b1f-e0eb017be929, executeScript {script=var tr = window.top.G_testRunner;return !!tr && tr.isFinished();, args=[]}]
三月 23, 2014 4:12:50 下午 org.openqa.selenium.remote.RemoteWebDriver log
信息: Executing: executeScript [77348a09-a50f-b840-8b1f-e0eb017be929, executeScript {script=var tr = window.top.G_testRunner;return !!tr && tr.isSuccess();, args=[]}]
三月 23, 2014 4:12:50 下午 org.openqa.selenium.remote.RemoteWebDriver log
信息: Executed: [77348a09-a50f-b840-8b1f-e0eb017be929, executeScript {script=var tr = window.top.G_testRunner;return !!tr && tr.isSuccess();, args=[]}]
三月 23, 2014 4:12:50 下午 org.openqa.selenium.javascript.ClosureTestStatement evaluate
信息: Running: http://localhost:33655/javascript/atoms/test/attribute_test.html
三月 23, 2014 4:12:50 下午 org.openqa.selenium.remote.RemoteWebDriver log
信息: Executing: maximizeWindow [77348a09-a50f-b840-8b1f-e0eb017be929, maximizeWindow {windowHandle=current}]
三月 23, 2014 4:12:50 下午 org.openqa.selenium.remote.RemoteWebDriver log
信息: Executed: [77348a09-a50f-b840-8b1f-e0eb017be929, maximizeWindow {windowHandle=current}]
三月 23, 2014 4:12:50 下午 org.openqa.selenium.remote.RemoteWebDriver log
信息: Executing: executeScript [77348a09-a50f-b840-8b1f-e0eb017be929, executeScript {script=if (window && window.top) window.top.G_testRunner = null, args=[]}]
三月 23, 2014 4:12:50 下午 org.openqa.selenium.remote.RemoteWebDriver log
信息: Executed: [77348a09-a50f-b840-8b1f-e0eb017be929, executeScript {script=if (window && window.top) window.top.G_testRunner = null, args=[]}]
三月 23, 2014 4:12:50 下午 org.openqa.selenium.remote.RemoteWebDriver log
信息: Executing: get [77348a09-a50f-b840-8b1f-e0eb017be929, get {url=http://localhost:33655/javascript/atoms/test/attribute_test.html}]
三月 23, 2014 4:12:51 下午 org.openqa.selenium.remote.RemoteWebDriver log
信息: Executed: [77348a09-a50f-b840-8b1f-e0eb017be929, get {url=http://localhost:33655/javascript/atoms/test/attribute_test.html}]
三月 23, 2014 4:12:51 下午 org.openqa.selenium.remote.RemoteWebDriver log
信息: Executing: executeScript [77348a09-a50f-b840-8b1f-e0eb017be929, executeScript {script=var tr = window.top.G_testRunner;return !!tr && tr.isFinished();, args=[]}]
三月 23, 2014 4:12:51 下午 org.openqa.selenium.remote.RemoteWebDriver log
信息: Executed: [77348a09-a50f-b840-8b1f-e0eb017be929, executeScript {script=var tr = window.top.G_testRunner;return !!tr && tr.isFinished();, args=[]}]
三月 23, 2014 4:12:51 下午 org.openqa.selenium.remote.RemoteWebDriver log
信息: Executing: executeScript [77348a09-a50f-b840-8b1f-e0eb017be929, executeScript {script=var tr = window.top.G_testRunner;return !!tr && tr.isFinished();, args=[]}]
三月 23, 2014 4:12:51 下午 org.openqa.selenium.remote.RemoteWebDriver log
信息: Executed: [77348a09-a50f-b840-8b1f-e0eb017be929, executeScript {script=var tr = window.top.G_testRunner;return !!tr && tr.isFinished();, args=[]}]
三月 23, 2014 4:12:51 下午 org.openqa.selenium.remote.RemoteWebDriver log
信息: Executing: executeScript [77348a09-a50f-b840-8b1f-e0eb017be929, executeScript {script=var tr = window.top.G_testRunner;return !!tr && tr.isFinished();, args=[]}]
三月 23, 2014 4:12:51 下午 org.openqa.selenium.remote.RemoteWebDriver log
信息: Executed: [77348a09-a50f-b840-8b1f-e0eb017be929, executeScript {script=var tr = window.top.G_testRunner;return !!tr && tr.isFinished();, args=[]}]
三月 23, 2014 4:12:51 下午 org.openqa.selenium.remote.RemoteWebDriver log
信息: Executing: executeScript [77348a09-a50f-b840-8b1f-e0eb017be929, executeScript {script=var tr = window.top.G_testRunner;return !!tr && tr.isFinished();, args=[]}]
三月 23, 2014 4:12:51 下午 org.openqa.selenium.remote.RemoteWebDriver log
信息: Executed: [77348a09-a50f-b840-8b1f-e0eb017be929, executeScript {script=var tr = window.top.G_testRunner;return !!tr && tr.isFinished();, args=[]}]
三月 23, 2014 4:12:51 下午 org.openqa.selenium.remote.RemoteWebDriver log
信息: Executing: executeScript [77348a09-a50f-b840-8b1f-e0eb017be929, executeScript {script=var tr = window.top.G_testRunner;return !!tr && tr.isFinished();, args=[]}]
三月 23, 2014 4:12:51 下午 org.openqa.selenium.remote.RemoteWebDriver log
信息: Executed: [77348a09-a50f-b840-8b1f-e0eb017be929, executeScript {script=var tr = window.top.G_testRunner;return !!tr && tr.isFinished();, args=[]}]
三月 23, 2014 4:12:51 下午 org.openqa.selenium.remote.RemoteWebDriver log
信息: Executing: executeScript [77348a09-a50f-b840-8b1f-e0eb017be929, executeScript {script=var tr = window.top.G_testRunner;return !!tr && tr.isFinished();, args=[]}]
三月 23, 2014 4:12:51 下午 org.openqa.selenium.remote.RemoteWebDriver log
信息: Executed: [77348a09-a50f-b840-8b1f-e0eb017be929, executeScript {script=var tr = window.top.G_testRunner;return !!tr && tr.isFinished();, args=[]}]
三月 23, 2014 4:12:51 下午 org.openqa.selenium.remote.RemoteWebDriver log
信息: Executing: executeScript [77348a09-a50f-b840-8b1f-e0eb017be929, executeScript {script=var tr = window.top.G_testRunner;return !!tr && tr.isSuccess();, args=[]}]
三月 23, 2014 4:12:51 下午 org.openqa.selenium.remote.RemoteWebDriver log
信息: Executed: [77348a09-a50f-b840-8b1f-e0eb017be929, executeScript {script=var tr = window.top.G_testRunner;return !!tr && tr.isSuccess();, args=[]}]
三月 23, 2014 4:12:51 下午 org.openqa.selenium.javascript.ClosureTestStatement evaluate
信息: Running: http://localhost:33655/javascript/atoms/test/child_locator_test.html
三月 23, 2014 4:12:51 下午 org.openqa.selenium.remote.RemoteWebDriver log
信息: Executing: maximizeWindow [77348a09-a50f-b840-8b1f-e0eb017be929, maximizeWindow {windowHandle=current}]
三月 23, 2014 4:12:51 下午 org.openqa.selenium.remote.RemoteWebDriver log
信息: Executed: [77348a09-a50f-b840-8b1f-e0eb017be929, maximizeWindow {windowHandle=current}]
三月 23, 2014 4:12:51 下午 org.openqa.selenium.remote.RemoteWebDriver log
信息: Executing: executeScript [77348a09-a50f-b840-8b1f-e0eb017be929, executeScript {script=if (window && window.top) window.top.G_testRunner = null, args=[]}]
三月 23, 2014 4:12:51 下午 org.openqa.selenium.remote.RemoteWebDriver log
信息: Executed: [77348a09-a50f-b840-8b1f-e0eb017be929, executeScript {script=if (window && window.top) window.top.G_testRunner = null, args=[]}]
三月 23, 2014 4:12:51 下午 org.openqa.selenium.remote.RemoteWebDriver log
信息: Executing: get [77348a09-a50f-b840-8b1f-e0eb017be929, get {url=http://localhost:33655/javascript/atoms/test/child_locator_test.html}]
三月 23, 2014 4:12:51 下午 org.openqa.selenium.remote.RemoteWebDriver log
信息: Executed: [77348a09-a50f-b840-8b1f-e0eb017be929, get {url=http://localhost:33655/javascript/atoms/test/child_locator_test.html}]
三月 23, 2014 4:12:51 下午 org.openqa.selenium.remote.RemoteWebDriver log
信息: Executing: executeScript [77348a09-a50f-b840-8b1f-e0eb017be929, executeScript {script=var tr = window.top.G_testRunner;return !!tr && tr.isFinished();, args=[]}]
三月 23, 2014 4:12:51 下午 org.openqa.selenium.remote.RemoteWebDriver log
信息: Executed: [77348a09-a50f-b840-8b1f-e0eb017be929, executeScript {script=var tr = window.top.G_testRunner;return !!tr && tr.isFinished();, args=[]}]
三月 23, 2014 4:12:52 下午 org.openqa.selenium.remote.RemoteWebDriver log
信息: Executing: executeScript [77348a09-a50f-b840-8b1f-e0eb017be929, executeScript {script=var tr = window.top.G_testRunner;return !!tr && tr.isFinished();, args=[]}]
三月 23, 2014 4:12:52 下午 org.openqa.selenium.remote.RemoteWebDriver log
信息: Executed: [77348a09-a50f-b840-8b1f-e0eb017be929, executeScript {script=var tr = window.top.G_testRunner;return !!tr && tr.isFinished();, args=[]}]
三月 23, 2014 4:12:52 下午 org.openqa.selenium.remote.RemoteWebDriver log
信息: Executing: executeScript [77348a09-a50f-b840-8b1f-e0eb017be929, executeScript {script=var tr = window.top.G_testRunner;return !!tr && tr.isFinished();, args=[]}]
三月 23, 2014 4:12:52 下午 org.openqa.selenium.remote.RemoteWebDriver log
信息: Executed: [77348a09-a50f-b840-8b1f-e0eb017be929, executeScript {script=var tr = window.top.G_testRunner;return !!tr && tr.isFinished();, args=[]}]
三月 23, 2014 4:12:52 下午 org.openqa.selenium.remote.RemoteWebDriver log
信息: Executing: executeScript [77348a09-a50f-b840-8b1f-e0eb017be929, executeScript {script=var tr = window.top.G_testRunner;return !!tr && tr.isFinished();, args=[]}]
三月 23, 2014 4:12:52 下午 org.openqa.selenium.remote.RemoteWebDriver log
信息: Executed: [77348a09-a50f-b840-8b1f-e0eb017be929, executeScript {script=var tr = window.top.G_testRunner;return !!tr && tr.isFinished();, args=[]}]
三月 23, 2014 4:12:52 下午 org.openqa.selenium.remote.RemoteWebDriver log
信息: Executing: executeScript [77348a09-a50f-b840-8b1f-e0eb017be929, executeScript {script=var tr = window.top.G_testRunner;return !!tr && tr.isFinished();, args=[]}]
三月 23, 2014 4:12:52 下午 org.openqa.selenium.remote.RemoteWebDriver log
信息: Executed: [77348a09-a50f-b840-8b1f-e0eb017be929, executeScript {script=var tr = window.top.G_testRunner;return !!tr && tr.isFinished();, args=[]}]
三月 23, 2014 4:12:52 下午 org.openqa.selenium.remote.RemoteWebDriver log
信息: Executing: executeScript [77348a09-a50f-b840-8b1f-e0eb017be929, executeScript {script=var tr = window.top.G_testRunner;return !!tr && tr.isFinished();, args=[]}]
三月 23, 2014 4:12:52 下午 org.openqa.selenium.remote.RemoteWebDriver log
信息: Executed: [77348a09-a50f-b840-8b1f-e0eb017be929, executeScript {script=var tr = window.top.G_testRunner;return !!tr && tr.isFinished();, args=[]}]
三月 23, 2014 4:12:52 下午 org.openqa.selenium.remote.RemoteWebDriver log
信息: Executing: executeScript [77348a09-a50f-b840-8b1f-e0eb017be929, executeScript {script=var tr = window.top.G_testRunner;return !!tr && tr.isSuccess();, args=[]}]
三月 23, 2014 4:12:52 下午 org.openqa.selenium.remote.RemoteWebDriver log
信息: Executed: [77348a09-a50f-b840-8b1f-e0eb017be929, executeScript {script=var tr = window.top.G_testRunner;return !!tr && tr.isSuccess();, args=[]}]
三月 23, 2014 4:12:52 下午 org.openqa.selenium.javascript.ClosureTestStatement evaluate
信息: Running: http://localhost:33655/javascript/atoms/test/click_link_test.html
三月 23, 2014 4:12:52 下午 org.openqa.selenium.remote.RemoteWebDriver log
信息: Executing: maximizeWindow [77348a09-a50f-b840-8b1f-e0eb017be929, maximizeWindow {windowHandle=current}]
三月 23, 2014 4:12:52 下午 org.openqa.selenium.remote.RemoteWebDriver log
信息: Executed: [77348a09-a50f-b840-8b1f-e0eb017be929, maximizeWindow {windowHandle=current}]
三月 23, 2014 4:12:52 下午 org.openqa.selenium.remote.RemoteWebDriver log
信息: Executing: executeScript [77348a09-a50f-b840-8b1f-e0eb017be929, executeScript {script=if (window && window.top) window.top.G_testRunner = null, args=[]}]
三月 23, 2014 4:12:52 下午 org.openqa.selenium.remote.RemoteWebDriver log
信息: Executed: [77348a09-a50f-b840-8b1f-e0eb017be929, executeScript {script=if (window && window.top) window.top.G_testRunner = null, args=[]}]
三月 23, 2014 4:12:52 下午 org.openqa.selenium.remote.RemoteWebDriver log
信息: Executing: get [77348a09-a50f-b840-8b1f-e0eb017be929, get {url=http://localhost:33655/javascript/atoms/test/click_link_test.html}]
三月 23, 2014 4:12:52 下午 org.openqa.selenium.remote.RemoteWebDriver log
信息: Executed: [77348a09-a50f-b840-8b1f-e0eb017be929, get {url=http://localhost:33655/javascript/atoms/test/click_link_test.html}]
三月 23, 2014 4:12:52 下午 org.openqa.selenium.remote.RemoteWebDriver log
信息: Executing: executeScript [77348a09-a50f-b840-8b1f-e0eb017be929, executeScript {script=var tr = window.top.G_testRunner;return !!tr && tr.isFinished();, args=[]}]
三月 23, 2014 4:12:52 下午 org.openqa.selenium.remote.RemoteWebDriver log
信息: Executed: [77348a09-a50f-b840-8b1f-e0eb017be929, executeScript {script=var tr = window.top.G_testRunner;return !!tr && tr.isFinished();, args=[]}]
三月 23, 2014 4:12:52 下午 org.openqa.selenium.remote.RemoteWebDriver log
信息: Executing: executeScript [77348a09-a50f-b840-8b1f-e0eb017be929, executeScript {script=var tr = window.top.G_testRunner;return !!tr && tr.isFinished();, args=[]}]
三月 23, 2014 4:12:52 下午 org.openqa.selenium.remote.RemoteWebDriver log
信息: Executed: [77348a09-a50f-b840-8b1f-e0eb017be929, executeScript {script=var tr = window.top.G_testRunner;return !!tr && tr.isFinished();, args=[]}]
三月 23, 2014 4:12:53 下午 org.openqa.selenium.remote.RemoteWebDriver log
信息: Executing: executeScript [77348a09-a50f-b840-8b1f-e0eb017be929, executeScript {script=var tr = window.top.G_testRunner;return !!tr && tr.isFinished();, args=[]}]
三月 23, 2014 4:12:53 下午 org.openqa.selenium.remote.RemoteWebDriver log
信息: Executed: [77348a09-a50f-b840-8b1f-e0eb017be929, executeScript {script=var tr = window.top.G_testRunner;return !!tr && tr.isFinished();, args=[]}]
三月 23, 2014 4:12:53 下午 org.openqa.selenium.remote.RemoteWebDriver log
信息: Executing: executeScript [77348a09-a50f-b840-8b1f-e0eb017be929, executeScript {script=var tr = window.top.G_testRunner;return !!tr && tr.isFinished();, args=[]}]
三月 23, 2014 4:12:53 下午 org.openqa.selenium.remote.RemoteWebDriver log
信息: Executed: [77348a09-a50f-b840-8b1f-e0eb017be929, executeScript {script=var tr = window.top.G_testRunner;return !!tr && tr.isFinished();, args=[]}]
三月 23, 2014 4:12:53 下午 org.openqa.selenium.remote.RemoteWebDriver log
信息: Executing: executeScript [77348a09-a50f-b840-8b1f-e0eb017be929, executeScript {script=var tr = window.top.G_testRunner;return !!tr && tr.isFinished();, args=[]}]
三月 23, 2014 4:12:53 下午 org.openqa.selenium.remote.RemoteWebDriver log
信息: Executed: [77348a09-a50f-b840-8b1f-e0eb017be929, executeScript {script=var tr = window.top.G_testRunner;return !!tr && tr.isFinished();, args=[]}]
三月 23, 2014 4:12:53 下午 org.openqa.selenium.remote.RemoteWebDriver log
信息: Executing: executeScript [77348a09-a50f-b840-8b1f-e0eb017be929, executeScript {script=var tr = window.top.G_testRunner;return !!tr && tr.isFinished();, args=[]}]
三月 23, 2014 4:12:53 下午 org.openqa.selenium.remote.RemoteWebDriver log
信息: Executed: [77348a09-a50f-b840-8b1f-e0eb017be929, executeScript {script=var tr = window.top.G_testRunner;return !!tr && tr.isFinished();, args=[]}]
三月 23, 2014 4:12:53 下午 org.openqa.selenium.remote.RemoteWebDriver log
信息: Executing: executeScript [77348a09-a50f-b840-8b1f-e0eb017be929, executeScript {script=var tr = window.top.G_testRunner;return !!tr && tr.isFinished();, args=[]}]
三月 23, 2014 4:12:53 下午 org.openqa.selenium.remote.RemoteWebDriver log
信息: Executed: [77348a09-a50f-b840-8b1f-e0eb017be929, executeScript {script=var tr = window.top.G_testRunner;return !!tr && tr.isFinished();, args=[]}]
三月 23, 2014 4:12:53 下午 org.openqa.selenium.remote.RemoteWebDriver log
信息: Executing: executeScript [77348a09-a50f-b840-8b1f-e0eb017be929, executeScript {script=var tr = window.top.G_testRunner;return !!tr && tr.isFinished();, args=[]}]
三月 23, 2014 4:12:53 下午 org.openqa.selenium.remote.RemoteWebDriver log
信息: Executed: [77348a09-a50f-b840-8b1f-e0eb017be929, executeScript {script=var tr = window.top.G_testRunner;return !!tr && tr.isFinished();, args=[]}]
三月 23, 2014 4:12:53 下午 org.openqa.selenium.remote.RemoteWebDriver log
信息: Executing: executeScript [77348a09-a50f-b840-8b1f-e0eb017be929, executeScript {script=var tr = window.top.G_testRunner;return !!tr && tr.isFinished();, args=[]}]
三月 23, 2014 4:12:53 下午 org.openqa.selenium.remote.RemoteWebDriver log
信息: Executed: [77348a09-a50f-b840-8b1f-e0eb017be929, executeScript {script=var tr = window.top.G_testRunner;return !!tr && tr.isFinished();, args=[]}]
三月 23, 2014 4:12:53 下午 org.openqa.selenium.remote.RemoteWebDriver log
信息: Executing: executeScript [77348a09-a50f-b840-8b1f-e0eb017be929, executeScript {script=var tr = window.top.G_testRunner;return !!tr && tr.isFinished();, args=[]}]
三月 23, 2014 4:12:53 下午 org.openqa.selenium.remote.RemoteWebDriver log
信息: Executed: [77348a09-a50f-b840-8b1f-e0eb017be929, executeScript {script=var tr = window.top.G_testRunner;return !!tr && tr.isFinished();, args=[]}]
三月 23, 2014 4:12:54 下午 org.openqa.selenium.remote.RemoteWebDriver log
信息: Executing: executeScript [77348a09-a50f-b840-8b1f-e0eb017be929, executeScript {script=var tr = window.top.G_testRunner;return !!tr && tr.isFinished();, args=[]}]
三月 23, 2014 4:12:54 下午 org.openqa.selenium.remote.RemoteWebDriver log
信息: Executed: [77348a09-a50f-b840-8b1f-e0eb017be929, executeScript {script=var tr = window.top.G_testRunner;return !!tr && tr.isFinished();, args=[]}]
三月 23, 2014 4:12:54 下午 org.openqa.selenium.remote.RemoteWebDriver log
信息: Executing: executeScript [77348a09-a50f-b840-8b1f-e0eb017be929, executeScript {script=var tr = window.top.G_testRunner;return !!tr && tr.isFinished();, args=[]}]
三月 23, 2014 4:12:54 下午 org.openqa.selenium.remote.RemoteWebDriver log
信息: Executed: [77348a09-a50f-b840-8b1f-e0eb017be929, executeScript {script=var tr = window.top.G_testRunner;return !!tr && tr.isFinished();, args=[]}]
三月 23, 2014 4:12:54 下午 org.openqa.selenium.remote.RemoteWebDriver log
信息: Executing: executeScript [77348a09-a50f-b840-8b1f-e0eb017be929, executeScript {script=var tr = window.top.G_testRunner;return !!tr && tr.isFinished();, args=[]}]
三月 23, 2014 4:12:54 下午 org.openqa.selenium.remote.RemoteWebDriver log
信息: Executed: [77348a09-a50f-b840-8b1f-e0eb017be929, executeScript {script=var tr = window.top.G_testRunner;return !!tr && tr.isFinished();, args=[]}]
三月 23, 2014 4:12:54 下午 org.openqa.selenium.remote.RemoteWebDriver log
信息: Executing: executeScript [77348a09-a50f-b840-8b1f-e0eb017be929, executeScript {script=var tr = window.top.G_testRunner;return !!tr && tr.isFinished();, args=[]}]
三月 23, 2014 4:12:54 下午 org.openqa.selenium.remote.RemoteWebDriver log
信息: Executed: [77348a09-a50f-b840-8b1f-e0eb017be929, executeScript {script=var tr = window.top.G_testRunner;return !!tr && tr.isFinished();, args=[]}]
三月 23, 2014 4:12:54 下午 org.openqa.selenium.remote.RemoteWebDriver log
信息: Executing: executeScript [77348a09-a50f-b840-8b1f-e0eb017be929, executeScript {script=var tr = window.top.G_testRunner;return !!tr && tr.isFinished();, args=[]}]
三月 23, 2014 4:12:54 下午 org.openqa.selenium.remote.RemoteWebDriver log
信息: Executed: [77348a09-a50f-b840-8b1f-e0eb017be929, executeScript {script=var tr = window.top.G_testRunner;return !!tr && tr.isFinished();, args=[]}]
三月 23, 2014 4:12:54 下午 org.openqa.selenium.remote.RemoteWebDriver log
信息: Executing: executeScript [77348a09-a50f-b840-8b1f-e0eb017be929, executeScript {script=var tr = window.top.G_testRunner;return !!tr && tr.isFinished();, args=[]}]
三月 23, 2014 4:12:54 下午 org.openqa.selenium.remote.RemoteWebDriver log
信息: Executed: [77348a09-a50f-b840-8b1f-e0eb017be929, executeScript {script=var tr = window.top.G_testRunner;return !!tr && tr.isFinished();, args=[]}]
三月 23, 2014 4:12:54 下午 org.openqa.selenium.remote.RemoteWebDriver log
信息: Executing: executeScript [77348a09-a50f-b840-8b1f-e0eb017be929, executeScript {script=var tr = window.top.G_testRunner;return !!tr && tr.isFinished();, args=[]}]
三月 23, 2014 4:12:54 下午 org.openqa.selenium.remote.RemoteWebDriver log
信息: Executed: [77348a09-a50f-b840-8b1f-e0eb017be929, executeScript {script=var tr = window.top.G_testRunner;return !!tr && tr.isFinished();, args=[]}]
三月 23, 2014 4:12:54 下午 org.openqa.selenium.remote.RemoteWebDriver log
信息: Executing: executeScript [77348a09-a50f-b840-8b1f-e0eb017be929, executeScript {script=var tr = window.top.G_testRunner;return !!tr && tr.isFinished();, args=[]}]
三月 23, 2014 4:12:54 下午 org.openqa.selenium.remote.RemoteWebDriver log
信息: Executed: [77348a09-a50f-b840-8b1f-e0eb017be929, executeScript {script=var tr = window.top.G_testRunner;return !!tr && tr.isFinished();, args=[]}]
三月 23, 2014 4:12:54 下午 org.openqa.selenium.remote.RemoteWebDriver log
信息: Executing: executeScript [77348a09-a50f-b840-8b1f-e0eb017be929, executeScript {script=var tr = window.top.G_testRunner;return !!tr && tr.isFinished();, args=[]}]
三月 23, 2014 4:12:54 下午 org.openqa.selenium.remote.RemoteWebDriver log
信息: Executed: [77348a09-a50f-b840-8b1f-e0eb017be929, executeScript {script=var tr = window.top.G_testRunner;return !!tr && tr.isFinished();, args=[]}]
三月 23, 2014 4:12:55 下午 org.openqa.selenium.remote.RemoteWebDriver log
信息: Executing: executeScript [77348a09-a50f-b840-8b1f-e0eb017be929, executeScript {script=var tr = window.top.G_testRunner;return !!tr && tr.isFinished();, args=[]}]
三月 23, 2014 4:12:55 下午 org.openqa.selenium.remote.RemoteWebDriver log
信息: Executed: [77348a09-a50f-b840-8b1f-e0eb017be929, executeScript {script=var tr = window.top.G_testRunner;return !!tr && tr.isFinished();, args=[]}]
三月 23, 2014 4:12:55 下午 org.openqa.selenium.remote.RemoteWebDriver log
信息: Executing: executeScript [77348a09-a50f-b840-8b1f-e0eb017be929, executeScript {script=var tr = window.top.G_testRunner;return !!tr && tr.isFinished();, args=[]}]
三月 23, 2014 4:12:55 下午 org.openqa.selenium.remote.RemoteWebDriver log
信息: Executed: [77348a09-a50f-b840-8b1f-e0eb017be929, executeScript {script=var tr = window.top.G_testRunner;return !!tr && tr.isFinished();, args=[]}]
三月 23, 2014 4:12:55 下午 org.openqa.selenium.remote.RemoteWebDriver log
信息: Executing: executeScript [77348a09-a50f-b840-8b1f-e0eb017be929, executeScript {script=var tr = window.top.G_testRunner;return !!tr && tr.isFinished();, args=[]}]
三月 23, 2014 4:12:55 下午 org.openqa.selenium.remote.RemoteWebDriver log
信息: Executed: [77348a09-a50f-b840-8b1f-e0eb017be929, executeScript {script=var tr = window.top.G_testRunner;return !!tr && tr.isFinished();, args=[]}]
三月 23, 2014 4:12:55 下午 org.openqa.selenium.remote.RemoteWebDriver log
信息: Executing: executeScript [77348a09-a50f-b840-8b1f-e0eb017be929, executeScript {script=var tr = window.top.G_testRunner;return !!tr && tr.isFinished();, args=[]}]
三月 23, 2014 4:12:55 下午 org.openqa.selenium.remote.RemoteWebDriver log
信息: Executed: [77348a09-a50f-b840-8b1f-e0eb017be929, executeScript {script=var tr = window.top.G_testRunner;return !!tr && tr.isFinished();, args=[]}]
三月 23, 2014 4:12:55 下午 org.openqa.selenium.remote.RemoteWebDriver log
信息: Executing: executeScript [77348a09-a50f-b840-8b1f-e0eb017be929, executeScript {script=var tr = window.top.G_testRunner;return !!tr && tr.isFinished();, args=[]}]
三月 23, 2014 4:12:55 下午 org.openqa.selenium.remote.RemoteWebDriver log
信息: Executed: [77348a09-a50f-b840-8b1f-e0eb017be929, executeScript {script=var tr = window.top.G_testRunner;return !!tr && tr.isFinished();, args=[]}]
三月 23, 2014 4:12:55 下午 org.openqa.selenium.remote.RemoteWebDriver log
信息: Executing: executeScript [77348a09-a50f-b840-8b1f-e0eb017be929, executeScript {script=var tr = window.top.G_testRunner;return !!tr && tr.isFinished();, args=[]}]
三月 23, 2014 4:12:55 下午 org.openqa.selenium.remote.RemoteWebDriver log
信息: Executed: [77348a09-a50f-b840-8b1f-e0eb017be929, executeScript {script=var tr = window.top.G_testRunner;return !!tr && tr.isFinished();, args=[]}]
三月 23, 2014 4:12:55 下午 org.openqa.selenium.remote.RemoteWebDriver log
信息: Executing: executeScript [77348a09-a50f-b840-8b1f-e0eb017be929, executeScript {script=var tr = window.top.G_testRunner;return !!tr && tr.isFinished();, args=[]}]
三月 23, 2014 4:12:55 下午 org.openqa.selenium.remote.RemoteWebDriver log
信息: Executed: [77348a09-a50f-b840-8b1f-e0eb017be929, executeScript {script=var tr = window.top.G_testRunner;return !!tr && tr.isFinished();, args=[]}]
三月 23, 2014 4:12:55 下午 org.openqa.selenium.remote.RemoteWebDriver log
信息: Executing: executeScript [77348a09-a50f-b840-8b1f-e0eb017be929, executeScript {script=var tr = window.top.G_testRunner;return !!tr && tr.isFinished();, args=[]}]
三月 23, 2014 4:12:55 下午 org.openqa.selenium.remote.RemoteWebDriver log
信息: Executed: [77348a09-a50f-b840-8b1f-e0eb017be929, executeScript {script=var tr = window.top.G_testRunner;return !!tr && tr.isFinished();, args=[]}]
三月 23, 2014 4:12:56 下午 org.openqa.selenium.remote.RemoteWebDriver log
信息: Executing: executeScript [77348a09-a50f-b840-8b1f-e0eb017be929, executeScript {script=var tr = window.top.G_testRunner;return !!tr && tr.isFinished();, args=[]}]
三月 23, 2014 4:12:56 下午 org.openqa.selenium.remote.RemoteWebDriver log
信息: Executed: [77348a09-a50f-b840-8b1f-e0eb017be929, executeScript {script=var tr = window.top.G_testRunner;return !!tr && tr.isFinished();, args=[]}]
三月 23, 2014 4:12:56 下午 org.openqa.selenium.remote.RemoteWebDriver log
信息: Executing: executeScript [77348a09-a50f-b840-8b1f-e0eb017be929, executeScript {script=var tr = window.top.G_testRunner;return !!tr && tr.isFinished();, args=[]}]
三月 23, 2014 4:12:56 下午 org.openqa.selenium.remote.RemoteWebDriver log
信息: Executed: [77348a09-a50f-b840-8b1f-e0eb017be929, executeScript {script=var tr = window.top.G_testRunner;return !!tr && tr.isFinished();, args=[]}]
三月 23, 2014 4:12:56 下午 org.openqa.selenium.remote.RemoteWebDriver log
信息: Executing: executeScript [77348a09-a50f-b840-8b1f-e0eb017be929, executeScript {script=var tr = window.top.G_testRunner;return !!tr && tr.isFinished();, args=[]}]
三月 23, 2014 4:12:56 下午 org.openqa.selenium.remote.RemoteWebDriver log
信息: Executed: [77348a09-a50f-b840-8b1f-e0eb017be929, executeScript {script=var tr = window.top.G_testRunner;return !!tr && tr.isFinished();, args=[]}]
三月 23, 2014 4:12:56 下午 org.openqa.selenium.remote.RemoteWebDriver log
信息: Executing: executeScript [77348a09-a50f-b840-8b1f-e0eb017be929, executeScript {script=var tr = window.top.G_testRunner;return !!tr && tr.isFinished();, args=[]}]
三月 23, 2014 4:12:56 下午 org.openqa.selenium.remote.RemoteWebDriver log
信息: Executed: [77348a09-a50f-b840-8b1f-e0eb017be929, executeScript {script=var tr = window.top.G_testRunner;return !!tr && tr.isFinished();, args=[]}]
三月 23, 2014 4:12:56 下午 org.openqa.selenium.remote.RemoteWebDriver log
信息: Executing: executeScript [77348a09-a50f-b840-8b1f-e0eb017be929, executeScript {script=var tr = window.top.G_testRunner;return !!tr && tr.isFinished();, args=[]}]
三月 23, 2014 4:12:56 下午 org.openqa.selenium.remote.RemoteWebDriver log
信息: Executed: [77348a09-a50f-b840-8b1f-e0eb017be929, executeScript {script=var tr = window.top.G_testRunner;return !!tr && tr.isFinished();, args=[]}]
三月 23, 2014 4:12:56 下午 org.openqa.selenium.remote.RemoteWebDriver log
信息: Executing: executeScript [77348a09-a50f-b840-8b1f-e0eb017be929, executeScript {script=var tr = window.top.G_testRunner;return !!tr && tr.isFinished();, args=[]}]
三月 23, 2014 4:12:56 下午 org.openqa.selenium.remote.RemoteWebDriver log
信息: Executed: [77348a09-a50f-b840-8b1f-e0eb017be929, executeScript {script=var tr = window.top.G_testRunner;return !!tr && tr.isFinished();, args=[]}]
三月 23, 2014 4:12:56 下午 org.openqa.selenium.remote.RemoteWebDriver log
信息: Executing: executeScript [77348a09-a50f-b840-8b1f-e0eb017be929, executeScript {script=var tr = window.top.G_testRunner;return !!tr && tr.isFinished();, args=[]}]
三月 23, 2014 4:12:56 下午 org.openqa.selenium.remote.RemoteWebDriver log
信息: Executed: [77348a09-a50f-b840-8b1f-e0eb017be929, executeScript {script=var tr = window.top.G_testRunner;return !!tr && tr.isFinished();, args=[]}]
三月 23, 2014 4:12:56 下午 org.openqa.selenium.remote.RemoteWebDriver log
信息: Executing: executeScript [77348a09-a50f-b840-8b1f-e0eb017be929, executeScript {script=var tr = window.top.G_testRunner;return !!tr && tr.isFinished();, args=[]}]
三月 23, 2014 4:12:56 下午 org.openqa.selenium.remote.RemoteWebDriver log
信息: Executed: [77348a09-a50f-b840-8b1f-e0eb017be929, executeScript {script=var tr = window.top.G_testRunner;return !!tr && tr.isFinished();, args=[]}]
三月 23, 2014 4:12:57 下午 org.openqa.selenium.remote.RemoteWebDriver log
信息: Executing: executeScript [77348a09-a50f-b840-8b1f-e0eb017be929, executeScript {script=var tr = window.top.G_testRunner;return !!tr && tr.isFinished();, args=[]}]
三月 23, 2014 4:12:57 下午 org.openqa.selenium.remote.RemoteWebDriver log
信息: Executed: [77348a09-a50f-b840-8b1f-e0eb017be929, executeScript {script=var tr = window.top.G_testRunner;return !!tr && tr.isFinished();, args=[]}]
三月 23, 2014 4:12:57 下午 org.openqa.selenium.remote.RemoteWebDriver log
信息: Executing: executeScript [77348a09-a50f-b840-8b1f-e0eb017be929, executeScript {script=var tr = window.top.G_testRunner;return !!tr && tr.isFinished();, args=[]}]
三月 23, 2014 4:12:57 下午 org.openqa.selenium.remote.RemoteWebDriver log
信息: Executed: [77348a09-a50f-b840-8b1f-e0eb017be929, executeScript {script=var tr = window.top.G_testRunner;return !!tr && tr.isFinished();, args=[]}]
三月 23, 2014 4:12:57 下午 org.openqa.selenium.remote.RemoteWebDriver log
信息: Executing: executeScript [77348a09-a50f-b840-8b1f-e0eb017be929, executeScript {script=var tr = window.top.G_testRunner;return !!tr && tr.isFinished();, args=[]}]
三月 23, 2014 4:12:57 下午 org.openqa.selenium.remote.RemoteWebDriver log
信息: Executed: [77348a09-a50f-b840-8b1f-e0eb017be929, executeScript {script=var tr = window.top.G_testRunner;return !!tr && tr.isFinished();, args=[]}]
三月 23, 2014 4:12:57 下午 org.openqa.selenium.remote.RemoteWebDriver log
信息: Executing: executeScript [77348a09-a50f-b840-8b1f-e0eb017be929, executeScript {script=var tr = window.top.G_testRunner;return !!tr && tr.isFinished();, args=[]}]
三月 23, 2014 4:12:57 下午 org.openqa.selenium.remote.RemoteWebDriver log
信息: Executed: [77348a09-a50f-b840-8b1f-e0eb017be929, executeScript {script=var tr = window.top.G_testRunner;return !!tr && tr.isFinished();, args=[]}]
三月 23, 2014 4:12:57 下午 org.openqa.selenium.remote.RemoteWebDriver log
信息: Executing: executeScript [77348a09-a50f-b840-8b1f-e0eb017be929, executeScript {script=var tr = window.top.G_testRunner;return !!tr && tr.isFinished();, args=[]}]
三月 23, 2014 4:12:57 下午 org.openqa.selenium.remote.RemoteWebDriver log
信息: Executed: [77348a09-a50f-b840-8b1f-e0eb017be929, executeScript {script=var tr = window.top.G_testRunner;return !!tr && tr.isFinished();, args=[]}]
三月 23, 2014 4:12:57 下午 org.openqa.selenium.remote.RemoteWebDriver log
信息: Executing: executeScript [77348a09-a50f-b840-8b1f-e0eb017be929, executeScript {script=var tr = window.top.G_testRunner;return !!tr && tr.isFinished();, args=[]}]
三月 23, 2014 4:12:57 下午 org.openqa.selenium.remote.RemoteWebDriver log
信息: Executed: [77348a09-a50f-b840-8b1f-e0eb017be929, executeScript {script=var tr = window.top.G_testRunner;return !!tr && tr.isFinished();, args=[]}]
三月 23, 2014 4:12:57 下午 org.openqa.selenium.remote.RemoteWebDriver log
信息: Executing: executeScript [77348a09-a50f-b840-8b1f-e0eb017be929, executeScript {script=var tr = window.top.G_testRunner;return !!tr && tr.isFinished();, args=[]}]
三月 23, 2014 4:12:57 下午 org.openqa.selenium.remote.RemoteWebDriver log
信息: Executed: [77348a09-a50f-b840-8b1f-e0eb017be929, executeScript {script=var tr = window.top.G_testRunner;return !!tr && tr.isFinished();, args=[]}]
三月 23, 2014 4:12:57 下午 org.openqa.selenium.remote.RemoteWebDriver log
信息: Executing: executeScript [77348a09-a50f-b840-8b1f-e0eb017be929, executeScript {script=var tr = window.top.G_testRunner;return !!tr && tr.isFinished();, args=[]}]
三月 23, 2014 4:12:57 下午 org.openqa.selenium.remote.RemoteWebDriver log
信息: Executed: [77348a09-a50f-b840-8b1f-e0eb017be929, executeScript {script=var tr = window.top.G_testRunner;return !!tr && tr.isFinished();, args=[]}]
三月 23, 2014 4:12:58 下午 org.openqa.selenium.remote.RemoteWebDriver log
信息: Executing: executeScript [77348a09-a50f-b840-8b1f-e0eb017be929, executeScript {script=var tr = window.top.G_testRunner;return !!tr && tr.isFinished();, args=[]}]
三月 23, 2014 4:12:58 下午 org.openqa.selenium.remote.RemoteWebDriver log
信息: Executed: [77348a09-a50f-b840-8b1f-e0eb017be929, executeScript {script=var tr = window.top.G_testRunner;return !!tr && tr.isFinished();, args=[]}]
三月 23, 2014 4:12:58 下午 org.openqa.selenium.remote.RemoteWebDriver log
信息: Executing: executeScript [77348a09-a50f-b840-8b1f-e0eb017be929, executeScript {script=var tr = window.top.G_testRunner;return !!tr && tr.isFinished();, args=[]}]
三月 23, 2014 4:12:58 下午 org.openqa.selenium.remote.RemoteWebDriver log
信息: Executed: [77348a09-a50f-b840-8b1f-e0eb017be929, executeScript {script=var tr = window.top.G_testRunner;return !!tr && tr.isFinished();, args=[]}]
三月 23, 2014 4:12:58 下午 org.openqa.selenium.remote.RemoteWebDriver log
信息: Executing: executeScript [77348a09-a50f-b840-8b1f-e0eb017be929, executeScript {script=var tr = window.top.G_testRunner;return !!tr && tr.isFinished();, args=[]}]
三月 23, 2014 4:12:58 下午 org.openqa.selenium.remote.RemoteWebDriver log
信息: Executed: [77348a09-a50f-b840-8b1f-e0eb017be929, executeScript {script=var tr = window.top.G_testRunner;return !!tr && tr.isFinished();, args=[]}]
三月 23, 2014 4:12:58 下午 org.openqa.selenium.remote.RemoteWebDriver log
信息: Executing: executeScript [77348a09-a50f-b840-8b1f-e0eb017be929, executeScript {script=var tr = window.top.G_testRunner;return !!tr && tr.isFinished();, args=[]}]
三月 23, 2014 4:12:58 下午 org.openqa.selenium.remote.RemoteWebDriver log
信息: Executed: [77348a09-a50f-b840-8b1f-e0eb017be929, executeScript {script=var tr = window.top.G_testRunner;return !!tr && tr.isFinished();, args=[]}]
三月 23, 2014 4:12:58 下午 org.openqa.selenium.remote.RemoteWebDriver log
信息: Executing: executeScript [77348a09-a50f-b840-8b1f-e0eb017be929, executeScript {script=var tr = window.top.G_testRunner;return !!tr && tr.isFinished();, args=[]}]
三月 23, 2014 4:12:58 下午 org.openqa.selenium.remote.RemoteWebDriver log
信息: Executed: [77348a09-a50f-b840-8b1f-e0eb017be929, executeScript {script=var tr = window.top.G_testRunner;return !!tr && tr.isFinished();, args=[]}]
三月 23, 2014 4:12:58 下午 org.openqa.selenium.remote.RemoteWebDriver log
信息: Executing: executeScript [77348a09-a50f-b840-8b1f-e0eb017be929, executeScript {script=var tr = window.top.G_testRunner;return !!tr && tr.isFinished();, args=[]}]
三月 23, 2014 4:12:58 下午 org.openqa.selenium.remote.RemoteWebDriver log
信息: Executed: [77348a09-a50f-b840-8b1f-e0eb017be929, executeScript {script=var tr = window.top.G_testRunner;return !!tr && tr.isFinished();, args=[]}]
三月 23, 2014 4:12:58 下午 org.openqa.selenium.remote.RemoteWebDriver log
信息: Executing: executeScript [77348a09-a50f-b840-8b1f-e0eb017be929, executeScript {script=var tr = window.top.G_testRunner;return !!tr && tr.isFinished();, args=[]}]
三月 23, 2014 4:12:58 下午 org.openqa.selenium.remote.RemoteWebDriver log
信息: Executed: [77348a09-a50f-b840-8b1f-e0eb017be929, executeScript {script=var tr = window.top.G_testRunner;return !!tr && tr.isFinished();, args=[]}]
三月 23, 2014 4:12:58 下午 org.openqa.selenium.remote.RemoteWebDriver log
信息: Executing: executeScript [77348a09-a50f-b840-8b1f-e0eb017be929, executeScript {script=var tr = window.top.G_testRunner;return !!tr && tr.isFinished();, args=[]}]
三月 23, 2014 4:12:58 下午 org.openqa.selenium.remote.RemoteWebDriver log
信息: Executed: [77348a09-a50f-b840-8b1f-e0eb017be929, executeScript {script=var tr = window.top.G_testRunner;return !!tr && tr.isFinished();, args=[]}]
三月 23, 2014 4:12:58 下午 org.openqa.selenium.remote.RemoteWebDriver log
信息: Executing: executeScript [77348a09-a50f-b840-8b1f-e0eb017be929, executeScript {script=var tr = window.top.G_testRunner;return !!tr && tr.isFinished();, args=[]}]
三月 23, 2014 4:12:59 下午 org.openqa.selenium.remote.RemoteWebDriver log
信息: Executed: [77348a09-a50f-b840-8b1f-e0eb017be929, executeScript {script=var tr = window.top.G_testRunner;return !!tr && tr.isFinished();, args=[]}]
三月 23, 2014 4:12:59 下午 org.openqa.selenium.remote.RemoteWebDriver log
信息: Executing: executeScript [77348a09-a50f-b840-8b1f-e0eb017be929, executeScript {script=var tr = window.top.G_testRunner;return !!tr && tr.isFinished();, args=[]}]
三月 23, 2014 4:12:59 下午 org.openqa.selenium.remote.RemoteWebDriver log
信息: Executed: [77348a09-a50f-b840-8b1f-e0eb017be929, executeScript {script=var tr = window.top.G_testRunner;return !!tr && tr.isFinished();, args=[]}]
三月 23, 2014 4:12:59 下午 org.openqa.selenium.remote.RemoteWebDriver log
信息: Executing: executeScript [77348a09-a50f-b840-8b1f-e0eb017be929, executeScript {script=var tr = window.top.G_testRunner;return !!tr && tr.isFinished();, args=[]}]
三月 23, 2014 4:12:59 下午 org.openqa.selenium.remote.RemoteWebDriver log
信息: Executed: [77348a09-a50f-b840-8b1f-e0eb017be929, executeScript {script=var tr = window.top.G_testRunner;return !!tr && tr.isFinished();, args=[]}]
三月 23, 2014 4:12:59 下午 org.openqa.selenium.remote.RemoteWebDriver log
信息: Executing: executeScript [77348a09-a50f-b840-8b1f-e0eb017be929, executeScript {script=var tr = window.top.G_testRunner;return !!tr && tr.isFinished();, args=[]}]
三月 23, 2014 4:12:59 下午 org.openqa.selenium.remote.RemoteWebDriver log
信息: Executed: [77348a09-a50f-b840-8b1f-e0eb017be929, executeScript {script=var tr = window.top.G_testRunner;return !!tr && tr.isFinished();, args=[]}]
三月 23, 2014 4:12:59 下午 org.openqa.selenium.remote.RemoteWebDriver log
信息: Executing: executeScript [77348a09-a50f-b840-8b1f-e0eb017be929, executeScript {script=var tr = window.top.G_testRunner;return !!tr && tr.isFinished();, args=[]}]
三月 23, 2014 4:12:59 下午 org.openqa.selenium.remote.RemoteWebDriver log
信息: Executed: [77348a09-a50f-b840-8b1f-e0eb017be929, executeScript {script=var tr = window.top.G_testRunner;return !!tr && tr.isFinished();, args=[]}]
三月 23, 2014 4:12:59 下午 org.openqa.selenium.remote.RemoteWebDriver log
信息: Executing: executeScript [77348a09-a50f-b840-8b1f-e0eb017be929, executeScript {script=var tr = window.top.G_testRunner;return !!tr && tr.isFinished();, args=[]}]
三月 23, 2014 4:12:59 下午 org.openqa.selenium.remote.RemoteWebDriver log
信息: Executed: [77348a09-a50f-b840-8b1f-e0eb017be929, executeScript {script=var tr = window.top.G_testRunner;return !!tr && tr.isFinished();, args=[]}]
三月 23, 2014 4:12:59 下午 org.openqa.selenium.remote.RemoteWebDriver log
信息: Executing: executeScript [77348a09-a50f-b840-8b1f-e0eb017be929, executeScript {script=var tr = window.top.G_testRunner;return !!tr && tr.isFinished();, args=[]}]
三月 23, 2014 4:12:59 下午 org.openqa.selenium.remote.RemoteWebDriver log
信息: Executed: [77348a09-a50f-b840-8b1f-e0eb017be929, executeScript {script=var tr = window.top.G_testRunner;return !!tr && tr.isFinished();, args=[]}]
三月 23, 2014 4:12:59 下午 org.openqa.selenium.remote.RemoteWebDriver log
信息: Executing: executeScript [77348a09-a50f-b840-8b1f-e0eb017be929, executeScript {script=var tr = window.top.G_testRunner;return !!tr && tr.isFinished();, args=[]}]
三月 23, 2014 4:12:59 下午 org.openqa.selenium.remote.RemoteWebDriver log
信息: Executed: [77348a09-a50f-b840-8b1f-e0eb017be929, executeScript {script=var tr = window.top.G_testRunner;return !!tr && tr.isFinished();, args=[]}]
三月 23, 2014 4:13:00 下午 org.openqa.selenium.remote.RemoteWebDriver log
信息: Executing: executeScript [77348a09-a50f-b840-8b1f-e0eb017be929, executeScript {script=var tr = window.top.G_testRunner;return !!tr && tr.isFinished();, args=[]}]
三月 23, 2014 4:13:00 下午 org.openqa.selenium.remote.RemoteWebDriver log
信息: Executed: [77348a09-a50f-b840-8b1f-e0eb017be929, executeScript {script=var tr = window.top.G_testRunner;return !!tr && tr.isFinished();, args=[]}]
三月 23, 2014 4:13:00 下午 org.openqa.selenium.remote.RemoteWebDriver log
信息: Executing: executeScript [77348a09-a50f-b840-8b1f-e0eb017be929, executeScript {script=var tr = window.top.G_testRunner;return !!tr && tr.isFinished();, args=[]}]
三月 23, 2014 4:13:00 下午 org.openqa.selenium.remote.RemoteWebDriver log
信息: Executed: [77348a09-a50f-b840-8b1f-e0eb017be929, executeScript {script=var tr = window.top.G_testRunner;return !!tr && tr.isFinished();, args=[]}]
三月 23, 2014 4:13:00 下午 org.openqa.selenium.remote.RemoteWebDriver log
信息: Executing: executeScript [77348a09-a50f-b840-8b1f-e0eb017be929, executeScript {script=var tr = window.top.G_testRunner;return !!tr && tr.isFinished();, args=[]}]
三月 23, 2014 4:13:00 下午 org.openqa.selenium.remote.RemoteWebDriver log
信息: Executed: [77348a09-a50f-b840-8b1f-e0eb017be929, executeScript {script=var tr = window.top.G_testRunner;return !!tr && tr.isFinished();, args=[]}]
三月 23, 2014 4:13:00 下午 org.openqa.selenium.remote.RemoteWebDriver log
信息: Executing: executeScript [77348a09-a50f-b840-8b1f-e0eb017be929, executeScript {script=var tr = window.top.G_testRunner;return !!tr && tr.isFinished();, args=[]}]
三月 23, 2014 4:13:00 下午 org.openqa.selenium.remote.RemoteWebDriver log
信息: Executed: [77348a09-a50f-b840-8b1f-e0eb017be929, executeScript {script=var tr = window.top.G_testRunner;return !!tr && tr.isFinished();, args=[]}]
三月 23, 2014 4:13:00 下午 org.openqa.selenium.remote.RemoteWebDriver log
信息: Executing: executeScript [77348a09-a50f-b840-8b1f-e0eb017be929, executeScript {script=var tr = window.top.G_testRunner;return !!tr && tr.isFinished();, args=[]}]
三月 23, 2014 4:13:00 下午 org.openqa.selenium.remote.RemoteWebDriver log
信息: Executed: [77348a09-a50f-b840-8b1f-e0eb017be929, executeScript {script=var tr = window.top.G_testRunner;return !!tr && tr.isFinished();, args=[]}]
三月 23, 2014 4:13:00 下午 org.openqa.selenium.remote.RemoteWebDriver log
信息: Executing: executeScript [77348a09-a50f-b840-8b1f-e0eb017be929, executeScript {script=var tr = window.top.G_testRunner;return !!tr && tr.isFinished();, args=[]}]
三月 23, 2014 4:13:00 下午 org.openqa.selenium.remote.RemoteWebDriver log
信息: Executed: [77348a09-a50f-b840-8b1f-e0eb017be929, executeScript {script=var tr = window.top.G_testRunner;return !!tr && tr.isFinished();, args=[]}]
三月 23, 2014 4:13:00 下午 org.openqa.selenium.remote.RemoteWebDriver log
信息: Executing: executeScript [77348a09-a50f-b840-8b1f-e0eb017be929, executeScript {script=var tr = window.top.G_testRunner;return !!tr && tr.isFinished();, args=[]}]
三月 23, 2014 4:13:00 下午 org.openqa.selenium.remote.RemoteWebDriver log
信息: Executed: [77348a09-a50f-b840-8b1f-e0eb017be929, executeScript {script=var tr = window.top.G_testRunner;return !!tr && tr.isFinished();, args=[]}]
三月 23, 2014 4:13:00 下午 org.openqa.selenium.remote.RemoteWebDriver log
信息: Executing: executeScript [77348a09-a50f-b840-8b1f-e0eb017be929, executeScript {script=var tr = window.top.G_testRunner;return !!tr && tr.isFinished();, args=[]}]
三月 23, 2014 4:13:01 下午 org.openqa.selenium.remote.RemoteWebDriver log
信息: Executed: [77348a09-a50f-b840-8b1f-e0eb017be929, executeScript {script=var tr = window.top.G_testRunner;return !!tr && tr.isFinished();, args=[]}]
三月 23, 2014 4:13:01 下午 org.openqa.selenium.remote.RemoteWebDriver log
信息: Executing: executeScript [77348a09-a50f-b840-8b1f-e0eb017be929, executeScript {script=var tr = window.top.G_testRunner;return !!tr && tr.isFinished();, args=[]}]
三月 23, 2014 4:13:01 下午 org.openqa.selenium.remote.RemoteWebDriver log
信息: Executed: [77348a09-a50f-b840-8b1f-e0eb017be929, executeScript {script=var tr = window.top.G_testRunner;return !!tr && tr.isFinished();, args=[]}]
三月 23, 2014 4:13:01 下午 org.openqa.selenium.remote.RemoteWebDriver log
信息: Executing: executeScript [77348a09-a50f-b840-8b1f-e0eb017be929, executeScript {script=var tr = window.top.G_testRunner;return !!tr && tr.isSuccess();, args=[]}]
三月 23, 2014 4:13:01 下午 org.openqa.selenium.remote.RemoteWebDriver log
信息: Executed: [77348a09-a50f-b840-8b1f-e0eb017be929, executeScript {script=var tr = window.top.G_testRunner;return !!tr && tr.isSuccess();, args=[]}]
三月 23, 2014 4:13:01 下午 org.openqa.selenium.javascript.ClosureTestStatement evaluate
信息: Running: http://localhost:33655/javascript/atoms/test/click_submit_test.html
三月 23, 2014 4:13:01 下午 org.openqa.selenium.remote.RemoteWebDriver log
信息: Executing: maximizeWindow [77348a09-a50f-b840-8b1f-e0eb017be929, maximizeWindow {windowHandle=current}]
三月 23, 2014 4:13:01 下午 org.openqa.selenium.remote.RemoteWebDriver log
信息: Executed: [77348a09-a50f-b840-8b1f-e0eb017be929, maximizeWindow {windowHandle=current}]
三月 23, 2014 4:13:01 下午 org.openqa.selenium.remote.RemoteWebDriver log
信息: Executing: executeScript [77348a09-a50f-b840-8b1f-e0eb017be929, executeScript {script=if (window && window.top) window.top.G_testRunner = null, args=[]}]
三月 23, 2014 4:13:01 下午 org.openqa.selenium.remote.RemoteWebDriver log
信息: Executed: [77348a09-a50f-b840-8b1f-e0eb017be929, executeScript {script=if (window && window.top) window.top.G_testRunner = null, args=[]}]
三月 23, 2014 4:13:01 下午 org.openqa.selenium.remote.RemoteWebDriver log
信息: Executing: get [77348a09-a50f-b840-8b1f-e0eb017be929, get {url=http://localhost:33655/javascript/atoms/test/click_submit_test.html}]
三月 23, 2014 4:13:01 下午 org.openqa.selenium.remote.RemoteWebDriver log
信息: Executed: [77348a09-a50f-b840-8b1f-e0eb017be929, get {url=http://localhost:33655/javascript/atoms/test/click_submit_test.html}]
三月 23, 2014 4:13:01 下午 org.openqa.selenium.remote.RemoteWebDriver log
信息: Executing: executeScript [77348a09-a50f-b840-8b1f-e0eb017be929, executeScript {script=var tr = window.top.G_testRunner;return !!tr && tr.isFinished();, args=[]}]
三月 23, 2014 4:13:01 下午 org.openqa.selenium.remote.RemoteWebDriver log
信息: Executed: [77348a09-a50f-b840-8b1f-e0eb017be929, executeScript {script=var tr = window.top.G_testRunner;return !!tr && tr.isFinished();, args=[]}]
三月 23, 2014 4:13:01 下午 org.openqa.selenium.remote.RemoteWebDriver log
信息: Executing: executeScript [77348a09-a50f-b840-8b1f-e0eb017be929, executeScript {script=var tr = window.top.G_testRunner;return !!tr && tr.isFinished();, args=[]}]
三月 23, 2014 4:13:01 下午 org.openqa.selenium.remote.RemoteWebDriver log
信息: Executed: [77348a09-a50f-b840-8b1f-e0eb017be929, executeScript {script=var tr = window.top.G_testRunner;return !!tr && tr.isFinished();, args=[]}]
三月 23, 2014 4:13:01 下午 org.openqa.selenium.remote.RemoteWebDriver log
信息: Executing: executeScript [77348a09-a50f-b840-8b1f-e0eb017be929, executeScript {script=var tr = window.top.G_testRunner;return !!tr && tr.isFinished();, args=[]}]
三月 23, 2014 4:13:01 下午 org.openqa.selenium.remote.RemoteWebDriver log
信息: Executed: [77348a09-a50f-b840-8b1f-e0eb017be929, executeScript {script=var tr = window.top.G_testRunner;return !!tr && tr.isFinished();, args=[]}]
三月 23, 2014 4:13:01 下午 org.openqa.selenium.remote.RemoteWebDriver log
信息: Executing: executeScript [77348a09-a50f-b840-8b1f-e0eb017be929, executeScript {script=var tr = window.top.G_testRunner;return !!tr && tr.isFinished();, args=[]}]
三月 23, 2014 4:13:01 下午 org.openqa.selenium.remote.RemoteWebDriver log
信息: Executed: [77348a09-a50f-b840-8b1f-e0eb017be929, executeScript {script=var tr = window.top.G_testRunner;return !!tr && tr.isFinished();, args=[]}]
三月 23, 2014 4:13:01 下午 org.openqa.selenium.remote.RemoteWebDriver log
信息: Executing: executeScript [77348a09-a50f-b840-8b1f-e0eb017be929, executeScript {script=var tr = window.top.G_testRunner;return !!tr && tr.isFinished();, args=[]}]
三月 23, 2014 4:13:01 下午 org.openqa.selenium.remote.RemoteWebDriver log
信息: Executed: [77348a09-a50f-b840-8b1f-e0eb017be929, executeScript {script=var tr = window.top.G_testRunner;return !!tr && tr.isFinished();, args=[]}]
三月 23, 2014 4:13:01 下午 org.openqa.selenium.remote.RemoteWebDriver log
信息: Executing: executeScript [77348a09-a50f-b840-8b1f-e0eb017be929, executeScript {script=var tr = window.top.G_testRunner;return !!tr && tr.isFinished();, args=[]}]
三月 23, 2014 4:13:02 下午 org.openqa.selenium.remote.RemoteWebDriver log
信息: Executed: [77348a09-a50f-b840-8b1f-e0eb017be929, executeScript {script=var tr = window.top.G_testRunner;return !!tr && tr.isFinished();, args=[]}]
三月 23, 2014 4:13:02 下午 org.openqa.selenium.remote.RemoteWebDriver log
信息: Executing: executeScript [77348a09-a50f-b840-8b1f-e0eb017be929, executeScript {script=var tr = window.top.G_testRunner;return !!tr && tr.isFinished();, args=[]}]
三月 23, 2014 4:13:02 下午 org.openqa.selenium.remote.RemoteWebDriver log
信息: Executed: [77348a09-a50f-b840-8b1f-e0eb017be929, executeScript {script=var tr = window.top.G_testRunner;return !!tr && tr.isFinished();, args=[]}]
三月 23, 2014 4:13:02 下午 org.openqa.selenium.remote.RemoteWebDriver log
信息: Executing: executeScript [77348a09-a50f-b840-8b1f-e0eb017be929, executeScript {script=var tr = window.top.G_testRunner;return !!tr && tr.isFinished();, args=[]}]
三月 23, 2014 4:13:02 下午 org.openqa.selenium.remote.RemoteWebDriver log
信息: Executed: [77348a09-a50f-b840-8b1f-e0eb017be929, executeScript {script=var tr = window.top.G_testRunner;return !!tr && tr.isFinished();, args=[]}]
三月 23, 2014 4:13:02 下午 org.openqa.selenium.remote.RemoteWebDriver log
信息: Executing: executeScript [77348a09-a50f-b840-8b1f-e0eb017be929, executeScript {script=var tr = window.top.G_testRunner;return !!tr && tr.isFinished();, args=[]}]
三月 23, 2014 4:13:02 下午 org.openqa.selenium.remote.RemoteWebDriver log
信息: Executed: [77348a09-a50f-b840-8b1f-e0eb017be929, executeScript {script=var tr = window.top.G_testRunner;return !!tr && tr.isFinished();, args=[]}]
三月 23, 2014 4:13:02 下午 org.openqa.selenium.remote.RemoteWebDriver log
信息: Executing: executeScript [77348a09-a50f-b840-8b1f-e0eb017be929, executeScript {script=var tr = window.top.G_testRunner;return !!tr && tr.isFinished();, args=[]}]
三月 23, 2014 4:13:02 下午 org.openqa.selenium.remote.RemoteWebDriver log
信息: Executed: [77348a09-a50f-b840-8b1f-e0eb017be929, executeScript {script=var tr = window.top.G_testRunner;return !!tr && tr.isFinished();, args=[]}]
三月 23, 2014 4:13:02 下午 org.openqa.selenium.remote.RemoteWebDriver log
信息: Executing: executeScript [77348a09-a50f-b840-8b1f-e0eb017be929, executeScript {script=var tr = window.top.G_testRunner;return !!tr && tr.isSuccess();, args=[]}]
三月 23, 2014 4:13:02 下午 org.openqa.selenium.remote.RemoteWebDriver log
信息: Executed: [77348a09-a50f-b840-8b1f-e0eb017be929, executeScript {script=var tr = window.top.G_testRunner;return !!tr && tr.isSuccess();, args=[]}]
三月 23, 2014 4:13:02 下午 org.openqa.selenium.javascript.ClosureTestStatement evaluate
信息: Running: http://localhost:33655/javascript/atoms/test/click_test.html
三月 23, 2014 4:13:02 下午 org.openqa.selenium.remote.RemoteWebDriver log
信息: Executing: maximizeWindow [77348a09-a50f-b840-8b1f-e0eb017be929, maximizeWindow {windowHandle=current}]
三月 23, 2014 4:13:02 下午 org.openqa.selenium.remote.RemoteWebDriver log
信息: Executed: [77348a09-a50f-b840-8b1f-e0eb017be929, maximizeWindow {windowHandle=current}]
三月 23, 2014 4:13:02 下午 org.openqa.selenium.remote.RemoteWebDriver log
信息: Executing: executeScript [77348a09-a50f-b840-8b1f-e0eb017be929, executeScript {script=if (window && window.top) window.top.G_testRunner = null, args=[]}]
三月 23, 2014 4:13:02 下午 org.openqa.selenium.remote.RemoteWebDriver log
信息: Executed: [77348a09-a50f-b840-8b1f-e0eb017be929, executeScript {script=if (window && window.top) window.top.G_testRunner = null, args=[]}]
三月 23, 2014 4:13:02 下午 org.openqa.selenium.remote.RemoteWebDriver log
信息: Executing: get [77348a09-a50f-b840-8b1f-e0eb017be929, get {url=http://localhost:33655/javascript/atoms/test/click_test.html}]
三月 23, 2014 4:13:02 下午 org.openqa.selenium.remote.RemoteWebDriver log
信息: Executed: [77348a09-a50f-b840-8b1f-e0eb017be929, get {url=http://localhost:33655/javascript/atoms/test/click_test.html}]
三月 23, 2014 4:13:02 下午 org.openqa.selenium.remote.RemoteWebDriver log
信息: Executing: executeScript [77348a09-a50f-b840-8b1f-e0eb017be929, executeScript {script=var tr = window.top.G_testRunner;return !!tr && tr.isFinished();, args=[]}]
三月 23, 2014 4:13:02 下午 org.openqa.selenium.remote.RemoteWebDriver log
信息: Executed: [77348a09-a50f-b840-8b1f-e0eb017be929, executeScript {script=var tr = window.top.G_testRunner;return !!tr && tr.isFinished();, args=[]}]
三月 23, 2014 4:13:02 下午 org.openqa.selenium.remote.RemoteWebDriver log
信息: Executing: executeScript [77348a09-a50f-b840-8b1f-e0eb017be929, executeScript {script=var tr = window.top.G_testRunner;return !!tr && tr.isFinished();, args=[]}]
三月 23, 2014 4:13:03 下午 org.openqa.selenium.remote.RemoteWebDriver log
信息: Executed: [77348a09-a50f-b840-8b1f-e0eb017be929, executeScript {script=var tr = window.top.G_testRunner;return !!tr && tr.isFinished();, args=[]}]
三月 23, 2014 4:13:03 下午 org.openqa.selenium.remote.RemoteWebDriver log
信息: Executing: executeScript [77348a09-a50f-b840-8b1f-e0eb017be929, executeScript {script=var tr = window.top.G_testRunner;return !!tr && tr.isFinished();, args=[]}]
三月 23, 2014 4:13:03 下午 org.openqa.selenium.remote.RemoteWebDriver log
信息: Executed: [77348a09-a50f-b840-8b1f-e0eb017be929, executeScript {script=var tr = window.top.G_testRunner;return !!tr && tr.isFinished();, args=[]}]
三月 23, 2014 4:13:03 下午 org.openqa.selenium.remote.RemoteWebDriver log
信息: Executing: executeScript [77348a09-a50f-b840-8b1f-e0eb017be929, executeScript {script=var tr = window.top.G_testRunner;return !!tr && tr.isFinished();, args=[]}]
三月 23, 2014 4:13:03 下午 org.openqa.selenium.remote.RemoteWebDriver log
信息: Executed: [77348a09-a50f-b840-8b1f-e0eb017be929, executeScript {script=var tr = window.top.G_testRunner;return !!tr && tr.isFinished();, args=[]}]
三月 23, 2014 4:13:03 下午 org.openqa.selenium.remote.RemoteWebDriver log
信息: Executing: executeScript [77348a09-a50f-b840-8b1f-e0eb017be929, executeScript {script=var tr = window.top.G_testRunner;return !!tr && tr.isFinished();, args=[]}]
三月 23, 2014 4:13:03 下午 org.openqa.selenium.remote.RemoteWebDriver log
信息: Executed: [77348a09-a50f-b840-8b1f-e0eb017be929, executeScript {script=var tr = window.top.G_testRunner;return !!tr && tr.isFinished();, args=[]}]
三月 23, 2014 4:13:03 下午 org.openqa.selenium.remote.RemoteWebDriver log
信息: Executing: executeScript [77348a09-a50f-b840-8b1f-e0eb017be929, executeScript {script=var tr = window.top.G_testRunner;return !!tr && tr.isFinished();, args=[]}]
三月 23, 2014 4:13:03 下午 org.openqa.selenium.remote.RemoteWebDriver log
信息: Executed: [77348a09-a50f-b840-8b1f-e0eb017be929, executeScript {script=var tr = window.top.G_testRunner;return !!tr && tr.isFinished();, args=[]}]
三月 23, 2014 4:13:03 下午 org.openqa.selenium.remote.RemoteWebDriver log
信息: Executing: executeScript [77348a09-a50f-b840-8b1f-e0eb017be929, executeScript {script=var tr = window.top.G_testRunner;return !!tr && tr.isSuccess();, args=[]}]
三月 23, 2014 4:13:03 下午 org.openqa.selenium.remote.RemoteWebDriver log
信息: Executed: [77348a09-a50f-b840-8b1f-e0eb017be929, executeScript {script=var tr = window.top.G_testRunner;return !!tr && tr.isSuccess();, args=[]}]
三月 23, 2014 4:13:03 下午 org.openqa.selenium.javascript.ClosureTestStatement evaluate
信息: Running: http://localhost:33655/javascript/atoms/test/clientrect_test.html
三月 23, 2014 4:13:03 下午 org.openqa.selenium.remote.RemoteWebDriver log
信息: Executing: maximizeWindow [77348a09-a50f-b840-8b1f-e0eb017be929, maximizeWindow {windowHandle=current}]
三月 23, 2014 4:13:03 下午 org.openqa.selenium.remote.RemoteWebDriver log
信息: Executed: [77348a09-a50f-b840-8b1f-e0eb017be929, maximizeWindow {windowHandle=current}]
三月 23, 2014 4:13:03 下午 org.openqa.selenium.remote.RemoteWebDriver log
信息: Executing: executeScript [77348a09-a50f-b840-8b1f-e0eb017be929, executeScript {script=if (window && window.top) window.top.G_testRunner = null, args=[]}]
三月 23, 2014 4:13:03 下午 org.openqa.selenium.remote.RemoteWebDriver log
信息: Executed: [77348a09-a50f-b840-8b1f-e0eb017be929, executeScript {script=if (window && window.top) window.top.G_testRunner = null, args=[]}]
三月 23, 2014 4:13:03 下午 org.openqa.selenium.remote.RemoteWebDriver log
信息: Executing: get [77348a09-a50f-b840-8b1f-e0eb017be929, get {url=http://localhost:33655/javascript/atoms/test/clientrect_test.html}]
三月 23, 2014 4:13:03 下午 org.openqa.selenium.remote.RemoteWebDriver log
信息: Executed: [77348a09-a50f-b840-8b1f-e0eb017be929, get {url=http://localhost:33655/javascript/atoms/test/clientrect_test.html}]
三月 23, 2014 4:13:03 下午 org.openqa.selenium.remote.RemoteWebDriver log
信息: Executing: executeScript [77348a09-a50f-b840-8b1f-e0eb017be929, executeScript {script=var tr = window.top.G_testRunner;return !!tr && tr.isFinished();, args=[]}]
三月 23, 2014 4:13:03 下午 org.openqa.selenium.remote.RemoteWebDriver log
信息: Executed: [77348a09-a50f-b840-8b1f-e0eb017be929, executeScript {script=var tr = window.top.G_testRunner;return !!tr && tr.isFinished();, args=[]}]
三月 23, 2014 4:13:03 下午 org.openqa.selenium.remote.RemoteWebDriver log
信息: Executing: executeScript [77348a09-a50f-b840-8b1f-e0eb017be929, executeScript {script=var tr = window.top.G_testRunner;return !!tr && tr.isFinished();, args=[]}]
三月 23, 2014 4:13:03 下午 org.openqa.selenium.remote.RemoteWebDriver log
信息: Executed: [77348a09-a50f-b840-8b1f-e0eb017be929, executeScript {script=var tr = window.top.G_testRunner;return !!tr && tr.isFinished();, args=[]}]
三月 23, 2014 4:13:04 下午 org.openqa.selenium.remote.RemoteWebDriver log
信息: Executing: executeScript [77348a09-a50f-b840-8b1f-e0eb017be929, executeScript {script=var tr = window.top.G_testRunner;return !!tr && tr.isFinished();, args=[]}]
三月 23, 2014 4:13:04 下午 org.openqa.selenium.remote.RemoteWebDriver log
信息: Executed: [77348a09-a50f-b840-8b1f-e0eb017be929, executeScript {script=var tr = window.top.G_testRunner;return !!tr && tr.isFinished();, args=[]}]
三月 23, 2014 4:13:04 下午 org.openqa.selenium.remote.RemoteWebDriver log
信息: Executing: executeScript [77348a09-a50f-b840-8b1f-e0eb017be929, executeScript {script=var tr = window.top.G_testRunner;return !!tr && tr.isFinished();, args=[]}]
三月 23, 2014 4:13:04 下午 org.openqa.selenium.remote.RemoteWebDriver log
信息: Executed: [77348a09-a50f-b840-8b1f-e0eb017be929, executeScript {script=var tr = window.top.G_testRunner;return !!tr && tr.isFinished();, args=[]}]
三月 23, 2014 4:13:04 下午 org.openqa.selenium.remote.RemoteWebDriver log
信息: Executing: executeScript [77348a09-a50f-b840-8b1f-e0eb017be929, executeScript {script=var tr = window.top.G_testRunner;return !!tr && tr.isFinished();, args=[]}]
三月 23, 2014 4:13:04 下午 org.openqa.selenium.remote.RemoteWebDriver log
信息: Executed: [77348a09-a50f-b840-8b1f-e0eb017be929, executeScript {script=var tr = window.top.G_testRunner;return !!tr && tr.isFinished();, args=[]}]
三月 23, 2014 4:13:04 下午 org.openqa.selenium.remote.RemoteWebDriver log
信息: Executing: executeScript [77348a09-a50f-b840-8b1f-e0eb017be929, executeScript {script=var tr = window.top.G_testRunner;return !!tr && tr.isFinished();, args=[]}]
三月 23, 2014 4:13:04 下午 org.openqa.selenium.remote.RemoteWebDriver log
信息: Executed: [77348a09-a50f-b840-8b1f-e0eb017be929, executeScript {script=var tr = window.top.G_testRunner;return !!tr && tr.isFinished();, args=[]}]
三月 23, 2014 4:13:04 下午 org.openqa.selenium.remote.RemoteWebDriver log
信息: Executing: executeScript [77348a09-a50f-b840-8b1f-e0eb017be929, executeScript {script=var tr = window.top.G_testRunner;return !!tr && tr.isSuccess();, args=[]}]
三月 23, 2014 4:13:04 下午 org.openqa.selenium.remote.RemoteWebDriver log
信息: Executed: [77348a09-a50f-b840-8b1f-e0eb017be929, executeScript {script=var tr = window.top.G_testRunner;return !!tr && tr.isSuccess();, args=[]}]
三月 23, 2014 4:13:04 下午 org.openqa.selenium.javascript.ClosureTestStatement evaluate
信息: Running: http://localhost:33655/javascript/atoms/test/color_test.html
三月 23, 2014 4:13:04 下午 org.openqa.selenium.remote.RemoteWebDriver log
信息: Executing: maximizeWindow [77348a09-a50f-b840-8b1f-e0eb017be929, maximizeWindow {windowHandle=current}]
三月 23, 2014 4:13:04 下午 org.openqa.selenium.remote.RemoteWebDriver log
信息: Executed: [77348a09-a50f-b840-8b1f-e0eb017be929, maximizeWindow {windowHandle=current}]
三月 23, 2014 4:13:04 下午 org.openqa.selenium.remote.RemoteWebDriver log
信息: Executing: executeScript [77348a09-a50f-b840-8b1f-e0eb017be929, executeScript {script=if (window && window.top) window.top.G_testRunner = null, args=[]}]
三月 23, 2014 4:13:04 下午 org.openqa.selenium.remote.RemoteWebDriver log
信息: Executed: [77348a09-a50f-b840-8b1f-e0eb017be929, executeScript {script=if (window && window.top) window.top.G_testRunner = null, args=[]}]
三月 23, 2014 4:13:04 下午 org.openqa.selenium.remote.RemoteWebDriver log
信息: Executing: get [77348a09-a50f-b840-8b1f-e0eb017be929, get {url=http://localhost:33655/javascript/atoms/test/color_test.html}]
三月 23, 2014 4:13:04 下午 org.openqa.selenium.remote.RemoteWebDriver log
信息: Executed: [77348a09-a50f-b840-8b1f-e0eb017be929, get {url=http://localhost:33655/javascript/atoms/test/color_test.html}]
三月 23, 2014 4:13:04 下午 org.openqa.selenium.remote.RemoteWebDriver log
信息: Executing: executeScript [77348a09-a50f-b840-8b1f-e0eb017be929, executeScript {script=var tr = window.top.G_testRunner;return !!tr && tr.isFinished();, args=[]}]
三月 23, 2014 4:13:04 下午 org.openqa.selenium.remote.RemoteWebDriver log
信息: Executed: [77348a09-a50f-b840-8b1f-e0eb017be929, executeScript {script=var tr = window.top.G_testRunner;return !!tr && tr.isFinished();, args=[]}]
三月 23, 2014 4:13:04 下午 org.openqa.selenium.remote.RemoteWebDriver log
信息: Executing: executeScript [77348a09-a50f-b840-8b1f-e0eb017be929, executeScript {script=var tr = window.top.G_testRunner;return !!tr && tr.isFinished();, args=[]}]
三月 23, 2014 4:13:04 下午 org.openqa.selenium.remote.RemoteWebDriver log
信息: Executed: [77348a09-a50f-b840-8b1f-e0eb017be929, executeScript {script=var tr = window.top.G_testRunner;return !!tr && tr.isFinished();, args=[]}]
三月 23, 2014 4:13:04 下午 org.openqa.selenium.remote.RemoteWebDriver log
信息: Executing: executeScript [77348a09-a50f-b840-8b1f-e0eb017be929, executeScript {script=var tr = window.top.G_testRunner;return !!tr && tr.isFinished();, args=[]}]
三月 23, 2014 4:13:04 下午 org.openqa.selenium.remote.RemoteWebDriver log
信息: Executed: [77348a09-a50f-b840-8b1f-e0eb017be929, executeScript {script=var tr = window.top.G_testRunner;return !!tr && tr.isFinished();, args=[]}]
三月 23, 2014 4:13:04 下午 org.openqa.selenium.remote.RemoteWebDriver log
信息: Executing: executeScript [77348a09-a50f-b840-8b1f-e0eb017be929, executeScript {script=var tr = window.top.G_testRunner;return !!tr && tr.isFinished();, args=[]}]
三月 23, 2014 4:13:04 下午 org.openqa.selenium.remote.RemoteWebDriver log
信息: Executed: [77348a09-a50f-b840-8b1f-e0eb017be929, executeScript {script=var tr = window.top.G_testRunner;return !!tr && tr.isFinished();, args=[]}]
三月 23, 2014 4:13:04 下午 org.openqa.selenium.remote.RemoteWebDriver log
信息: Executing: executeScript [77348a09-a50f-b840-8b1f-e0eb017be929, executeScript {script=var tr = window.top.G_testRunner;return !!tr && tr.isFinished();, args=[]}]
三月 23, 2014 4:13:04 下午 org.openqa.selenium.remote.RemoteWebDriver log
信息: Executed: [77348a09-a50f-b840-8b1f-e0eb017be929, executeScript {script=var tr = window.top.G_testRunner;return !!tr && tr.isFinished();, args=[]}]
三月 23, 2014 4:13:05 下午 org.openqa.selenium.remote.RemoteWebDriver log
信息: Executing: executeScript [77348a09-a50f-b840-8b1f-e0eb017be929, executeScript {script=var tr = window.top.G_testRunner;return !!tr && tr.isFinished();, args=[]}]
三月 23, 2014 4:13:05 下午 org.openqa.selenium.remote.RemoteWebDriver log
信息: Executed: [77348a09-a50f-b840-8b1f-e0eb017be929, executeScript {script=var tr = window.top.G_testRunner;return !!tr && tr.isFinished();, args=[]}]
三月 23, 2014 4:13:05 下午 org.openqa.selenium.remote.RemoteWebDriver log
信息: Executing: executeScript [77348a09-a50f-b840-8b1f-e0eb017be929, executeScript {script=var tr = window.top.G_testRunner;return !!tr && tr.isSuccess();, args=[]}]
三月 23, 2014 4:13:05 下午 org.openqa.selenium.remote.RemoteWebDriver log
信息: Executed: [77348a09-a50f-b840-8b1f-e0eb017be929, executeScript {script=var tr = window.top.G_testRunner;return !!tr && tr.isSuccess();, args=[]}]
三月 23, 2014 4:13:05 下午 org.openqa.selenium.javascript.ClosureTestStatement evaluate
信息: Running: http://localhost:33655/javascript/atoms/test/dom_test.html
三月 23, 2014 4:13:05 下午 org.openqa.selenium.remote.RemoteWebDriver log
信息: Executing: maximizeWindow [77348a09-a50f-b840-8b1f-e0eb017be929, maximizeWindow {windowHandle=current}]
三月 23, 2014 4:13:05 下午 org.openqa.selenium.remote.RemoteWebDriver log
信息: Executed: [77348a09-a50f-b840-8b1f-e0eb017be929, maximizeWindow {windowHandle=current}]
三月 23, 2014 4:13:05 下午 org.openqa.selenium.remote.RemoteWebDriver log
信息: Executing: executeScript [77348a09-a50f-b840-8b1f-e0eb017be929, executeScript {script=if (window && window.top) window.top.G_testRunner = null, args=[]}]
三月 23, 2014 4:13:05 下午 org.openqa.selenium.remote.RemoteWebDriver log
信息: Executed: [77348a09-a50f-b840-8b1f-e0eb017be929, executeScript {script=if (window && window.top) window.top.G_testRunner = null, args=[]}]
三月 23, 2014 4:13:05 下午 org.openqa.selenium.remote.RemoteWebDriver log
信息: Executing: get [77348a09-a50f-b840-8b1f-e0eb017be929, get {url=http://localhost:33655/javascript/atoms/test/dom_test.html}]
三月 23, 2014 4:13:05 下午 org.openqa.selenium.remote.RemoteWebDriver log
信息: Executed: [77348a09-a50f-b840-8b1f-e0eb017be929, get {url=http://localhost:33655/javascript/atoms/test/dom_test.html}]
三月 23, 2014 4:13:05 下午 org.openqa.selenium.remote.RemoteWebDriver log
信息: Executing: executeScript [77348a09-a50f-b840-8b1f-e0eb017be929, executeScript {script=var tr = window.top.G_testRunner;return !!tr && tr.isFinished();, args=[]}]
三月 23, 2014 4:13:05 下午 org.openqa.selenium.remote.RemoteWebDriver log
信息: Executed: [77348a09-a50f-b840-8b1f-e0eb017be929, executeScript {script=var tr = window.top.G_testRunner;return !!tr && tr.isFinished();, args=[]}]
三月 23, 2014 4:13:05 下午 org.openqa.selenium.remote.RemoteWebDriver log
信息: Executing: executeScript [77348a09-a50f-b840-8b1f-e0eb017be929, executeScript {script=var tr = window.top.G_testRunner;return !!tr && tr.isFinished();, args=[]}]
三月 23, 2014 4:13:05 下午 org.openqa.selenium.remote.RemoteWebDriver log
信息: Executed: [77348a09-a50f-b840-8b1f-e0eb017be929, executeScript {script=var tr = window.top.G_testRunner;return !!tr && tr.isFinished();, args=[]}]
三月 23, 2014 4:13:05 下午 org.openqa.selenium.remote.RemoteWebDriver log
信息: Executing: executeScript [77348a09-a50f-b840-8b1f-e0eb017be929, executeScript {script=var tr = window.top.G_testRunner;return !!tr && tr.isFinished();, args=[]}]
三月 23, 2014 4:13:05 下午 org.openqa.selenium.remote.RemoteWebDriver log
信息: Executed: [77348a09-a50f-b840-8b1f-e0eb017be929, executeScript {script=var tr = window.top.G_testRunner;return !!tr && tr.isFinished();, args=[]}]
三月 23, 2014 4:13:05 下午 org.openqa.selenium.remote.RemoteWebDriver log
信息: Executing: executeScript [77348a09-a50f-b840-8b1f-e0eb017be929, executeScript {script=var tr = window.top.G_testRunner;return !!tr && tr.isFinished();, args=[]}]
三月 23, 2014 4:13:05 下午 org.openqa.selenium.remote.RemoteWebDriver log
信息: Executed: [77348a09-a50f-b840-8b1f-e0eb017be929, executeScript {script=var tr = window.top.G_testRunner;return !!tr && tr.isFinished();, args=[]}]
三月 23, 2014 4:13:05 下午 org.openqa.selenium.remote.RemoteWebDriver log
信息: Executing: executeScript [77348a09-a50f-b840-8b1f-e0eb017be929, executeScript {script=var tr = window.top.G_testRunner;return !!tr && tr.isFinished();, args=[]}]
三月 23, 2014 4:13:05 下午 org.openqa.selenium.remote.RemoteWebDriver log
信息: Executed: [77348a09-a50f-b840-8b1f-e0eb017be929, executeScript {script=var tr = window.top.G_testRunner;return !!tr && tr.isFinished();, args=[]}]
三月 23, 2014 4:13:05 下午 org.openqa.selenium.remote.RemoteWebDriver log
信息: Executing: executeScript [77348a09-a50f-b840-8b1f-e0eb017be929, executeScript {script=var tr = window.top.G_testRunner;return !!tr && tr.isFinished();, args=[]}]
三月 23, 2014 4:13:05 下午 org.openqa.selenium.remote.RemoteWebDriver log
信息: Executed: [77348a09-a50f-b840-8b1f-e0eb017be929, executeScript {script=var tr = window.top.G_testRunner;return !!tr && tr.isFinished();, args=[]}]
三月 23, 2014 4:13:05 下午 org.openqa.selenium.remote.RemoteWebDriver log
信息: Executing: executeScript [77348a09-a50f-b840-8b1f-e0eb017be929, executeScript {script=var tr = window.top.G_testRunner;return !!tr && tr.isSuccess();, args=[]}]
三月 23, 2014 4:13:05 下午 org.openqa.selenium.remote.RemoteWebDriver log
信息: Executed: [77348a09-a50f-b840-8b1f-e0eb017be929, executeScript {script=var tr = window.top.G_testRunner;return !!tr && tr.isSuccess();, args=[]}]
三月 23, 2014 4:13:05 下午 org.openqa.selenium.javascript.ClosureTestStatement evaluate
信息: Running: http://localhost:33655/javascript/atoms/test/drag_test.html
三月 23, 2014 4:13:05 下午 org.openqa.selenium.remote.RemoteWebDriver log
信息: Executing: maximizeWindow [77348a09-a50f-b840-8b1f-e0eb017be929, maximizeWindow {windowHandle=current}]
三月 23, 2014 4:13:05 下午 org.openqa.selenium.remote.RemoteWebDriver log
信息: Executed: [77348a09-a50f-b840-8b1f-e0eb017be929, maximizeWindow {windowHandle=current}]
三月 23, 2014 4:13:05 下午 org.openqa.selenium.remote.RemoteWebDriver log
信息: Executing: executeScript [77348a09-a50f-b840-8b1f-e0eb017be929, executeScript {script=if (window && window.top) window.top.G_testRunner = null, args=[]}]
三月 23, 2014 4:13:05 下午 org.openqa.selenium.remote.RemoteWebDriver log
[...]
三月 23, 2014 4:13:43 下午 org.openqa.selenium.remote.RemoteWebDriver log
信息: Executed: [77348a09-a50f-b840-8b1f-e0eb017be929, executeScript {script=var tr = window.top.G_testRunner;return !!tr && tr.isFinished();, args=[]}]
三月 23, 2014 4:13:43 下午 org.openqa.selenium.remote.RemoteWebDriver log
信息: Executing: executeScript [77348a09-a50f-b840-8b1f-e0eb017be929, executeScript {script=var tr = window.top.G_testRunner;return !!tr && tr.isSuccess();, args=[]}]
三月 23, 2014 4:13:43 下午 org.openqa.selenium.remote.RemoteWebDriver log
信息: Executed: [77348a09-a50f-b840-8b1f-e0eb017be929, executeScript {script=var tr = window.top.G_testRunner;return !!tr && tr.isSuccess();, args=[]}]
三月 23, 2014 4:13:43 下午 org.openqa.selenium.javascript.ClosureTestStatement evaluate
信息: Running: http://localhost:33655/javascript/atoms/test/useragent_test.html
三月 23, 2014 4:13:43 下午 org.openqa.selenium.remote.RemoteWebDriver log
信息: Executing: maximizeWindow [77348a09-a50f-b840-8b1f-e0eb017be929, maximizeWindow {windowHandle=current}]
三月 23, 2014 4:13:43 下午 org.openqa.selenium.remote.RemoteWebDriver log
信息: Executed: [77348a09-a50f-b840-8b1f-e0eb017be929, maximizeWindow {windowHandle=current}]
三月 23, 2014 4:13:43 下午 org.openqa.selenium.remote.RemoteWebDriver log
信息: Executing: executeScript [77348a09-a50f-b840-8b1f-e0eb017be929, executeScript {script=if (window && window.top) window.top.G_testRunner = null, args=[]}]
三月 23, 2014 4:13:43 下午 org.openqa.selenium.remote.RemoteWebDriver log
信息: Executed: [77348a09-a50f-b840-8b1f-e0eb017be929, executeScript {script=if (window && window.top) window.top.G_testRunner = null, args=[]}]
三月 23, 2014 4:13:43 下午 org.openqa.selenium.remote.RemoteWebDriver log
信息: Executing: get [77348a09-a50f-b840-8b1f-e0eb017be929, get {url=http://localhost:33655/javascript/atoms/test/useragent_test.html}]
三月 23, 2014 4:13:43 下午 org.openqa.selenium.remote.RemoteWebDriver log
信息: Executed: [77348a09-a50f-b840-8b1f-e0eb017be929, get {url=http://localhost:33655/javascript/atoms/test/useragent_test.html}]
三月 23, 2014 4:13:43 下午 org.openqa.selenium.remote.RemoteWebDriver log
信息: Executing: executeScript [77348a09-a50f-b840-8b1f-e0eb017be929, executeScript {script=var tr = window.top.G_testRunner;return !!tr && tr.isFinished();, args=[]}]
三月 23, 2014 4:13:43 下午 org.openqa.selenium.remote.RemoteWebDriver log
信息: Executed: [77348a09-a50f-b840-8b1f-e0eb017be929, executeScript {script=var tr = window.top.G_testRunner;return !!tr && tr.isFinished();, args=[]}]
三月 23, 2014 4:13:44 下午 org.openqa.selenium.remote.RemoteWebDriver log
信息: Executing: executeScript [77348a09-a50f-b840-8b1f-e0eb017be929, executeScript {script=var tr = window.top.G_testRunner;return !!tr && tr.isFinished();, args=[]}]
三月 23, 2014 4:13:44 下午 org.openqa.selenium.remote.RemoteWebDriver log
信息: Executed: [77348a09-a50f-b840-8b1f-e0eb017be929, executeScript {script=var tr = window.top.G_testRunner;return !!tr && tr.isFinished();, args=[]}]
三月 23, 2014 4:13:44 下午 org.openqa.selenium.remote.RemoteWebDriver log
信息: Executing: executeScript [77348a09-a50f-b840-8b1f-e0eb017be929, executeScript {script=var tr = window.top.G_testRunner;return !!tr && tr.isFinished();, args=[]}]
三月 23, 2014 4:13:44 下午 org.openqa.selenium.remote.RemoteWebDriver log
信息: Executed: [77348a09-a50f-b840-8b1f-e0eb017be929, executeScript {script=var tr = window.top.G_testRunner;return !!tr && tr.isFinished();, args=[]}]
三月 23, 2014 4:13:44 下午 org.openqa.selenium.remote.RemoteWebDriver log
信息: Executing: executeScript [77348a09-a50f-b840-8b1f-e0eb017be929, executeScript {script=var tr = window.top.G_testRunner;return !!tr && tr.isFinished();, args=[]}]
三月 23, 2014 4:13:44 下午 org.openqa.selenium.remote.RemoteWebDriver log
信息: Executed: [77348a09-a50f-b840-8b1f-e0eb017be929, executeScript {script=var tr = window.top.G_testRunner;return !!tr && tr.isFinished();, args=[]}]
三月 23, 2014 4:13:44 下午 org.openqa.selenium.remote.RemoteWebDriver log
信息: Executing: executeScript [77348a09-a50f-b840-8b1f-e0eb017be929, executeScript {script=var tr = window.top.G_testRunner;return !!tr && tr.isFinished();, args=[]}]
三月 23, 2014 4:13:44 下午 org.openqa.selenium.remote.RemoteWebDriver log
信息: Executed: [77348a09-a50f-b840-8b1f-e0eb017be929, executeScript {script=var tr = window.top.G_testRunner;return !!tr && tr.isFinished();, args=[]}]
三月 23, 2014 4:13:44 下午 org.openqa.selenium.remote.RemoteWebDriver log
信息: Executing: executeScript [77348a09-a50f-b840-8b1f-e0eb017be929, executeScript {script=var tr = window.top.G_testRunner;return !!tr && tr.isFinished();, args=[]}]
三月 23, 2014 4:13:44 下午 org.openqa.selenium.remote.RemoteWebDriver log
信息: Executed: [77348a09-a50f-b840-8b1f-e0eb017be929, executeScript {script=var tr = window.top.G_testRunner;return !!tr && tr.isFinished();, args=[]}]
三月 23, 2014 4:13:44 下午 org.openqa.selenium.remote.RemoteWebDriver log
信息: Executing: executeScript [77348a09-a50f-b840-8b1f-e0eb017be929, executeScript {script=var tr = window.top.G_testRunner;return !!tr && tr.isSuccess();, args=[]}]
三月 23, 2014 4:13:44 下午 org.openqa.selenium.remote.RemoteWebDriver log
信息: Executed: [77348a09-a50f-b840-8b1f-e0eb017be929, executeScript {script=var tr = window.top.G_testRunner;return !!tr && tr.isSuccess();, args=[]}]
三月 23, 2014 4:13:44 下午 org.openqa.selenium.javascript.ClosureTestStatement evaluate
信息: Running: http://localhost:33655/javascript/atoms/test/window_scroll_into_view_test.html
三月 23, 2014 4:13:44 下午 org.openqa.selenium.remote.RemoteWebDriver log
信息: Executing: maximizeWindow [77348a09-a50f-b840-8b1f-e0eb017be929, maximizeWindow {windowHandle=current}]
三月 23, 2014 4:13:44 下午 org.openqa.selenium.remote.RemoteWebDriver log
信息: Executed: [77348a09-a50f-b840-8b1f-e0eb017be929, maximizeWindow {windowHandle=current}]
三月 23, 2014 4:13:44 下午 org.openqa.selenium.remote.RemoteWebDriver log
信息: Executing: executeScript [77348a09-a50f-b840-8b1f-e0eb017be929, executeScript {script=if (window && window.top) window.top.G_testRunner = null, args=[]}]
三月 23, 2014 4:13:44 下午 org.openqa.selenium.remote.RemoteWebDriver log
信息: Executed: [77348a09-a50f-b840-8b1f-e0eb017be929, executeScript {script=if (window && window.top) window.top.G_testRunner = null, args=[]}]
三月 23, 2014 4:13:44 下午 org.openqa.selenium.remote.RemoteWebDriver log
信息: Executing: get [77348a09-a50f-b840-8b1f-e0eb017be929, get {url=http://localhost:33655/javascript/atoms/test/window_scroll_into_view_test.html}]
三月 23, 2014 4:13:44 下午 org.openqa.selenium.remote.RemoteWebDriver log
信息: Executed: [77348a09-a50f-b840-8b1f-e0eb017be929, get {url=http://localhost:33655/javascript/atoms/test/window_scroll_into_view_test.html}]
三月 23, 2014 4:13:44 下午 org.openqa.selenium.remote.RemoteWebDriver log
信息: Executing: executeScript [77348a09-a50f-b840-8b1f-e0eb017be929, executeScript {script=var tr = window.top.G_testRunner;return !!tr && tr.isFinished();, args=[]}]
三月 23, 2014 4:13:44 下午 org.openqa.selenium.remote.RemoteWebDriver log
信息: Executed: [77348a09-a50f-b840-8b1f-e0eb017be929, executeScript {script=var tr = window.top.G_testRunner;return !!tr && tr.isFinished();, args=[]}]
三月 23, 2014 4:13:44 下午 org.openqa.selenium.remote.RemoteWebDriver log
信息: Executing: executeScript [77348a09-a50f-b840-8b1f-e0eb017be929, executeScript {script=var tr = window.top.G_testRunner;return !!tr && tr.isFinished();, args=[]}]
三月 23, 2014 4:13:44 下午 org.openqa.selenium.remote.RemoteWebDriver log
信息: Executed: [77348a09-a50f-b840-8b1f-e0eb017be929, executeScript {script=var tr = window.top.G_testRunner;return !!tr && tr.isFinished();, args=[]}]
三月 23, 2014 4:13:44 下午 org.openqa.selenium.remote.RemoteWebDriver log
信息: Executing: executeScript [77348a09-a50f-b840-8b1f-e0eb017be929, executeScript {script=var tr = window.top.G_testRunner;return !!tr && tr.isFinished();, args=[]}]
三月 23, 2014 4:13:44 下午 org.openqa.selenium.remote.RemoteWebDriver log
信息: Executed: [77348a09-a50f-b840-8b1f-e0eb017be929, executeScript {script=var tr = window.top.G_testRunner;return !!tr && tr.isFinished();, args=[]}]
三月 23, 2014 4:13:45 下午 org.openqa.selenium.remote.RemoteWebDriver log
信息: Executing: executeScript [77348a09-a50f-b840-8b1f-e0eb017be929, executeScript {script=var tr = window.top.G_testRunner;return !!tr && tr.isFinished();, args=[]}]
三月 23, 2014 4:13:45 下午 org.openqa.selenium.remote.RemoteWebDriver log
信息: Executed: [77348a09-a50f-b840-8b1f-e0eb017be929, executeScript {script=var tr = window.top.G_testRunner;return !!tr && tr.isFinished();, args=[]}]
三月 23, 2014 4:13:45 下午 org.openqa.selenium.remote.RemoteWebDriver log
信息: Executing: executeScript [77348a09-a50f-b840-8b1f-e0eb017be929, executeScript {script=var tr = window.top.G_testRunner;return !!tr && tr.isFinished();, args=[]}]
三月 23, 2014 4:13:45 下午 org.openqa.selenium.remote.RemoteWebDriver log
信息: Executed: [77348a09-a50f-b840-8b1f-e0eb017be929, executeScript {script=var tr = window.top.G_testRunner;return !!tr && tr.isFinished();, args=[]}]
三月 23, 2014 4:13:45 下午 org.openqa.selenium.remote.RemoteWebDriver log
信息: Executing: executeScript [77348a09-a50f-b840-8b1f-e0eb017be929, executeScript {script=var tr = window.top.G_testRunner;return !!tr && tr.isFinished();, args=[]}]
三月 23, 2014 4:13:45 下午 org.openqa.selenium.remote.RemoteWebDriver log
信息: Executed: [77348a09-a50f-b840-8b1f-e0eb017be929, executeScript {script=var tr = window.top.G_testRunner;return !!tr && tr.isFinished();, args=[]}]
三月 23, 2014 4:13:45 下午 org.openqa.selenium.remote.RemoteWebDriver log
信息: Executing: executeScript [77348a09-a50f-b840-8b1f-e0eb017be929, executeScript {script=var tr = window.top.G_testRunner;return !!tr && tr.isSuccess();, args=[]}]
三月 23, 2014 4:13:45 下午 org.openqa.selenium.remote.RemoteWebDriver log
信息: Executed: [77348a09-a50f-b840-8b1f-e0eb017be929, executeScript {script=var tr = window.top.G_testRunner;return !!tr && tr.isSuccess();, args=[]}]
三月 23, 2014 4:13:45 下午 org.openqa.selenium.javascript.ClosureTestStatement evaluate
信息: Running: http://localhost:33655/javascript/atoms/test/window_scroll_test.html
三月 23, 2014 4:13:45 下午 org.openqa.selenium.remote.RemoteWebDriver log
信息: Executing: maximizeWindow [77348a09-a50f-b840-8b1f-e0eb017be929, maximizeWindow {windowHandle=current}]
三月 23, 2014 4:13:45 下午 org.openqa.selenium.remote.RemoteWebDriver log
信息: Executed: [77348a09-a50f-b840-8b1f-e0eb017be929, maximizeWindow {windowHandle=current}]
三月 23, 2014 4:13:45 下午 org.openqa.selenium.remote.RemoteWebDriver log
信息: Executing: executeScript [77348a09-a50f-b840-8b1f-e0eb017be929, executeScript {script=if (window && window.top) window.top.G_testRunner = null, args=[]}]
三月 23, 2014 4:13:45 下午 org.openqa.selenium.remote.RemoteWebDriver log
信息: Executed: [77348a09-a50f-b840-8b1f-e0eb017be929, executeScript {script=if (window && window.top) window.top.G_testRunner = null, args=[]}]
三月 23, 2014 4:13:45 下午 org.openqa.selenium.remote.RemoteWebDriver log
信息: Executing: get [77348a09-a50f-b840-8b1f-e0eb017be929, get {url=http://localhost:33655/javascript/atoms/test/window_scroll_test.html}]
三月 23, 2014 4:13:45 下午 org.openqa.selenium.remote.RemoteWebDriver log
信息: Executed: [77348a09-a50f-b840-8b1f-e0eb017be929, get {url=http://localhost:33655/javascript/atoms/test/window_scroll_test.html}]
三月 23, 2014 4:13:45 下午 org.openqa.selenium.remote.RemoteWebDriver log
信息: Executing: executeScript [77348a09-a50f-b840-8b1f-e0eb017be929, executeScript {script=var tr = window.top.G_testRunner;return !!tr && tr.isFinished();, args=[]}]
三月 23, 2014 4:13:45 下午 org.openqa.selenium.remote.RemoteWebDriver log
信息: Executed: [77348a09-a50f-b840-8b1f-e0eb017be929, executeScript {script=var tr = window.top.G_testRunner;return !!tr && tr.isFinished();, args=[]}]
三月 23, 2014 4:13:45 下午 org.openqa.selenium.remote.RemoteWebDriver log
信息: Executing: executeScript [77348a09-a50f-b840-8b1f-e0eb017be929, executeScript {script=var tr = window.top.G_testRunner;return !!tr && tr.isFinished();, args=[]}]
三月 23, 2014 4:13:45 下午 org.openqa.selenium.remote.RemoteWebDriver log
信息: Executed: [77348a09-a50f-b840-8b1f-e0eb017be929, executeScript {script=var tr = window.top.G_testRunner;return !!tr && tr.isFinished();, args=[]}]
三月 23, 2014 4:13:45 下午 org.openqa.selenium.remote.RemoteWebDriver log
信息: Executing: executeScript [77348a09-a50f-b840-8b1f-e0eb017be929, executeScript {script=var tr = window.top.G_testRunner;return !!tr && tr.isFinished();, args=[]}]
三月 23, 2014 4:13:45 下午 org.openqa.selenium.remote.RemoteWebDriver log
信息: Executed: [77348a09-a50f-b840-8b1f-e0eb017be929, executeScript {script=var tr = window.top.G_testRunner;return !!tr && tr.isFinished();, args=[]}]
三月 23, 2014 4:13:45 下午 org.openqa.selenium.remote.RemoteWebDriver log
信息: Executing: executeScript [77348a09-a50f-b840-8b1f-e0eb017be929, executeScript {script=var tr = window.top.G_testRunner;return !!tr && tr.isFinished();, args=[]}]
三月 23, 2014 4:13:45 下午 org.openqa.selenium.remote.RemoteWebDriver log
信息: Executed: [77348a09-a50f-b840-8b1f-e0eb017be929, executeScript {script=var tr = window.top.G_testRunner;return !!tr && tr.isFinished();, args=[]}]
三月 23, 2014 4:13:45 下午 org.openqa.selenium.remote.RemoteWebDriver log
信息: Executing: executeScript [77348a09-a50f-b840-8b1f-e0eb017be929, executeScript {script=var tr = window.top.G_testRunner;return !!tr && tr.isFinished();, args=[]}]
三月 23, 2014 4:13:45 下午 org.openqa.selenium.remote.RemoteWebDriver log
信息: Executed: [77348a09-a50f-b840-8b1f-e0eb017be929, executeScript {script=var tr = window.top.G_testRunner;return !!tr && tr.isFinished();, args=[]}]
三月 23, 2014 4:13:46 下午 org.openqa.selenium.remote.RemoteWebDriver log
信息: Executing: executeScript [77348a09-a50f-b840-8b1f-e0eb017be929, executeScript {script=var tr = window.top.G_testRunner;return !!tr && tr.isFinished();, args=[]}]
三月 23, 2014 4:13:46 下午 org.openqa.selenium.remote.RemoteWebDriver log
信息: Executed: [77348a09-a50f-b840-8b1f-e0eb017be929, executeScript {script=var tr = window.top.G_testRunner;return !!tr && tr.isFinished();, args=[]}]
三月 23, 2014 4:13:46 下午 org.openqa.selenium.remote.RemoteWebDriver log
信息: Executing: executeScript [77348a09-a50f-b840-8b1f-e0eb017be929, executeScript {script=var tr = window.top.G_testRunner;return !!tr && tr.isSuccess();, args=[]}]
三月 23, 2014 4:13:46 下午 org.openqa.selenium.remote.RemoteWebDriver log
信息: Executed: [77348a09-a50f-b840-8b1f-e0eb017be929, executeScript {script=var tr = window.top.G_testRunner;return !!tr && tr.isSuccess();, args=[]}]
三月 23, 2014 4:13:46 下午 org.openqa.selenium.javascript.ClosureTestStatement evaluate
信息: Running: http://localhost:33655/javascript/atoms/test/window_size_test.html
三月 23, 2014 4:13:46 下午 org.openqa.selenium.remote.RemoteWebDriver log
信息: Executing: maximizeWindow [77348a09-a50f-b840-8b1f-e0eb017be929, maximizeWindow {windowHandle=current}]
三月 23, 2014 4:13:46 下午 org.openqa.selenium.remote.RemoteWebDriver log
信息: Executed: [77348a09-a50f-b840-8b1f-e0eb017be929, maximizeWindow {windowHandle=current}]
三月 23, 2014 4:13:46 下午 org.openqa.selenium.remote.RemoteWebDriver log
信息: Executing: executeScript [77348a09-a50f-b840-8b1f-e0eb017be929, executeScript {script=if (window && window.top) window.top.G_testRunner = null, args=[]}]
三月 23, 2014 4:13:46 下午 org.openqa.selenium.remote.RemoteWebDriver log
信息: Executed: [77348a09-a50f-b840-8b1f-e0eb017be929, executeScript {script=if (window && window.top) window.top.G_testRunner = null, args=[]}]
三月 23, 2014 4:13:46 下午 org.openqa.selenium.remote.RemoteWebDriver log
信息: Executing: get [77348a09-a50f-b840-8b1f-e0eb017be929, get {url=http://localhost:33655/javascript/atoms/test/window_size_test.html}]
三月 23, 2014 4:13:46 下午 org.openqa.selenium.remote.RemoteWebDriver log
信息: Executed: [77348a09-a50f-b840-8b1f-e0eb017be929, get {url=http://localhost:33655/javascript/atoms/test/window_size_test.html}]
三月 23, 2014 4:13:46 下午 org.openqa.selenium.remote.RemoteWebDriver log
信息: Executing: executeScript [77348a09-a50f-b840-8b1f-e0eb017be929, executeScript {script=var tr = window.top.G_testRunner;return !!tr && tr.isFinished();, args=[]}]
三月 23, 2014 4:13:46 下午 org.openqa.selenium.remote.RemoteWebDriver log
信息: Executed: [77348a09-a50f-b840-8b1f-e0eb017be929, executeScript {script=var tr = window.top.G_testRunner;return !!tr && tr.isFinished();, args=[]}]
三月 23, 2014 4:13:46 下午 org.openqa.selenium.remote.RemoteWebDriver log
信息: Executing: executeScript [77348a09-a50f-b840-8b1f-e0eb017be929, executeScript {script=var tr = window.top.G_testRunner;return !!tr && tr.isFinished();, args=[]}]
三月 23, 2014 4:13:46 下午 org.openqa.selenium.remote.RemoteWebDriver log
信息: Executed: [77348a09-a50f-b840-8b1f-e0eb017be929, executeScript {script=var tr = window.top.G_testRunner;return !!tr && tr.isFinished();, args=[]}]
三月 23, 2014 4:13:46 下午 org.openqa.selenium.remote.RemoteWebDriver log
信息: Executing: executeScript [77348a09-a50f-b840-8b1f-e0eb017be929, executeScript {script=var tr = window.top.G_testRunner;return !!tr && tr.isFinished();, args=[]}]
三月 23, 2014 4:13:46 下午 org.openqa.selenium.remote.RemoteWebDriver log
信息: Executed: [77348a09-a50f-b840-8b1f-e0eb017be929, executeScript {script=var tr = window.top.G_testRunner;return !!tr && tr.isFinished();, args=[]}]
三月 23, 2014 4:13:46 下午 org.openqa.selenium.remote.RemoteWebDriver log
信息: Executing: executeScript [77348a09-a50f-b840-8b1f-e0eb017be929, executeScript {script=var tr = window.top.G_testRunner;return !!tr && tr.isFinished();, args=[]}]
三月 23, 2014 4:13:46 下午 org.openqa.selenium.remote.RemoteWebDriver log
信息: Executed: [77348a09-a50f-b840-8b1f-e0eb017be929, executeScript {script=var tr = window.top.G_testRunner;return !!tr && tr.isFinished();, args=[]}]
三月 23, 2014 4:13:46 下午 org.openqa.selenium.remote.RemoteWebDriver log
信息: Executing: executeScript [77348a09-a50f-b840-8b1f-e0eb017be929, executeScript {script=var tr = window.top.G_testRunner;return !!tr && tr.isFinished();, args=[]}]
三月 23, 2014 4:13:46 下午 org.openqa.selenium.remote.RemoteWebDriver log
信息: Executed: [77348a09-a50f-b840-8b1f-e0eb017be929, executeScript {script=var tr = window.top.G_testRunner;return !!tr && tr.isFinished();, args=[]}]
三月 23, 2014 4:13:46 下午 org.openqa.selenium.remote.RemoteWebDriver log
信息: Executing: executeScript [77348a09-a50f-b840-8b1f-e0eb017be929, executeScript {script=var tr = window.top.G_testRunner;return !!tr && tr.isFinished();, args=[]}]
三月 23, 2014 4:13:47 下午 org.openqa.selenium.remote.RemoteWebDriver log
信息: Executed: [77348a09-a50f-b840-8b1f-e0eb017be929, executeScript {script=var tr = window.top.G_testRunner;return !!tr && tr.isFinished();, args=[]}]
三月 23, 2014 4:13:47 下午 org.openqa.selenium.remote.RemoteWebDriver log
信息: Executing: executeScript [77348a09-a50f-b840-8b1f-e0eb017be929, executeScript {script=var tr = window.top.G_testRunner;return !!tr && tr.isSuccess();, args=[]}]
三月 23, 2014 4:13:47 下午 org.openqa.selenium.remote.RemoteWebDriver log
信息: Executed: [77348a09-a50f-b840-8b1f-e0eb017be929, executeScript {script=var tr = window.top.G_testRunner;return !!tr && tr.isSuccess();, args=[]}]
2014-03-23 16:13:47.086:INFO:osjsh.ContextHandler:stopped o.s.j.s.ServletContextHandler{/third_party/js,file:/Users/lingzhixiang/codes/seleniumsource/selenium/third_party/js/}
2014-03-23 16:13:47.086:INFO:osjsh.ContextHandler:stopped o.s.j.s.ServletContextHandler{/third_party/closure/goog,file:/Users/lingzhixiang/codes/seleniumsource/selenium/third_party/closure/goog/}
2014-03-23 16:13:47.086:INFO:osjsh.ContextHandler:stopped o.s.j.s.ServletContextHandler{/javascript,file:/Users/lingzhixiang/codes/seleniumsource/selenium/javascript/}
2014-03-23 16:13:47.086:INFO:osjsh.ContextHandler:stopped o.s.j.s.ServletContextHandler{/common,file:/Users/lingzhixiang/codes/seleniumsource/selenium/common/src/web/}
三月 23, 2014 4:13:47 下午 org.openqa.selenium.remote.RemoteWebDriver log
信息: Executing: quit [77348a09-a50f-b840-8b1f-e0eb017be929, quit {}]
三月 23, 2014 4:13:47 下午 org.openqa.selenium.remote.RemoteWebDriver log
信息: Executed: [77348a09-a50f-b840-8b1f-e0eb017be929, quit {}]
]]></system-err>
</testsuite>
